2024-12-10 11:09:14.1949 INFO Breakthru Beverage Location Exporter v1.0.1.0 
2024-12-10 11:09:14.2293 INFO      Connecting to RNA Server... 
2024-12-10 11:09:16.3295 DEBUG ConnectionService.InitAsync[Full-Login-Call] - Completed in 1974 
2024-12-10 11:09:16.3470 DEBUG ConnectionService.InitAsync[Query Service Construction] - Completed in 17 
2024-12-10 11:09:17.9134 DEBUG ConnectionService.InitAsync[Retrieve-Regions-Call] - Completed in 1566 
2024-12-10 11:09:18.2055 DEBUG ConnectionService.InitAsync[Retrieve-BusinessUnits-Call] - Completed in 290 
2024-12-10 11:09:18.3703 DEBUG ConnectionService.InitAsync[Retrieve-URLs-Call] - Completed in 164 
2024-12-10 11:09:18.4082 DEBUG ConnectionService.InitAsync - Completed in 4127 
2024-12-10 11:09:18.4350 INFO      Connected Successfully to RNA Server. Elapsed Seconds: 4.2053995 
2024-12-10 11:11:02.9294 INFO Breakthru Beverage Location Exporter v1.0.1.0 
2024-12-10 11:11:02.9554 INFO      Connecting to RNA Server... 
2024-12-10 11:11:05.1354 DEBUG ConnectionService.InitAsync[Full-Login-Call] - Completed in 2075 
2024-12-10 11:11:05.1549 DEBUG ConnectionService.InitAsync[Query Service Construction] - Completed in 18 
2024-12-10 11:11:06.3177 DEBUG ConnectionService.InitAsync[Retrieve-Regions-Call] - Completed in 1162 
2024-12-10 11:11:06.5360 DEBUG ConnectionService.InitAsync[Retrieve-BusinessUnits-Call] - Completed in 216 
2024-12-10 11:11:06.6943 DEBUG ConnectionService.InitAsync[Retrieve-URLs-Call] - Completed in 157 
2024-12-10 11:11:06.7381 DEBUG ConnectionService.InitAsync - Completed in 3755 
2024-12-10 11:11:06.7564 INFO      Connected Successfully to RNA Server. Elapsed Seconds: 3.8009102 
2024-12-10 11:11:40.2026 DEBUG RetrieverService.RetrieveAllAsync[ServiceLocation page 0] - Completed in 2405 
2024-12-10 11:11:41.9134 DEBUG RetrieverService.RetrieveAllAsync[ServiceLocation page 1] - Completed in 1709 
2024-12-10 11:11:43.6173 DEBUG RetrieverService.RetrieveAllAsync[ServiceLocation page 2] - Completed in 1703 
2024-12-10 11:11:45.3872 DEBUG RetrieverService.RetrieveAllAsync[ServiceLocation page 3] - Completed in 1769 
2024-12-10 11:11:47.0331 DEBUG RetrieverService.RetrieveAllAsync[ServiceLocation page 4] - Completed in 1645 
2024-12-10 11:11:48.8582 DEBUG RetrieverService.RetrieveAllAsync[ServiceLocation page 5] - Completed in 1824 
2024-12-10 11:11:50.4874 DEBUG RetrieverService.RetrieveAllAsync[ServiceLocation page 6] - Completed in 1628 
2024-12-10 11:11:52.3683 DEBUG RetrieverService.RetrieveAllAsync[ServiceLocation page 7] - Completed in 1880 
2024-12-10 11:11:54.1613 DEBUG RetrieverService.RetrieveAllAsync[ServiceLocation page 8] - Completed in 1792 
2024-12-10 11:11:55.9757 DEBUG RetrieverService.RetrieveAllAsync[ServiceLocation page 9] - Completed in 1814 
2024-12-10 11:11:57.7403 DEBUG RetrieverService.RetrieveAllAsync[ServiceLocation page 10] - Completed in 1764 
2024-12-10 11:11:59.4940 DEBUG RetrieverService.RetrieveAllAsync[ServiceLocation page 11] - Completed in 1753 
2024-12-10 11:12:01.3016 DEBUG RetrieverService.RetrieveAllAsync[ServiceLocation page 12] - Completed in 1807 
2024-12-10 11:12:03.0358 DEBUG RetrieverService.RetrieveAllAsync[ServiceLocation page 13] - Completed in 1733 
2024-12-10 11:12:04.7765 DEBUG RetrieverService.RetrieveAllAsync[ServiceLocation page 14] - Completed in 1740 
2024-12-10 11:12:06.5485 DEBUG RetrieverService.RetrieveAllAsync[ServiceLocation page 15] - Completed in 1771 
2024-12-10 11:12:08.2587 DEBUG RetrieverService.RetrieveAllAsync[ServiceLocation page 16] - Completed in 1710 
2024-12-10 11:12:10.0521 DEBUG RetrieverService.RetrieveAllAsync[ServiceLocation page 17] - Completed in 1792 
2024-12-10 11:12:11.7934 DEBUG RetrieverService.RetrieveAllAsync[ServiceLocation page 18] - Completed in 1741 
2024-12-10 11:12:13.4954 DEBUG RetrieverService.RetrieveAllAsync[ServiceLocation page 19] - Completed in 1701 
2024-12-10 11:12:15.2080 DEBUG RetrieverService.RetrieveAllAsync[ServiceLocation page 20] - Completed in 1712 
2024-12-10 11:12:16.9987 DEBUG RetrieverService.RetrieveAllAsync[ServiceLocation page 21] - Completed in 1790 
2024-12-10 11:12:18.6914 DEBUG RetrieverService.RetrieveAllAsync[ServiceLocation page 22] - Completed in 1692 
2024-12-10 11:12:20.4472 DEBUG RetrieverService.RetrieveAllAsync[ServiceLocation page 23] - Completed in 1754 
2024-12-10 11:12:22.2577 DEBUG RetrieverService.RetrieveAllAsync[ServiceLocation page 24] - Completed in 1809 
2024-12-10 11:12:23.9624 DEBUG RetrieverService.RetrieveAllAsync[ServiceLocation page 25] - Completed in 1704 
2024-12-10 11:12:25.6519 DEBUG RetrieverService.RetrieveAllAsync[ServiceLocation page 26] - Completed in 1689 
2024-12-10 11:12:27.2109 DEBUG RetrieverService.RetrieveAllAsync[ServiceLocation page 27] - Completed in 1558 
2024-12-10 11:12:28.7628 DEBUG RetrieverService.RetrieveAllAsync[ServiceLocation page 28] - Completed in 1550 
2024-12-10 11:12:30.4146 DEBUG RetrieverService.RetrieveAllAsync[ServiceLocation page 29] - Completed in 1651 
2024-12-10 11:12:32.0115 DEBUG RetrieverService.RetrieveAllAsync[ServiceLocation page 30] - Completed in 1596 
2024-12-10 11:12:33.5653 DEBUG RetrieverService.RetrieveAllAsync[ServiceLocation page 31] - Completed in 1553 
2024-12-10 11:12:35.1782 DEBUG RetrieverService.RetrieveAllAsync[ServiceLocation page 32] - Completed in 1612 
2024-12-10 11:12:37.0216 DEBUG RetrieverService.RetrieveAllAsync[ServiceLocation page 33] - Completed in 1843 
2024-12-10 11:12:38.6681 DEBUG RetrieverService.RetrieveAllAsync[ServiceLocation page 34] - Completed in 1646 
2024-12-10 11:12:40.3047 DEBUG RetrieverService.RetrieveAllAsync[ServiceLocation page 35] - Completed in 1635 
2024-12-10 11:12:41.9085 DEBUG RetrieverService.RetrieveAllAsync[ServiceLocation page 36] - Completed in 1602 
2024-12-10 11:12:43.5710 DEBUG RetrieverService.RetrieveAllAsync[ServiceLocation page 37] - Completed in 1662 
2024-12-10 11:12:45.2418 DEBUG RetrieverService.RetrieveAllAsync[ServiceLocation page 38] - Completed in 1670 
2024-12-10 11:12:46.9489 DEBUG RetrieverService.RetrieveAllAsync[ServiceLocation page 39] - Completed in 1707 
2024-12-10 11:12:48.6484 DEBUG RetrieverService.RetrieveAllAsync[ServiceLocation page 40] - Completed in 1698 
2024-12-10 11:12:50.3154 DEBUG RetrieverService.RetrieveAllAsync[ServiceLocation page 41] - Completed in 1667 
2024-12-10 11:12:51.9694 DEBUG RetrieverService.RetrieveAllAsync[ServiceLocation page 42] - Completed in 1653 
2024-12-10 11:12:53.6693 DEBUG RetrieverService.RetrieveAllAsync[ServiceLocation page 43] - Completed in 1699 
2024-12-10 11:12:55.2818 DEBUG RetrieverService.RetrieveAllAsync[ServiceLocation page 44] - Completed in 1611 
2024-12-10 11:12:56.9505 DEBUG RetrieverService.RetrieveAllAsync[ServiceLocation page 45] - Completed in 1669 
2024-12-10 11:12:58.6414 DEBUG RetrieverService.RetrieveAllAsync[ServiceLocation page 46] - Completed in 1689 
2024-12-10 11:13:00.3312 DEBUG RetrieverService.RetrieveAllAsync[ServiceLocation page 47] - Completed in 1689 
2024-12-10 11:13:01.9879 DEBUG RetrieverService.RetrieveAllAsync[ServiceLocation page 48] - Completed in 1656 
2024-12-10 11:13:03.6164 DEBUG RetrieverService.RetrieveAllAsync[ServiceLocation page 49] - Completed in 1628 
2024-12-10 11:13:05.3646 DEBUG RetrieverService.RetrieveAllAsync[ServiceLocation page 50] - Completed in 1747 
2024-12-10 11:13:07.0394 DEBUG RetrieverService.RetrieveAllAsync[ServiceLocation page 51] - Completed in 1675 
2024-12-10 11:13:08.7641 DEBUG RetrieverService.RetrieveAllAsync[ServiceLocation page 52] - Completed in 1723 
2024-12-10 11:13:10.6119 DEBUG RetrieverService.RetrieveAllAsync[ServiceLocation page 53] - Completed in 1847 
2024-12-10 11:13:12.3478 DEBUG RetrieverService.RetrieveAllAsync[ServiceLocation page 54] - Completed in 1736 
2024-12-10 11:13:13.9556 DEBUG RetrieverService.RetrieveAllAsync[ServiceLocation page 55] - Completed in 1606 
2024-12-10 11:13:15.6549 DEBUG RetrieverService.RetrieveAllAsync[ServiceLocation page 56] - Completed in 1699 
2024-12-10 11:13:17.4052 DEBUG RetrieverService.RetrieveAllAsync[ServiceLocation page 57] - Completed in 1750 
2024-12-10 11:13:19.0745 DEBUG RetrieverService.RetrieveAllAsync[ServiceLocation page 58] - Completed in 1668 
2024-12-10 11:13:20.7792 DEBUG RetrieverService.RetrieveAllAsync[ServiceLocation page 59] - Completed in 1704 
2024-12-10 11:13:22.4576 DEBUG RetrieverService.RetrieveAllAsync[ServiceLocation page 60] - Completed in 1677 
2024-12-10 11:13:24.0715 DEBUG RetrieverService.RetrieveAllAsync[ServiceLocation page 61] - Completed in 1613 
2024-12-10 11:13:25.7241 DEBUG RetrieverService.RetrieveAllAsync[ServiceLocation page 62] - Completed in 1651 
2024-12-10 11:13:27.4752 DEBUG RetrieverService.RetrieveAllAsync[ServiceLocation page 63] - Completed in 1750 
2024-12-10 11:13:29.1345 DEBUG RetrieverService.RetrieveAllAsync[ServiceLocation page 64] - Completed in 1659 
2024-12-10 11:13:30.8705 DEBUG RetrieverService.RetrieveAllAsync[ServiceLocation page 65] - Completed in 1736 
2024-12-10 11:13:32.7000 DEBUG RetrieverService.RetrieveAllAsync[ServiceLocation page 66] - Completed in 1828 
2024-12-10 11:13:34.3879 DEBUG RetrieverService.RetrieveAllAsync[ServiceLocation page 67] - Completed in 1688 
2024-12-10 11:13:36.3253 DEBUG RetrieverService.RetrieveAllAsync[ServiceLocation page 68] - Completed in 1936 
2024-12-10 11:13:37.9611 DEBUG RetrieverService.RetrieveAllAsync[ServiceLocation page 69] - Completed in 1636 
2024-12-10 11:13:39.6850 DEBUG RetrieverService.RetrieveAllAsync[ServiceLocation page 70] - Completed in 1723 
2024-12-10 11:13:41.2864 DEBUG RetrieverService.RetrieveAllAsync[ServiceLocation page 71] - Completed in 1600 
2024-12-10 11:13:42.8650 DEBUG RetrieverService.RetrieveAllAsync[ServiceLocation page 72] - Completed in 1578 
2024-12-10 11:13:44.7364 DEBUG RetrieverService.RetrieveAllAsync[ServiceLocation page 73] - Completed in 1870 
2024-12-10 11:13:46.5895 DEBUG RetrieverService.RetrieveAllAsync[ServiceLocation page 74] - Completed in 1851 
2024-12-10 11:13:48.2780 DEBUG RetrieverService.RetrieveAllAsync[ServiceLocation page 75] - Completed in 1688 
2024-12-10 11:13:50.0180 DEBUG RetrieverService.RetrieveAllAsync[ServiceLocation page 76] - Completed in 1740 
2024-12-10 11:13:51.7108 DEBUG RetrieverService.RetrieveAllAsync[ServiceLocation page 77] - Completed in 1691 
2024-12-10 11:13:53.9702 DEBUG RetrieverService.RetrieveAllAsync[ServiceLocation page 78] - Completed in 2259 
2024-12-10 11:13:55.5286 DEBUG RetrieverService.RetrieveAllAsync[ServiceLocation page 79] - Completed in 1557 
2024-12-10 11:13:57.8028 DEBUG RetrieverService.RetrieveAllAsync[ServiceLocation page 80] - Completed in 2274 
2024-12-10 11:13:59.9426 DEBUG RetrieverService.RetrieveAllAsync[ServiceLocation page 81] - Completed in 2139 
2024-12-10 11:14:02.1599 DEBUG RetrieverService.RetrieveAllAsync[ServiceLocation page 82] - Completed in 2216 
2024-12-10 11:14:03.8201 DEBUG RetrieverService.RetrieveAllAsync[ServiceLocation page 83] - Completed in 1660 
2024-12-10 11:14:05.7802 DEBUG RetrieverService.RetrieveAllAsync[ServiceLocation page 84] - Completed in 1959 
2024-12-10 11:14:07.8668 DEBUG RetrieverService.RetrieveAllAsync[ServiceLocation page 85] - Completed in 2085 
2024-12-10 11:14:09.5676 DEBUG RetrieverService.RetrieveAllAsync[ServiceLocation page 86] - Completed in 1701 
2024-12-10 11:14:11.1444 DEBUG RetrieverService.RetrieveAllAsync[ServiceLocation page 87] - Completed in 1575 
2024-12-10 11:14:12.7993 DEBUG RetrieverService.RetrieveAllAsync[ServiceLocation page 88] - Completed in 1655 
2024-12-10 11:14:14.4616 DEBUG RetrieverService.RetrieveAllAsync[ServiceLocation page 89] - Completed in 1662 
2024-12-10 11:14:16.2124 DEBUG RetrieverService.RetrieveAllAsync[ServiceLocation page 90] - Completed in 1750 
2024-12-10 11:14:17.9449 DEBUG RetrieverService.RetrieveAllAsync[ServiceLocation page 91] - Completed in 1732 
2024-12-10 11:14:19.6801 DEBUG RetrieverService.RetrieveAllAsync[ServiceLocation page 92] - Completed in 1734 
2024-12-10 11:14:21.4580 DEBUG RetrieverService.RetrieveAllAsync[ServiceLocation page 93] - Completed in 1777 
2024-12-10 11:14:23.1344 DEBUG RetrieverService.RetrieveAllAsync[ServiceLocation page 94] - Completed in 1676 
2024-12-10 11:14:24.7996 DEBUG RetrieverService.RetrieveAllAsync[ServiceLocation page 95] - Completed in 1663 
2024-12-10 11:14:26.4353 DEBUG RetrieverService.RetrieveAllAsync[ServiceLocation page 96] - Completed in 1635 
2024-12-10 11:14:28.0287 DEBUG RetrieverService.RetrieveAllAsync[ServiceLocation page 97] - Completed in 1593 
2024-12-10 11:14:29.6198 DEBUG RetrieverService.RetrieveAllAsync[ServiceLocation page 98] - Completed in 1590 
2024-12-10 11:14:31.3123 DEBUG RetrieverService.RetrieveAllAsync[ServiceLocation page 99] - Completed in 1691 
2024-12-10 11:14:33.9517 DEBUG RetrieverService.RetrieveAllAsync[ServiceLocation page 100] - Completed in 2638 
2024-12-10 11:14:35.5652 DEBUG RetrieverService.RetrieveAllAsync[ServiceLocation page 101] - Completed in 1614 
2024-12-10 11:14:37.1200 DEBUG RetrieverService.RetrieveAllAsync[ServiceLocation page 102] - Completed in 1553 
2024-12-10 11:14:38.7431 DEBUG RetrieverService.RetrieveAllAsync[ServiceLocation page 103] - Completed in 1623 
2024-12-10 11:14:40.2822 DEBUG RetrieverService.RetrieveAllAsync[ServiceLocation page 104] - Completed in 1538 
2024-12-10 11:14:41.8720 DEBUG RetrieverService.RetrieveAllAsync[ServiceLocation page 105] - Completed in 1589 
2024-12-10 11:14:43.4353 DEBUG RetrieverService.RetrieveAllAsync[ServiceLocation page 106] - Completed in 1562 
2024-12-10 11:14:45.1049 DEBUG RetrieverService.RetrieveAllAsync[ServiceLocation page 107] - Completed in 1669 
2024-12-10 11:14:46.6987 DEBUG RetrieverService.RetrieveAllAsync[ServiceLocation page 108] - Completed in 1593 
2024-12-10 11:14:48.3304 DEBUG RetrieverService.RetrieveAllAsync[ServiceLocation page 109] - Completed in 1631 
2024-12-10 11:14:50.0800 DEBUG RetrieverService.RetrieveAllAsync[ServiceLocation page 110] - Completed in 1749 
2024-12-10 11:14:51.6772 DEBUG RetrieverService.RetrieveAllAsync[ServiceLocation page 111] - Completed in 1595 
2024-12-10 11:14:53.2865 DEBUG RetrieverService.RetrieveAllAsync[ServiceLocation page 112] - Completed in 1609 
2024-12-10 11:14:54.9581 DEBUG RetrieverService.RetrieveAllAsync[ServiceLocation page 113] - Completed in 1670 
2024-12-10 11:14:56.6716 DEBUG RetrieverService.RetrieveAllAsync[ServiceLocation page 114] - Completed in 1713 
2024-12-10 11:14:58.4153 DEBUG RetrieverService.RetrieveAllAsync[ServiceLocation page 115] - Completed in 1742 
2024-12-10 11:15:00.3406 DEBUG RetrieverService.RetrieveAllAsync[ServiceLocation page 116] - Completed in 1924 
2024-12-10 11:15:10.4324 DEBUG RetrieverService.RetrieveAllAsync[ServiceLocation page 117] - Completed in 10091 
2024-12-10 11:15:12.1068 DEBUG RetrieverService.RetrieveAllAsync[ServiceLocation page 118] - Completed in 1673 
2024-12-10 11:15:13.7543 DEBUG RetrieverService.RetrieveAllAsync[ServiceLocation page 119] - Completed in 1646 
2024-12-10 11:15:15.4454 DEBUG RetrieverService.RetrieveAllAsync[ServiceLocation page 120] - Completed in 1691 
2024-12-10 11:15:17.1573 DEBUG RetrieverService.RetrieveAllAsync[ServiceLocation page 121] - Completed in 1710 
2024-12-10 11:15:18.8204 DEBUG RetrieverService.RetrieveAllAsync[ServiceLocation page 122] - Completed in 1663 
2024-12-10 11:15:20.4928 DEBUG RetrieverService.RetrieveAllAsync[ServiceLocation page 123] - Completed in 1671 
2024-12-10 11:15:22.2015 DEBUG RetrieverService.RetrieveAllAsync[ServiceLocation page 124] - Completed in 1708 
2024-12-10 11:15:23.8704 DEBUG RetrieverService.RetrieveAllAsync[ServiceLocation page 125] - Completed in 1669 
2024-12-10 11:15:25.5373 DEBUG RetrieverService.RetrieveAllAsync[ServiceLocation page 126] - Completed in 1666 
2024-12-10 11:15:27.1771 DEBUG RetrieverService.RetrieveAllAsync[ServiceLocation page 127] - Completed in 1639 
2024-12-10 11:15:28.8719 DEBUG RetrieverService.RetrieveAllAsync[ServiceLocation page 128] - Completed in 1694 
2024-12-10 11:15:30.5202 DEBUG RetrieverService.RetrieveAllAsync[ServiceLocation page 129] - Completed in 1647 
2024-12-10 11:15:32.2591 DEBUG RetrieverService.RetrieveAllAsync[ServiceLocation page 130] - Completed in 1739 
2024-12-10 11:15:33.8720 DEBUG RetrieverService.RetrieveAllAsync[ServiceLocation page 131] - Completed in 1611 
2024-12-10 11:15:35.4809 DEBUG RetrieverService.RetrieveAllAsync[ServiceLocation page 132] - Completed in 1607 
2024-12-10 11:15:37.0645 DEBUG RetrieverService.RetrieveAllAsync[ServiceLocation page 133] - Completed in 1583 
2024-12-10 11:15:38.7297 DEBUG RetrieverService.RetrieveAllAsync[ServiceLocation page 134] - Completed in 1665 
2024-12-10 11:15:40.4485 DEBUG RetrieverService.RetrieveAllAsync[ServiceLocation page 135] - Completed in 1718 
2024-12-10 11:15:42.0782 DEBUG RetrieverService.RetrieveAllAsync[ServiceLocation page 136] - Completed in 1628 
2024-12-10 11:15:43.7386 DEBUG RetrieverService.RetrieveAllAsync[ServiceLocation page 137] - Completed in 1660 
2024-12-10 11:15:45.4362 DEBUG RetrieverService.RetrieveAllAsync[ServiceLocation page 138] - Completed in 1696 
2024-12-10 11:15:47.0708 DEBUG RetrieverService.RetrieveAllAsync[ServiceLocation page 139] - Completed in 1634 
2024-12-10 11:15:48.7601 DEBUG RetrieverService.RetrieveAllAsync[ServiceLocation page 140] - Completed in 1688 
2024-12-10 11:15:50.3787 DEBUG RetrieverService.RetrieveAllAsync[ServiceLocation page 141] - Completed in 1618 
2024-12-10 11:15:52.1072 DEBUG RetrieverService.RetrieveAllAsync[ServiceLocation page 142] - Completed in 1727 
2024-12-10 11:15:54.1076 DEBUG RetrieverService.RetrieveAllAsync[ServiceLocation page 143] - Completed in 2000 
2024-12-10 11:15:55.7881 DEBUG RetrieverService.RetrieveAllAsync[ServiceLocation page 144] - Completed in 1679 
2024-12-10 11:15:57.5851 DEBUG RetrieverService.RetrieveAllAsync[ServiceLocation page 145] - Completed in 1797 
2024-12-10 11:15:59.2790 DEBUG RetrieverService.RetrieveAllAsync[ServiceLocation page 146] - Completed in 1693 
2024-12-10 11:16:02.0091 DEBUG RetrieverService.RetrieveAllAsync[ServiceLocation page 147] - Completed in 2729 
2024-12-10 11:16:03.5966 DEBUG RetrieverService.RetrieveAllAsync[ServiceLocation page 148] - Completed in 1587 
2024-12-10 11:16:05.2750 DEBUG RetrieverService.RetrieveAllAsync[ServiceLocation page 149] - Completed in 1678 
2024-12-10 11:16:06.8835 DEBUG RetrieverService.RetrieveAllAsync[ServiceLocation page 150] - Completed in 1608 
2024-12-10 11:16:08.6806 DEBUG RetrieverService.RetrieveAllAsync[ServiceLocation page 151] - Completed in 1796 
2024-12-10 11:16:10.9660 DEBUG RetrieverService.RetrieveAllAsync[ServiceLocation page 152] - Completed in 2284 
2024-12-10 11:16:12.6573 DEBUG RetrieverService.RetrieveAllAsync[ServiceLocation page 153] - Completed in 1690 
2024-12-10 11:16:14.2770 DEBUG RetrieverService.RetrieveAllAsync[ServiceLocation page 154] - Completed in 1620 
2024-12-10 11:16:15.9484 DEBUG RetrieverService.RetrieveAllAsync[ServiceLocation page 155] - Completed in 1671 
2024-12-10 11:16:17.6430 DEBUG RetrieverService.RetrieveAllAsync[ServiceLocation page 156] - Completed in 1693 
2024-12-10 11:16:19.3554 DEBUG RetrieverService.RetrieveAllAsync[ServiceLocation page 157] - Completed in 1711 
2024-12-10 11:16:21.0405 DEBUG RetrieverService.RetrieveAllAsync[ServiceLocation page 158] - Completed in 1684 
2024-12-10 11:16:22.6294 DEBUG RetrieverService.RetrieveAllAsync[ServiceLocation page 159] - Completed in 1588 
2024-12-10 11:16:24.2486 DEBUG RetrieverService.RetrieveAllAsync[ServiceLocation page 160] - Completed in 1619 
2024-12-10 11:16:25.8495 DEBUG RetrieverService.RetrieveAllAsync[ServiceLocation page 161] - Completed in 1600 
2024-12-10 11:16:27.4771 DEBUG RetrieverService.RetrieveAllAsync[ServiceLocation page 162] - Completed in 1627 
2024-12-10 11:16:29.1448 DEBUG RetrieverService.RetrieveAllAsync[ServiceLocation page 163] - Completed in 1667 
2024-12-10 11:16:30.7715 DEBUG RetrieverService.RetrieveAllAsync[ServiceLocation page 164] - Completed in 1625 
2024-12-10 11:16:32.3349 DEBUG RetrieverService.RetrieveAllAsync[ServiceLocation page 165] - Completed in 1563 
2024-12-10 11:16:34.0705 DEBUG RetrieverService.RetrieveAllAsync[ServiceLocation page 166] - Completed in 1734 
2024-12-10 11:16:35.8996 DEBUG RetrieverService.RetrieveAllAsync[ServiceLocation page 167] - Completed in 1828 
2024-12-10 11:16:37.5066 DEBUG RetrieverService.RetrieveAllAsync[ServiceLocation page 168] - Completed in 1606 
2024-12-10 11:16:39.4591 DEBUG RetrieverService.RetrieveAllAsync[ServiceLocation page 169] - Completed in 1951 
2024-12-10 11:16:41.3711 DEBUG RetrieverService.RetrieveAllAsync[ServiceLocation page 170] - Completed in 1912 
2024-12-10 11:16:43.2806 DEBUG RetrieverService.RetrieveAllAsync[ServiceLocation page 171] - Completed in 1908 
2024-12-10 11:16:44.9113 DEBUG RetrieverService.RetrieveAllAsync[ServiceLocation page 172] - Completed in 1631 
2024-12-10 11:16:46.4853 DEBUG RetrieverService.RetrieveAllAsync[ServiceLocation page 173] - Completed in 1573 
2024-12-10 11:16:48.1749 DEBUG RetrieverService.RetrieveAllAsync[ServiceLocation page 174] - Completed in 1688 
2024-12-10 11:16:49.8015 DEBUG RetrieverService.RetrieveAllAsync[ServiceLocation page 175] - Completed in 1626 
2024-12-10 11:16:51.3520 DEBUG RetrieverService.RetrieveAllAsync[ServiceLocation page 176] - Completed in 1550 
2024-12-10 11:16:53.0565 DEBUG RetrieverService.RetrieveAllAsync[ServiceLocation page 177] - Completed in 1703 
2024-12-10 11:16:54.6230 DEBUG RetrieverService.RetrieveAllAsync[ServiceLocation page 178] - Completed in 1566 
2024-12-10 11:16:56.2466 DEBUG RetrieverService.RetrieveAllAsync[ServiceLocation page 179] - Completed in 1623 
2024-12-10 11:16:57.9079 DEBUG RetrieverService.RetrieveAllAsync[ServiceLocation page 180] - Completed in 1660 
2024-12-10 11:16:59.5407 DEBUG RetrieverService.RetrieveAllAsync[ServiceLocation page 181] - Completed in 1632 
2024-12-10 11:17:01.1960 DEBUG RetrieverService.RetrieveAllAsync[ServiceLocation page 182] - Completed in 1654 
2024-12-10 11:17:02.8063 DEBUG RetrieverService.RetrieveAllAsync[ServiceLocation page 183] - Completed in 1609 
2024-12-10 11:17:04.6164 DEBUG RetrieverService.RetrieveAllAsync[ServiceLocation page 184] - Completed in 1810 
2024-12-10 11:17:06.3609 DEBUG RetrieverService.RetrieveAllAsync[ServiceLocation page 185] - Completed in 1743 
2024-12-10 11:17:08.0354 DEBUG RetrieverService.RetrieveAllAsync[ServiceLocation page 186] - Completed in 1674 
2024-12-10 11:17:09.8139 DEBUG RetrieverService.RetrieveAllAsync[ServiceLocation page 187] - Completed in 1777 
2024-12-10 11:17:11.6266 DEBUG RetrieverService.RetrieveAllAsync[ServiceLocation page 188] - Completed in 1812 
2024-12-10 11:17:13.2298 DEBUG RetrieverService.RetrieveAllAsync[ServiceLocation page 189] - Completed in 1602 
2024-12-10 11:17:14.8859 DEBUG RetrieverService.RetrieveAllAsync[ServiceLocation page 190] - Completed in 1654 
2024-12-10 11:17:16.5823 DEBUG RetrieverService.RetrieveAllAsync[ServiceLocation page 191] - Completed in 1696 
2024-12-10 11:17:18.2468 DEBUG RetrieverService.RetrieveAllAsync[ServiceLocation page 192] - Completed in 1663 
2024-12-10 11:17:19.9516 DEBUG RetrieverService.RetrieveAllAsync[ServiceLocation page 193] - Completed in 1703 
2024-12-10 11:17:21.6433 DEBUG RetrieverService.RetrieveAllAsync[ServiceLocation page 194] - Completed in 1692 
2024-12-10 11:17:23.2834 DEBUG RetrieverService.RetrieveAllAsync[ServiceLocation page 195] - Completed in 1638 
2024-12-10 11:17:24.9901 DEBUG RetrieverService.RetrieveAllAsync[ServiceLocation page 196] - Completed in 1706 
2024-12-10 11:17:27.0552 DEBUG RetrieverService.RetrieveAllAsync[ServiceLocation page 197] - Completed in 2065 
2024-12-10 11:17:28.8833 DEBUG RetrieverService.RetrieveAllAsync[ServiceLocation page 198] - Completed in 1828 
2024-12-10 11:17:30.4376 DEBUG RetrieverService.RetrieveAllAsync[ServiceLocation page 199] - Completed in 1553 
2024-12-10 11:17:32.1054 DEBUG RetrieverService.RetrieveAllAsync[ServiceLocation page 200] - Completed in 1667 
2024-12-10 11:17:33.7939 DEBUG RetrieverService.RetrieveAllAsync[ServiceLocation page 201] - Completed in 1688 
2024-12-10 11:17:35.3455 DEBUG RetrieverService.RetrieveAllAsync[ServiceLocation page 202] - Completed in 1550 
2024-12-10 11:17:37.0569 DEBUG RetrieverService.RetrieveAllAsync[ServiceLocation page 203] - Completed in 1711 
2024-12-10 11:17:38.8145 DEBUG RetrieverService.RetrieveAllAsync[ServiceLocation page 204] - Completed in 1756 
2024-12-10 11:17:40.4316 DEBUG RetrieverService.RetrieveAllAsync[ServiceLocation page 205] - Completed in 1616 
2024-12-10 11:17:42.0300 DEBUG RetrieverService.RetrieveAllAsync[ServiceLocation page 206] - Completed in 1598 
2024-12-10 11:17:43.5499 DEBUG RetrieverService.RetrieveAllAsync[ServiceLocation page 207] - Completed in 1519 
2024-12-10 11:17:45.1355 DEBUG RetrieverService.RetrieveAllAsync[ServiceLocation page 208] - Completed in 1584 
2024-12-10 11:17:46.7761 DEBUG RetrieverService.RetrieveAllAsync[ServiceLocation page 209] - Completed in 1640 
2024-12-10 11:17:48.3978 DEBUG RetrieverService.RetrieveAllAsync[ServiceLocation page 210] - Completed in 1621 
2024-12-10 11:17:50.0074 DEBUG RetrieverService.RetrieveAllAsync[ServiceLocation page 211] - Completed in 1609 
2024-12-10 11:17:51.6594 DEBUG RetrieverService.RetrieveAllAsync[ServiceLocation page 212] - Completed in 1651 
2024-12-10 11:17:53.3070 DEBUG RetrieverService.RetrieveAllAsync[ServiceLocation page 213] - Completed in 1647 
2024-12-10 11:17:55.0459 DEBUG RetrieverService.RetrieveAllAsync[ServiceLocation page 214] - Completed in 1738 
2024-12-10 11:17:56.7211 DEBUG RetrieverService.RetrieveAllAsync[ServiceLocation page 215] - Completed in 1674 
2024-12-10 11:17:58.4060 DEBUG RetrieverService.RetrieveAllAsync[ServiceLocation page 216] - Completed in 1684 
2024-12-10 11:18:00.1019 DEBUG RetrieverService.RetrieveAllAsync[ServiceLocation page 217] - Completed in 1696 
2024-12-10 11:18:01.7757 DEBUG RetrieverService.RetrieveAllAsync[ServiceLocation page 218] - Completed in 1672 
2024-12-10 11:18:03.5448 DEBUG RetrieverService.RetrieveAllAsync[ServiceLocation page 219] - Completed in 1769 
2024-12-10 11:18:16.0804 DEBUG RetrieverService.RetrieveAllAsync[ServiceLocation page 220] - Completed in 12535 
2024-12-10 11:18:17.9938 DEBUG RetrieverService.RetrieveAllAsync[ServiceLocation page 221] - Completed in 1912 
2024-12-10 11:18:19.6422 DEBUG RetrieverService.RetrieveAllAsync[ServiceLocation page 222] - Completed in 1647 
2024-12-10 11:18:21.3368 DEBUG RetrieverService.RetrieveAllAsync[ServiceLocation page 223] - Completed in 1695 
2024-12-10 11:18:22.8663 DEBUG RetrieverService.RetrieveAllAsync[ServiceLocation page 224] - Completed in 1528 
2024-12-10 11:18:24.5080 DEBUG RetrieverService.RetrieveAllAsync[ServiceLocation page 225] - Completed in 1641 
2024-12-10 11:18:26.1040 DEBUG RetrieverService.RetrieveAllAsync[ServiceLocation page 226] - Completed in 1595 
2024-12-10 11:18:27.6778 DEBUG RetrieverService.RetrieveAllAsync[ServiceLocation page 227] - Completed in 1572 
2024-12-10 11:18:29.3811 DEBUG RetrieverService.RetrieveAllAsync[ServiceLocation page 228] - Completed in 1703 
2024-12-10 11:18:30.9740 DEBUG RetrieverService.RetrieveAllAsync[ServiceLocation page 229] - Completed in 1592 
2024-12-10 11:18:32.5690 DEBUG RetrieverService.RetrieveAllAsync[ServiceLocation page 230] - Completed in 1594 
2024-12-10 11:18:34.2024 DEBUG RetrieverService.RetrieveAllAsync[ServiceLocation page 231] - Completed in 1632 
2024-12-10 11:18:35.8899 DEBUG RetrieverService.RetrieveAllAsync[ServiceLocation page 232] - Completed in 1686 
2024-12-10 11:18:37.5905 DEBUG RetrieverService.RetrieveAllAsync[ServiceLocation page 233] - Completed in 1700 
2024-12-10 11:18:39.2876 DEBUG RetrieverService.RetrieveAllAsync[ServiceLocation page 234] - Completed in 1696 
2024-12-10 11:18:41.0139 DEBUG RetrieverService.RetrieveAllAsync[ServiceLocation page 235] - Completed in 1725 
2024-12-10 11:18:43.2449 DEBUG RetrieverService.RetrieveAllAsync[ServiceLocation page 236] - Completed in 2230 
2024-12-10 11:18:45.1864 DEBUG RetrieverService.RetrieveAllAsync[ServiceLocation page 237] - Completed in 1941 
2024-12-10 11:18:46.9184 DEBUG RetrieverService.RetrieveAllAsync[ServiceLocation page 238] - Completed in 1731 
2024-12-10 11:18:48.7999 DEBUG RetrieverService.RetrieveAllAsync[ServiceLocation page 239] - Completed in 1881 
2024-12-10 11:18:50.5481 DEBUG RetrieverService.RetrieveAllAsync[ServiceLocation page 240] - Completed in 1748 
2024-12-10 11:18:52.2359 DEBUG RetrieverService.RetrieveAllAsync[ServiceLocation page 241] - Completed in 1687 
2024-12-10 11:18:54.1168 DEBUG RetrieverService.RetrieveAllAsync[ServiceLocation page 242] - Completed in 1879 
2024-12-10 11:18:55.7788 DEBUG RetrieverService.RetrieveAllAsync[ServiceLocation page 243] - Completed in 1661 
2024-12-10 11:18:57.5683 DEBUG RetrieverService.RetrieveAllAsync[ServiceLocation page 244] - Completed in 1789 
2024-12-10 11:18:59.3277 DEBUG RetrieverService.RetrieveAllAsync[ServiceLocation page 245] - Completed in 1758 
2024-12-10 11:19:01.2344 DEBUG RetrieverService.RetrieveAllAsync[ServiceLocation page 246] - Completed in 1906 
2024-12-10 11:19:03.0034 DEBUG RetrieverService.RetrieveAllAsync[ServiceLocation page 247] - Completed in 1768 
2024-12-10 11:19:04.8388 DEBUG RetrieverService.RetrieveAllAsync[ServiceLocation page 248] - Completed in 1835 
2024-12-10 11:19:06.5586 DEBUG RetrieverService.RetrieveAllAsync[ServiceLocation page 249] - Completed in 1719 
2024-12-10 11:19:08.3391 DEBUG RetrieverService.RetrieveAllAsync[ServiceLocation page 250] - Completed in 1780 
2024-12-10 11:19:10.0602 DEBUG RetrieverService.RetrieveAllAsync[ServiceLocation page 251] - Completed in 1719 
2024-12-10 11:19:11.9987 DEBUG RetrieverService.RetrieveAllAsync[ServiceLocation page 252] - Completed in 1938 
2024-12-10 11:19:13.6850 DEBUG RetrieverService.RetrieveAllAsync[ServiceLocation page 253] - Completed in 1685 
2024-12-10 11:19:15.3947 DEBUG RetrieverService.RetrieveAllAsync[ServiceLocation page 254] - Completed in 1709 
2024-12-10 11:19:17.0784 DEBUG RetrieverService.RetrieveAllAsync[ServiceLocation page 255] - Completed in 1683 
2024-12-10 11:19:18.7195 DEBUG RetrieverService.RetrieveAllAsync[ServiceLocation page 256] - Completed in 1640 
2024-12-10 11:19:20.3025 DEBUG RetrieverService.RetrieveAllAsync[ServiceLocation page 257] - Completed in 1582 
2024-12-10 11:19:21.9047 DEBUG RetrieverService.RetrieveAllAsync[ServiceLocation page 258] - Completed in 1601 
2024-12-10 11:19:23.6179 DEBUG RetrieverService.RetrieveAllAsync[ServiceLocation page 259] - Completed in 1712 
2024-12-10 11:19:25.3739 DEBUG RetrieverService.RetrieveAllAsync[ServiceLocation page 260] - Completed in 1756 
2024-12-10 11:19:27.1516 DEBUG RetrieverService.RetrieveAllAsync[ServiceLocation page 261] - Completed in 1777 
2024-12-10 11:19:28.8254 DEBUG RetrieverService.RetrieveAllAsync[ServiceLocation page 262] - Completed in 1673 
2024-12-10 11:19:30.4241 DEBUG RetrieverService.RetrieveAllAsync[ServiceLocation page 263] - Completed in 1598 
2024-12-10 11:19:32.0476 DEBUG RetrieverService.RetrieveAllAsync[ServiceLocation page 264] - Completed in 1622 
2024-12-10 11:19:33.7237 DEBUG RetrieverService.RetrieveAllAsync[ServiceLocation page 265] - Completed in 1675 
2024-12-10 11:19:35.5447 DEBUG RetrieverService.RetrieveAllAsync[ServiceLocation page 266] - Completed in 1820 
2024-12-10 11:19:37.3903 DEBUG RetrieverService.RetrieveAllAsync[ServiceLocation page 267] - Completed in 1845 
2024-12-10 11:19:39.1182 DEBUG RetrieverService.RetrieveAllAsync[ServiceLocation page 268] - Completed in 1728 
2024-12-10 11:19:40.7425 DEBUG RetrieverService.RetrieveAllAsync[ServiceLocation page 269] - Completed in 1623 
2024-12-10 11:19:42.3635 DEBUG RetrieverService.RetrieveAllAsync[ServiceLocation page 270] - Completed in 1620 
2024-12-10 11:19:43.9666 DEBUG RetrieverService.RetrieveAllAsync[ServiceLocation page 271] - Completed in 1602 
2024-12-10 11:19:45.7132 DEBUG RetrieverService.RetrieveAllAsync[ServiceLocation page 272] - Completed in 1746 
2024-12-10 11:19:47.4508 DEBUG RetrieverService.RetrieveAllAsync[ServiceLocation page 273] - Completed in 1736 
2024-12-10 11:19:49.0805 DEBUG RetrieverService.RetrieveAllAsync[ServiceLocation page 274] - Completed in 1629 
2024-12-10 11:19:50.6822 DEBUG RetrieverService.RetrieveAllAsync[ServiceLocation page 275] - Completed in 1601 
2024-12-10 11:19:52.3395 DEBUG RetrieverService.RetrieveAllAsync[ServiceLocation page 276] - Completed in 1656 
2024-12-10 11:19:54.0969 DEBUG RetrieverService.RetrieveAllAsync[ServiceLocation page 277] - Completed in 1757 
2024-12-10 11:19:55.7796 DEBUG RetrieverService.RetrieveAllAsync[ServiceLocation page 278] - Completed in 1682 
2024-12-10 11:19:57.3927 DEBUG RetrieverService.RetrieveAllAsync[ServiceLocation page 279] - Completed in 1612 
2024-12-10 11:19:59.1515 DEBUG RetrieverService.RetrieveAllAsync[ServiceLocation page 280] - Completed in 1758 
2024-12-10 11:20:00.7638 DEBUG RetrieverService.RetrieveAllAsync[ServiceLocation page 281] - Completed in 1611 
2024-12-10 11:20:02.4641 DEBUG RetrieverService.RetrieveAllAsync[ServiceLocation page 282] - Completed in 1699 
2024-12-10 11:20:04.1579 DEBUG RetrieverService.RetrieveAllAsync[ServiceLocation page 283] - Completed in 1694 
2024-12-10 11:20:05.9126 DEBUG RetrieverService.RetrieveAllAsync[ServiceLocation page 284] - Completed in 1753 
2024-12-10 11:20:07.7057 DEBUG RetrieverService.RetrieveAllAsync[ServiceLocation page 285] - Completed in 1793 
2024-12-10 11:20:09.3981 DEBUG RetrieverService.RetrieveAllAsync[ServiceLocation page 286] - Completed in 1691 
2024-12-10 11:20:11.0371 DEBUG RetrieverService.RetrieveAllAsync[ServiceLocation page 287] - Completed in 1639 
2024-12-10 11:20:12.6668 DEBUG RetrieverService.RetrieveAllAsync[ServiceLocation page 288] - Completed in 1629 
2024-12-10 11:20:14.2687 DEBUG RetrieverService.RetrieveAllAsync[ServiceLocation page 289] - Completed in 1601 
2024-12-10 11:20:15.9279 DEBUG RetrieverService.RetrieveAllAsync[ServiceLocation page 290] - Completed in 1658 
2024-12-10 11:20:17.7224 DEBUG RetrieverService.RetrieveAllAsync[ServiceLocation page 291] - Completed in 1794 
2024-12-10 11:20:19.3358 DEBUG RetrieverService.RetrieveAllAsync[ServiceLocation page 292] - Completed in 1613 
2024-12-10 11:20:21.2936 DEBUG RetrieverService.RetrieveAllAsync[ServiceLocation page 293] - Completed in 1956 
2024-12-10 11:20:22.8979 DEBUG RetrieverService.RetrieveAllAsync[ServiceLocation page 294] - Completed in 1603 
2024-12-10 11:20:24.5706 DEBUG RetrieverService.RetrieveAllAsync[ServiceLocation page 295] - Completed in 1672 
2024-12-10 11:20:26.4309 DEBUG RetrieverService.RetrieveAllAsync[ServiceLocation page 296] - Completed in 1859 
2024-12-10 11:20:28.2014 DEBUG RetrieverService.RetrieveAllAsync[ServiceLocation page 297] - Completed in 1769 
2024-12-10 11:20:29.8496 DEBUG RetrieverService.RetrieveAllAsync[ServiceLocation page 298] - Completed in 1648 
2024-12-10 11:20:31.5415 DEBUG RetrieverService.RetrieveAllAsync[ServiceLocation page 299] - Completed in 1691 
2024-12-10 11:20:33.2421 DEBUG RetrieverService.RetrieveAllAsync[ServiceLocation page 300] - Completed in 1700 
2024-12-10 11:20:34.9142 DEBUG RetrieverService.RetrieveAllAsync[ServiceLocation page 301] - Completed in 1671 
2024-12-10 11:20:36.4513 DEBUG RetrieverService.RetrieveAllAsync[ServiceLocation page 302] - Completed in 1536 
2024-12-10 11:20:38.1099 DEBUG RetrieverService.RetrieveAllAsync[ServiceLocation page 303] - Completed in 1658 
2024-12-10 11:20:39.7550 DEBUG RetrieverService.RetrieveAllAsync[ServiceLocation page 304] - Completed in 1644 
2024-12-10 11:20:41.3739 DEBUG RetrieverService.RetrieveAllAsync[ServiceLocation page 305] - Completed in 1617 
2024-12-10 11:20:43.0567 DEBUG RetrieverService.RetrieveAllAsync[ServiceLocation page 306] - Completed in 1681 
2024-12-10 11:20:44.8175 DEBUG RetrieverService.RetrieveAllAsync[ServiceLocation page 307] - Completed in 1760 
2024-12-10 11:20:46.4479 DEBUG RetrieverService.RetrieveAllAsync[ServiceLocation page 308] - Completed in 1629 
2024-12-10 11:20:48.0679 DEBUG RetrieverService.RetrieveAllAsync[ServiceLocation page 309] - Completed in 1619 
2024-12-10 11:20:49.7126 DEBUG RetrieverService.RetrieveAllAsync[ServiceLocation page 310] - Completed in 1644 
2024-12-10 11:20:51.3579 DEBUG RetrieverService.RetrieveAllAsync[ServiceLocation page 311] - Completed in 1645 
2024-12-10 11:20:53.1073 DEBUG RetrieverService.RetrieveAllAsync[ServiceLocation page 312] - Completed in 1749 
2024-12-10 11:20:54.7374 DEBUG RetrieverService.RetrieveAllAsync[ServiceLocation page 313] - Completed in 1630 
2024-12-10 11:20:56.3650 DEBUG RetrieverService.RetrieveAllAsync[ServiceLocation page 314] - Completed in 1627 
2024-12-10 11:20:58.0179 DEBUG RetrieverService.RetrieveAllAsync[ServiceLocation page 315] - Completed in 1651 
2024-12-10 11:21:05.7840 DEBUG RetrieverService.RetrieveAllAsync[ServiceLocation page 316] - Completed in 7766 
2024-12-10 11:21:07.4781 DEBUG RetrieverService.RetrieveAllAsync[ServiceLocation page 317] - Completed in 1693 
2024-12-10 11:21:09.1470 DEBUG RetrieverService.RetrieveAllAsync[ServiceLocation page 318] - Completed in 1668 
2024-12-10 11:21:10.8641 DEBUG RetrieverService.RetrieveAllAsync[ServiceLocation page 319] - Completed in 1717 
2024-12-10 11:21:12.4802 DEBUG RetrieverService.RetrieveAllAsync[ServiceLocation page 320] - Completed in 1615 
2024-12-10 11:21:14.0885 DEBUG RetrieverService.RetrieveAllAsync[ServiceLocation page 321] - Completed in 1607 
2024-12-10 11:21:15.8915 DEBUG RetrieverService.RetrieveAllAsync[ServiceLocation page 322] - Completed in 1802 
2024-12-10 11:21:17.6563 DEBUG RetrieverService.RetrieveAllAsync[ServiceLocation page 323] - Completed in 1764 
2024-12-10 11:21:19.4410 DEBUG RetrieverService.RetrieveAllAsync[ServiceLocation page 324] - Completed in 1784 
2024-12-10 11:21:21.1393 DEBUG RetrieverService.RetrieveAllAsync[ServiceLocation page 325] - Completed in 1697 
2024-12-10 11:21:22.7683 DEBUG RetrieverService.RetrieveAllAsync[ServiceLocation page 326] - Completed in 1627 
2024-12-10 11:21:24.4450 DEBUG RetrieverService.RetrieveAllAsync[ServiceLocation page 327] - Completed in 1675 
2024-12-10 11:21:26.1694 DEBUG RetrieverService.RetrieveAllAsync[ServiceLocation page 328] - Completed in 1723 
2024-12-10 11:21:27.7740 DEBUG RetrieverService.RetrieveAllAsync[ServiceLocation page 329] - Completed in 1604 
2024-12-10 11:21:29.3310 DEBUG RetrieverService.RetrieveAllAsync[ServiceLocation page 330] - Completed in 1556 
2024-12-10 11:21:31.0451 DEBUG RetrieverService.RetrieveAllAsync[ServiceLocation page 331] - Completed in 1712 
2024-12-10 11:21:32.7757 DEBUG RetrieverService.RetrieveAllAsync[ServiceLocation page 332] - Completed in 1730 
2024-12-10 11:21:34.4457 DEBUG RetrieverService.RetrieveAllAsync[ServiceLocation page 333] - Completed in 1670 
2024-12-10 11:21:36.1737 DEBUG RetrieverService.RetrieveAllAsync[ServiceLocation page 334] - Completed in 1727 
2024-12-10 11:21:37.8883 DEBUG RetrieverService.RetrieveAllAsync[ServiceLocation page 335] - Completed in 1714 
2024-12-10 11:21:39.5375 DEBUG RetrieverService.RetrieveAllAsync[ServiceLocation page 336] - Completed in 1649 
2024-12-10 11:21:41.2043 DEBUG RetrieverService.RetrieveAllAsync[ServiceLocation page 337] - Completed in 1665 
2024-12-10 11:21:42.8485 DEBUG RetrieverService.RetrieveAllAsync[ServiceLocation page 338] - Completed in 1643 
2024-12-10 11:21:44.4616 DEBUG RetrieverService.RetrieveAllAsync[ServiceLocation page 339] - Completed in 1612 
2024-12-10 11:21:46.1344 DEBUG RetrieverService.RetrieveAllAsync[ServiceLocation page 340] - Completed in 1671 
2024-12-10 11:21:47.9200 DEBUG RetrieverService.RetrieveAllAsync[ServiceLocation page 341] - Completed in 1785 
2024-12-10 11:21:49.4772 DEBUG RetrieverService.RetrieveAllAsync[ServiceLocation page 342] - Completed in 1556 
2024-12-10 11:21:49.4772 DEBUG RetrieverService.RetrieveAllAsync[ServiceLocation] - Completed in 611680 
2024-12-10 11:53:46.9306 INFO Breakthru Beverage Location Exporter v1.0.1.0 
2024-12-10 11:53:46.9711 INFO      Connecting to RNA Server... 
2024-12-10 11:53:49.2479 DEBUG ConnectionService.InitAsync[Full-Login-Call] - Completed in 2134 
2024-12-10 11:53:49.2659 DEBUG ConnectionService.InitAsync[Query Service Construction] - Completed in 17 
2024-12-10 11:53:50.8513 DEBUG ConnectionService.InitAsync[Retrieve-Regions-Call] - Completed in 1586 
2024-12-10 11:53:51.0706 DEBUG ConnectionService.InitAsync[Retrieve-BusinessUnits-Call] - Completed in 217 
2024-12-10 11:53:51.2352 DEBUG ConnectionService.InitAsync[Retrieve-URLs-Call] - Completed in 164 
2024-12-10 11:53:51.2728 DEBUG ConnectionService.InitAsync - Completed in 4267 
2024-12-10 11:53:51.2955 INFO      Connected Successfully to RNA Server. Elapsed Seconds: 4.3242467 
2024-12-10 11:54:11.7645 INFO Breakthru Beverage Location Exporter v1.0.1.0 
2024-12-10 11:54:11.7885 INFO      Connecting to RNA Server... 
2024-12-10 11:54:13.9294 DEBUG ConnectionService.InitAsync[Full-Login-Call] - Completed in 2038 
2024-12-10 11:54:13.9499 DEBUG ConnectionService.InitAsync[Query Service Construction] - Completed in 19 
2024-12-10 11:54:15.1885 DEBUG ConnectionService.InitAsync[Retrieve-Regions-Call] - Completed in 1238 
2024-12-10 11:54:15.4083 DEBUG ConnectionService.InitAsync[Retrieve-BusinessUnits-Call] - Completed in 217 
2024-12-10 11:54:15.5628 DEBUG ConnectionService.InitAsync[Retrieve-URLs-Call] - Completed in 154 
2024-12-10 11:54:15.5997 DEBUG ConnectionService.InitAsync - Completed in 3784 
2024-12-10 11:54:15.6303 INFO      Connected Successfully to RNA Server. Elapsed Seconds: 3.8408932 
2024-12-10 11:54:24.4871 DEBUG RetrieverService.RetrieveAllAsync[ServiceLocation page 0] - Completed in 2217 
2024-12-10 11:54:26.1412 DEBUG RetrieverService.RetrieveAllAsync[ServiceLocation page 1] - Completed in 1653 
2024-12-10 11:54:27.8607 DEBUG RetrieverService.RetrieveAllAsync[ServiceLocation page 2] - Completed in 1719 
2024-12-10 11:54:29.6222 DEBUG RetrieverService.RetrieveAllAsync[ServiceLocation page 3] - Completed in 1761 
2024-12-10 11:54:31.3283 DEBUG RetrieverService.RetrieveAllAsync[ServiceLocation page 4] - Completed in 1705 
2024-12-10 11:54:33.0669 DEBUG RetrieverService.RetrieveAllAsync[ServiceLocation page 5] - Completed in 1738 
2024-12-10 11:54:34.7063 DEBUG RetrieverService.RetrieveAllAsync[ServiceLocation page 6] - Completed in 1638 
2024-12-10 11:54:36.3123 DEBUG RetrieverService.RetrieveAllAsync[ServiceLocation page 7] - Completed in 1606 
2024-12-10 11:54:37.9163 DEBUG RetrieverService.RetrieveAllAsync[ServiceLocation page 8] - Completed in 1602 
2024-12-10 11:54:39.6616 DEBUG RetrieverService.RetrieveAllAsync[ServiceLocation page 9] - Completed in 1745 
2024-12-10 11:54:41.3325 DEBUG RetrieverService.RetrieveAllAsync[ServiceLocation page 10] - Completed in 1670 
2024-12-10 11:54:43.0410 DEBUG RetrieverService.RetrieveAllAsync[ServiceLocation page 11] - Completed in 1707 
2024-12-10 11:54:44.7552 DEBUG RetrieverService.RetrieveAllAsync[ServiceLocation page 12] - Completed in 1714 
2024-12-10 11:54:46.4207 DEBUG RetrieverService.RetrieveAllAsync[ServiceLocation page 13] - Completed in 1665 
2024-12-10 11:54:48.3970 DEBUG RetrieverService.RetrieveAllAsync[ServiceLocation page 14] - Completed in 1975 
2024-12-10 11:54:50.5561 DEBUG RetrieverService.RetrieveAllAsync[ServiceLocation page 15] - Completed in 2158 
2024-12-10 11:54:52.5845 DEBUG RetrieverService.RetrieveAllAsync[ServiceLocation page 16] - Completed in 2027 
2024-12-10 11:54:54.6914 DEBUG RetrieverService.RetrieveAllAsync[ServiceLocation page 17] - Completed in 2106 
2024-12-10 11:54:56.6975 DEBUG RetrieverService.RetrieveAllAsync[ServiceLocation page 18] - Completed in 2005 
2024-12-10 11:54:58.7931 DEBUG RetrieverService.RetrieveAllAsync[ServiceLocation page 19] - Completed in 2094 
2024-12-10 11:55:00.5893 DEBUG RetrieverService.RetrieveAllAsync[ServiceLocation page 20] - Completed in 1795 
2024-12-10 11:55:02.5608 DEBUG RetrieverService.RetrieveAllAsync[ServiceLocation page 21] - Completed in 1971 
2024-12-10 11:55:04.6333 DEBUG RetrieverService.RetrieveAllAsync[ServiceLocation page 22] - Completed in 2071 
2024-12-10 11:55:06.5881 DEBUG RetrieverService.RetrieveAllAsync[ServiceLocation page 23] - Completed in 1954 
2024-12-10 11:55:08.4365 DEBUG RetrieverService.RetrieveAllAsync[ServiceLocation page 24] - Completed in 1847 
2024-12-10 11:55:10.4854 DEBUG RetrieverService.RetrieveAllAsync[ServiceLocation page 25] - Completed in 2049 
2024-12-10 11:55:12.5302 DEBUG RetrieverService.RetrieveAllAsync[ServiceLocation page 26] - Completed in 2044 
2024-12-10 11:55:14.5510 DEBUG RetrieverService.RetrieveAllAsync[ServiceLocation page 27] - Completed in 2020 
2024-12-10 11:55:16.2218 DEBUG RetrieverService.RetrieveAllAsync[ServiceLocation page 28] - Completed in 1670 
2024-12-10 11:55:17.9251 DEBUG RetrieverService.RetrieveAllAsync[ServiceLocation page 29] - Completed in 1702 
2024-12-10 11:55:19.7735 DEBUG RetrieverService.RetrieveAllAsync[ServiceLocation page 30] - Completed in 1848 
2024-12-10 11:55:21.4288 DEBUG RetrieverService.RetrieveAllAsync[ServiceLocation page 31] - Completed in 1655 
2024-12-10 11:55:23.2308 DEBUG RetrieverService.RetrieveAllAsync[ServiceLocation page 32] - Completed in 1801 
2024-12-10 11:55:24.9591 DEBUG RetrieverService.RetrieveAllAsync[ServiceLocation page 33] - Completed in 1728 
2024-12-10 11:55:26.5904 DEBUG RetrieverService.RetrieveAllAsync[ServiceLocation page 34] - Completed in 1629 
2024-12-10 11:55:28.2656 DEBUG RetrieverService.RetrieveAllAsync[ServiceLocation page 35] - Completed in 1674 
2024-12-10 11:55:30.0078 DEBUG RetrieverService.RetrieveAllAsync[ServiceLocation page 36] - Completed in 1741 
2024-12-10 11:55:31.6335 DEBUG RetrieverService.RetrieveAllAsync[ServiceLocation page 37] - Completed in 1625 
2024-12-10 11:55:33.3807 DEBUG RetrieverService.RetrieveAllAsync[ServiceLocation page 38] - Completed in 1747 
2024-12-10 11:55:35.1461 DEBUG RetrieverService.RetrieveAllAsync[ServiceLocation page 39] - Completed in 1764 
2024-12-10 11:55:36.8649 DEBUG RetrieverService.RetrieveAllAsync[ServiceLocation page 40] - Completed in 1718 
2024-12-10 11:55:38.5959 DEBUG RetrieverService.RetrieveAllAsync[ServiceLocation page 41] - Completed in 1731 
2024-12-10 11:55:40.3216 DEBUG RetrieverService.RetrieveAllAsync[ServiceLocation page 42] - Completed in 1725 
2024-12-10 11:55:42.0573 DEBUG RetrieverService.RetrieveAllAsync[ServiceLocation page 43] - Completed in 1734 
2024-12-10 11:55:43.6923 DEBUG RetrieverService.RetrieveAllAsync[ServiceLocation page 44] - Completed in 1635 
2024-12-10 11:55:45.3081 DEBUG RetrieverService.RetrieveAllAsync[ServiceLocation page 45] - Completed in 1615 
2024-12-10 11:55:46.8592 DEBUG RetrieverService.RetrieveAllAsync[ServiceLocation page 46] - Completed in 1550 
2024-12-10 11:55:48.4717 DEBUG RetrieverService.RetrieveAllAsync[ServiceLocation page 47] - Completed in 1611 
2024-12-10 11:55:50.1639 DEBUG RetrieverService.RetrieveAllAsync[ServiceLocation page 48] - Completed in 1692 
2024-12-10 11:55:51.9425 DEBUG RetrieverService.RetrieveAllAsync[ServiceLocation page 49] - Completed in 1778 
2024-12-10 11:55:53.6446 DEBUG RetrieverService.RetrieveAllAsync[ServiceLocation page 50] - Completed in 1701 
2024-12-10 11:55:55.2610 DEBUG RetrieverService.RetrieveAllAsync[ServiceLocation page 51] - Completed in 1615 
2024-12-10 11:55:56.8889 DEBUG RetrieverService.RetrieveAllAsync[ServiceLocation page 52] - Completed in 1627 
2024-12-10 11:55:58.5517 DEBUG RetrieverService.RetrieveAllAsync[ServiceLocation page 53] - Completed in 1662 
2024-12-10 11:56:00.1633 DEBUG RetrieverService.RetrieveAllAsync[ServiceLocation page 54] - Completed in 1611 
2024-12-10 11:56:02.2196 DEBUG RetrieverService.RetrieveAllAsync[ServiceLocation page 55] - Completed in 2055 
2024-12-10 11:56:03.9115 DEBUG RetrieverService.RetrieveAllAsync[ServiceLocation page 56] - Completed in 1692 
2024-12-10 11:56:05.6171 DEBUG RetrieverService.RetrieveAllAsync[ServiceLocation page 57] - Completed in 1704 
2024-12-10 11:56:07.2875 DEBUG RetrieverService.RetrieveAllAsync[ServiceLocation page 58] - Completed in 1669 
2024-12-10 11:56:08.9292 DEBUG RetrieverService.RetrieveAllAsync[ServiceLocation page 59] - Completed in 1640 
2024-12-10 11:56:10.6545 DEBUG RetrieverService.RetrieveAllAsync[ServiceLocation page 60] - Completed in 1724 
2024-12-10 11:56:12.3809 DEBUG RetrieverService.RetrieveAllAsync[ServiceLocation page 61] - Completed in 1726 
2024-12-10 11:56:14.0536 DEBUG RetrieverService.RetrieveAllAsync[ServiceLocation page 62] - Completed in 1672 
2024-12-10 11:56:15.6461 DEBUG RetrieverService.RetrieveAllAsync[ServiceLocation page 63] - Completed in 1590 
2024-12-10 11:56:17.4212 DEBUG RetrieverService.RetrieveAllAsync[ServiceLocation page 64] - Completed in 1774 
2024-12-10 11:56:19.0884 DEBUG RetrieverService.RetrieveAllAsync[ServiceLocation page 65] - Completed in 1666 
2024-12-10 11:56:20.7174 DEBUG RetrieverService.RetrieveAllAsync[ServiceLocation page 66] - Completed in 1628 
2024-12-10 11:56:22.3633 DEBUG RetrieverService.RetrieveAllAsync[ServiceLocation page 67] - Completed in 1645 
2024-12-10 11:56:23.9703 DEBUG RetrieverService.RetrieveAllAsync[ServiceLocation page 68] - Completed in 1606 
2024-12-10 11:56:25.5628 DEBUG RetrieverService.RetrieveAllAsync[ServiceLocation page 69] - Completed in 1592 
2024-12-10 11:56:27.1759 DEBUG RetrieverService.RetrieveAllAsync[ServiceLocation page 70] - Completed in 1612 
2024-12-10 11:56:28.7834 DEBUG RetrieverService.RetrieveAllAsync[ServiceLocation page 71] - Completed in 1607 
2024-12-10 11:56:30.5227 DEBUG RetrieverService.RetrieveAllAsync[ServiceLocation page 72] - Completed in 1737 
2024-12-10 11:56:32.2132 DEBUG RetrieverService.RetrieveAllAsync[ServiceLocation page 73] - Completed in 1689 
2024-12-10 11:56:33.8332 DEBUG RetrieverService.RetrieveAllAsync[ServiceLocation page 74] - Completed in 1619 
2024-12-10 11:56:35.4784 DEBUG RetrieverService.RetrieveAllAsync[ServiceLocation page 75] - Completed in 1645 
2024-12-10 11:56:37.1769 DEBUG RetrieverService.RetrieveAllAsync[ServiceLocation page 76] - Completed in 1697 
2024-12-10 11:56:38.7324 DEBUG RetrieverService.RetrieveAllAsync[ServiceLocation page 77] - Completed in 1554 
2024-12-10 11:56:40.3413 DEBUG RetrieverService.RetrieveAllAsync[ServiceLocation page 78] - Completed in 1608 
2024-12-10 11:56:41.9279 DEBUG RetrieverService.RetrieveAllAsync[ServiceLocation page 79] - Completed in 1585 
2024-12-10 11:56:43.5148 DEBUG RetrieverService.RetrieveAllAsync[ServiceLocation page 80] - Completed in 1586 
2024-12-10 11:56:45.1193 DEBUG RetrieverService.RetrieveAllAsync[ServiceLocation page 81] - Completed in 1604 
2024-12-10 11:56:46.8099 DEBUG RetrieverService.RetrieveAllAsync[ServiceLocation page 82] - Completed in 1690 
2024-12-10 11:56:48.4212 DEBUG RetrieverService.RetrieveAllAsync[ServiceLocation page 83] - Completed in 1610 
2024-12-10 11:56:50.1189 DEBUG RetrieverService.RetrieveAllAsync[ServiceLocation page 84] - Completed in 1696 
2024-12-10 11:56:51.8624 DEBUG RetrieverService.RetrieveAllAsync[ServiceLocation page 85] - Completed in 1744 
2024-12-10 11:56:53.4721 DEBUG RetrieverService.RetrieveAllAsync[ServiceLocation page 86] - Completed in 1608 
2024-12-10 11:56:55.1611 DEBUG RetrieverService.RetrieveAllAsync[ServiceLocation page 87] - Completed in 1688 
2024-12-10 11:56:56.8288 DEBUG RetrieverService.RetrieveAllAsync[ServiceLocation page 88] - Completed in 1667 
2024-12-10 11:56:58.4601 DEBUG RetrieverService.RetrieveAllAsync[ServiceLocation page 89] - Completed in 1630 
2024-12-10 11:57:00.0965 DEBUG RetrieverService.RetrieveAllAsync[ServiceLocation page 90] - Completed in 1635 
2024-12-10 11:57:01.6889 DEBUG RetrieverService.RetrieveAllAsync[ServiceLocation page 91] - Completed in 1591 
2024-12-10 11:57:03.2734 DEBUG RetrieverService.RetrieveAllAsync[ServiceLocation page 92] - Completed in 1583 
2024-12-10 11:57:04.9146 DEBUG RetrieverService.RetrieveAllAsync[ServiceLocation page 93] - Completed in 1640 
2024-12-10 11:57:06.5874 DEBUG RetrieverService.RetrieveAllAsync[ServiceLocation page 94] - Completed in 1672 
2024-12-10 11:57:08.3828 DEBUG RetrieverService.RetrieveAllAsync[ServiceLocation page 95] - Completed in 1795 
2024-12-10 11:57:10.0991 DEBUG RetrieverService.RetrieveAllAsync[ServiceLocation page 96] - Completed in 1716 
2024-12-10 11:57:11.8235 DEBUG RetrieverService.RetrieveAllAsync[ServiceLocation page 97] - Completed in 1720 
2024-12-10 11:57:13.3953 DEBUG RetrieverService.RetrieveAllAsync[ServiceLocation page 98] - Completed in 1571 
2024-12-10 11:57:15.0540 DEBUG RetrieverService.RetrieveAllAsync[ServiceLocation page 99] - Completed in 1658 
2024-12-10 11:57:16.8074 DEBUG RetrieverService.RetrieveAllAsync[ServiceLocation page 100] - Completed in 1753 
2024-12-10 11:57:18.4969 DEBUG RetrieverService.RetrieveAllAsync[ServiceLocation page 101] - Completed in 1688 
2024-12-10 11:57:20.1343 DEBUG RetrieverService.RetrieveAllAsync[ServiceLocation page 102] - Completed in 1636 
2024-12-10 11:57:21.8103 DEBUG RetrieverService.RetrieveAllAsync[ServiceLocation page 103] - Completed in 1675 
2024-12-10 11:57:23.4518 DEBUG RetrieverService.RetrieveAllAsync[ServiceLocation page 104] - Completed in 1641 
2024-12-10 11:57:25.1497 DEBUG RetrieverService.RetrieveAllAsync[ServiceLocation page 105] - Completed in 1696 
2024-12-10 11:57:26.9996 DEBUG RetrieverService.RetrieveAllAsync[ServiceLocation page 106] - Completed in 1850 
2024-12-10 11:57:28.7338 DEBUG RetrieverService.RetrieveAllAsync[ServiceLocation page 107] - Completed in 1733 
2024-12-10 11:57:30.3954 DEBUG RetrieverService.RetrieveAllAsync[ServiceLocation page 108] - Completed in 1661 
2024-12-10 11:57:32.0749 DEBUG RetrieverService.RetrieveAllAsync[ServiceLocation page 109] - Completed in 1679 
2024-12-10 11:57:33.6724 DEBUG RetrieverService.RetrieveAllAsync[ServiceLocation page 110] - Completed in 1596 
2024-12-10 11:57:35.4210 DEBUG RetrieverService.RetrieveAllAsync[ServiceLocation page 111] - Completed in 1748 
2024-12-10 11:57:37.0142 DEBUG RetrieverService.RetrieveAllAsync[ServiceLocation page 112] - Completed in 1592 
2024-12-10 11:57:38.6017 DEBUG RetrieverService.RetrieveAllAsync[ServiceLocation page 113] - Completed in 1587 
2024-12-10 11:57:40.2395 DEBUG RetrieverService.RetrieveAllAsync[ServiceLocation page 114] - Completed in 1637 
2024-12-10 11:57:41.8286 DEBUG RetrieverService.RetrieveAllAsync[ServiceLocation page 115] - Completed in 1588 
2024-12-10 11:57:43.4825 DEBUG RetrieverService.RetrieveAllAsync[ServiceLocation page 116] - Completed in 1653 
2024-12-10 11:57:45.1816 DEBUG RetrieverService.RetrieveAllAsync[ServiceLocation page 117] - Completed in 1698 
2024-12-10 11:57:46.8176 DEBUG RetrieverService.RetrieveAllAsync[ServiceLocation page 118] - Completed in 1635 
2024-12-10 11:57:48.4467 DEBUG RetrieverService.RetrieveAllAsync[ServiceLocation page 119] - Completed in 1629 
2024-12-10 11:57:50.0626 DEBUG RetrieverService.RetrieveAllAsync[ServiceLocation page 120] - Completed in 1614 
2024-12-10 11:57:51.6684 DEBUG RetrieverService.RetrieveAllAsync[ServiceLocation page 121] - Completed in 1606 
2024-12-10 11:57:53.2862 DEBUG RetrieverService.RetrieveAllAsync[ServiceLocation page 122] - Completed in 1617 
2024-12-10 11:57:54.9687 DEBUG RetrieverService.RetrieveAllAsync[ServiceLocation page 123] - Completed in 1682 
2024-12-10 11:57:56.6654 DEBUG RetrieverService.RetrieveAllAsync[ServiceLocation page 124] - Completed in 1695 
2024-12-10 11:57:58.2750 DEBUG RetrieverService.RetrieveAllAsync[ServiceLocation page 125] - Completed in 1609 
2024-12-10 11:57:59.8704 DEBUG RetrieverService.RetrieveAllAsync[ServiceLocation page 126] - Completed in 1595 
2024-12-10 11:58:01.5445 DEBUG RetrieverService.RetrieveAllAsync[ServiceLocation page 127] - Completed in 1673 
2024-12-10 11:58:03.1567 DEBUG RetrieverService.RetrieveAllAsync[ServiceLocation page 128] - Completed in 1611 
2024-12-10 11:58:04.9837 DEBUG RetrieverService.RetrieveAllAsync[ServiceLocation page 129] - Completed in 1826 
2024-12-10 11:58:06.7140 DEBUG RetrieverService.RetrieveAllAsync[ServiceLocation page 130] - Completed in 1730 
2024-12-10 11:58:08.3316 DEBUG RetrieverService.RetrieveAllAsync[ServiceLocation page 131] - Completed in 1617 
2024-12-10 11:58:09.9223 DEBUG RetrieverService.RetrieveAllAsync[ServiceLocation page 132] - Completed in 1589 
2024-12-10 11:58:11.5435 DEBUG RetrieverService.RetrieveAllAsync[ServiceLocation page 133] - Completed in 1620 
2024-12-10 11:58:13.1563 DEBUG RetrieverService.RetrieveAllAsync[ServiceLocation page 134] - Completed in 1612 
2024-12-10 11:58:14.9151 DEBUG RetrieverService.RetrieveAllAsync[ServiceLocation page 135] - Completed in 1759 
2024-12-10 11:58:16.6151 DEBUG RetrieverService.RetrieveAllAsync[ServiceLocation page 136] - Completed in 1698 
2024-12-10 11:58:18.4169 DEBUG RetrieverService.RetrieveAllAsync[ServiceLocation page 137] - Completed in 1801 
2024-12-10 11:58:20.1950 DEBUG RetrieverService.RetrieveAllAsync[ServiceLocation page 138] - Completed in 1777 
2024-12-10 11:58:21.9665 DEBUG RetrieverService.RetrieveAllAsync[ServiceLocation page 139] - Completed in 1771 
2024-12-10 11:58:23.6208 DEBUG RetrieverService.RetrieveAllAsync[ServiceLocation page 140] - Completed in 1654 
2024-12-10 11:58:25.2384 DEBUG RetrieverService.RetrieveAllAsync[ServiceLocation page 141] - Completed in 1616 
2024-12-10 11:58:26.8394 DEBUG RetrieverService.RetrieveAllAsync[ServiceLocation page 142] - Completed in 1601 
2024-12-10 11:58:28.3782 DEBUG RetrieverService.RetrieveAllAsync[ServiceLocation page 143] - Completed in 1538 
2024-12-10 11:58:29.9775 DEBUG RetrieverService.RetrieveAllAsync[ServiceLocation page 144] - Completed in 1598 
2024-12-10 11:58:31.5997 DEBUG RetrieverService.RetrieveAllAsync[ServiceLocation page 145] - Completed in 1622 
2024-12-10 11:58:33.1911 DEBUG RetrieverService.RetrieveAllAsync[ServiceLocation page 146] - Completed in 1589 
2024-12-10 11:58:34.7844 DEBUG RetrieverService.RetrieveAllAsync[ServiceLocation page 147] - Completed in 1593 
2024-12-10 11:58:36.3802 DEBUG RetrieverService.RetrieveAllAsync[ServiceLocation page 148] - Completed in 1595 
2024-12-10 11:58:37.9633 DEBUG RetrieverService.RetrieveAllAsync[ServiceLocation page 149] - Completed in 1582 
2024-12-10 11:58:39.5130 DEBUG RetrieverService.RetrieveAllAsync[ServiceLocation page 150] - Completed in 1549 
2024-12-10 11:58:41.0687 DEBUG RetrieverService.RetrieveAllAsync[ServiceLocation page 151] - Completed in 1554 
2024-12-10 11:58:42.6747 DEBUG RetrieverService.RetrieveAllAsync[ServiceLocation page 152] - Completed in 1606 
2024-12-10 11:58:44.2963 DEBUG RetrieverService.RetrieveAllAsync[ServiceLocation page 153] - Completed in 1621 
2024-12-10 11:58:45.9025 DEBUG RetrieverService.RetrieveAllAsync[ServiceLocation page 154] - Completed in 1605 
2024-12-10 11:58:47.5454 DEBUG RetrieverService.RetrieveAllAsync[ServiceLocation page 155] - Completed in 1642 
2024-12-10 11:58:49.1248 DEBUG RetrieverService.RetrieveAllAsync[ServiceLocation page 156] - Completed in 1577 
2024-12-10 11:58:50.8916 DEBUG RetrieverService.RetrieveAllAsync[ServiceLocation page 157] - Completed in 1766 
2024-12-10 11:58:52.5001 DEBUG RetrieverService.RetrieveAllAsync[ServiceLocation page 158] - Completed in 1608 
2024-12-10 11:58:54.1236 DEBUG RetrieverService.RetrieveAllAsync[ServiceLocation page 159] - Completed in 1623 
2024-12-10 11:58:55.8326 DEBUG RetrieverService.RetrieveAllAsync[ServiceLocation page 160] - Completed in 1708 
2024-12-10 11:58:57.4568 DEBUG RetrieverService.RetrieveAllAsync[ServiceLocation page 161] - Completed in 1623 
2024-12-10 11:58:59.2639 DEBUG RetrieverService.RetrieveAllAsync[ServiceLocation page 162] - Completed in 1806 
2024-12-10 11:59:00.9255 DEBUG RetrieverService.RetrieveAllAsync[ServiceLocation page 163] - Completed in 1662 
2024-12-10 11:59:02.5738 DEBUG RetrieverService.RetrieveAllAsync[ServiceLocation page 164] - Completed in 1647 
2024-12-10 11:59:04.3335 DEBUG RetrieverService.RetrieveAllAsync[ServiceLocation page 165] - Completed in 1759 
2024-12-10 11:59:06.0326 DEBUG RetrieverService.RetrieveAllAsync[ServiceLocation page 166] - Completed in 1698 
2024-12-10 11:59:07.6318 DEBUG RetrieverService.RetrieveAllAsync[ServiceLocation page 167] - Completed in 1599 
2024-12-10 11:59:09.3109 DEBUG RetrieverService.RetrieveAllAsync[ServiceLocation page 168] - Completed in 1678 
2024-12-10 11:59:10.9294 DEBUG RetrieverService.RetrieveAllAsync[ServiceLocation page 169] - Completed in 1618 
2024-12-10 11:59:12.6180 DEBUG RetrieverService.RetrieveAllAsync[ServiceLocation page 170] - Completed in 1687 
2024-12-10 11:59:14.2557 DEBUG RetrieverService.RetrieveAllAsync[ServiceLocation page 171] - Completed in 1637 
2024-12-10 11:59:15.9724 DEBUG RetrieverService.RetrieveAllAsync[ServiceLocation page 172] - Completed in 1715 
2024-12-10 11:59:17.6518 DEBUG RetrieverService.RetrieveAllAsync[ServiceLocation page 173] - Completed in 1678 
2024-12-10 11:59:19.3208 DEBUG RetrieverService.RetrieveAllAsync[ServiceLocation page 174] - Completed in 1668 
2024-12-10 11:59:20.9600 DEBUG RetrieverService.RetrieveAllAsync[ServiceLocation page 175] - Completed in 1639 
2024-12-10 11:59:22.6871 DEBUG RetrieverService.RetrieveAllAsync[ServiceLocation page 176] - Completed in 1727 
2024-12-10 11:59:24.5247 DEBUG RetrieverService.RetrieveAllAsync[ServiceLocation page 177] - Completed in 1836 
2024-12-10 11:59:26.2709 DEBUG RetrieverService.RetrieveAllAsync[ServiceLocation page 178] - Completed in 1746 
2024-12-10 11:59:27.9696 DEBUG RetrieverService.RetrieveAllAsync[ServiceLocation page 179] - Completed in 1698 
2024-12-10 11:59:29.5740 DEBUG RetrieverService.RetrieveAllAsync[ServiceLocation page 180] - Completed in 1603 
2024-12-10 11:59:31.2585 DEBUG RetrieverService.RetrieveAllAsync[ServiceLocation page 181] - Completed in 1684 
2024-12-10 11:59:32.9924 DEBUG RetrieverService.RetrieveAllAsync[ServiceLocation page 182] - Completed in 1733 
2024-12-10 11:59:34.6569 DEBUG RetrieverService.RetrieveAllAsync[ServiceLocation page 183] - Completed in 1664 
2024-12-10 11:59:36.3671 DEBUG RetrieverService.RetrieveAllAsync[ServiceLocation page 184] - Completed in 1709 
2024-12-10 11:59:38.2198 DEBUG RetrieverService.RetrieveAllAsync[ServiceLocation page 185] - Completed in 1852 
2024-12-10 11:59:39.9303 DEBUG RetrieverService.RetrieveAllAsync[ServiceLocation page 186] - Completed in 1710 
2024-12-10 11:59:41.6363 DEBUG RetrieverService.RetrieveAllAsync[ServiceLocation page 187] - Completed in 1705 
2024-12-10 11:59:43.2420 DEBUG RetrieverService.RetrieveAllAsync[ServiceLocation page 188] - Completed in 1605 
2024-12-10 11:59:44.8114 DEBUG RetrieverService.RetrieveAllAsync[ServiceLocation page 189] - Completed in 1568 
2024-12-10 11:59:46.6072 DEBUG RetrieverService.RetrieveAllAsync[ServiceLocation page 190] - Completed in 1795 
2024-12-10 11:59:48.3829 DEBUG RetrieverService.RetrieveAllAsync[ServiceLocation page 191] - Completed in 1774 
2024-12-10 11:59:49.9715 DEBUG RetrieverService.RetrieveAllAsync[ServiceLocation page 192] - Completed in 1588 
2024-12-10 11:59:51.6305 DEBUG RetrieverService.RetrieveAllAsync[ServiceLocation page 193] - Completed in 1659 
2024-12-10 11:59:53.4003 DEBUG RetrieverService.RetrieveAllAsync[ServiceLocation page 194] - Completed in 1768 
2024-12-10 11:59:55.1724 DEBUG RetrieverService.RetrieveAllAsync[ServiceLocation page 195] - Completed in 1771 
2024-12-10 11:59:56.9530 DEBUG RetrieverService.RetrieveAllAsync[ServiceLocation page 196] - Completed in 1780 
2024-12-10 11:59:58.6654 DEBUG RetrieverService.RetrieveAllAsync[ServiceLocation page 197] - Completed in 1712 
2024-12-10 12:00:00.8608 DEBUG RetrieverService.RetrieveAllAsync[ServiceLocation page 198] - Completed in 2195 
2024-12-10 12:00:02.7216 DEBUG RetrieverService.RetrieveAllAsync[ServiceLocation page 199] - Completed in 1859 
2024-12-10 12:00:04.5658 DEBUG RetrieverService.RetrieveAllAsync[ServiceLocation page 200] - Completed in 1844 
2024-12-10 12:00:06.2291 DEBUG RetrieverService.RetrieveAllAsync[ServiceLocation page 201] - Completed in 1663 
2024-12-10 12:00:08.1000 DEBUG RetrieverService.RetrieveAllAsync[ServiceLocation page 202] - Completed in 1870 
2024-12-10 12:00:10.1100 DEBUG RetrieverService.RetrieveAllAsync[ServiceLocation page 203] - Completed in 2009 
2024-12-10 12:00:11.8851 DEBUG RetrieverService.RetrieveAllAsync[ServiceLocation page 204] - Completed in 1774 
2024-12-10 12:00:13.5557 DEBUG RetrieverService.RetrieveAllAsync[ServiceLocation page 205] - Completed in 1670 
2024-12-10 12:00:15.1261 DEBUG RetrieverService.RetrieveAllAsync[ServiceLocation page 206] - Completed in 1570 
2024-12-10 12:00:16.8142 DEBUG RetrieverService.RetrieveAllAsync[ServiceLocation page 207] - Completed in 1687 
2024-12-10 12:00:18.4961 DEBUG RetrieverService.RetrieveAllAsync[ServiceLocation page 208] - Completed in 1681 
2024-12-10 12:00:20.2132 DEBUG RetrieverService.RetrieveAllAsync[ServiceLocation page 209] - Completed in 1716 
2024-12-10 12:00:21.9136 DEBUG RetrieverService.RetrieveAllAsync[ServiceLocation page 210] - Completed in 1700 
2024-12-10 12:00:23.8292 DEBUG RetrieverService.RetrieveAllAsync[ServiceLocation page 211] - Completed in 1915 
2024-12-10 12:00:25.5202 DEBUG RetrieverService.RetrieveAllAsync[ServiceLocation page 212] - Completed in 1690 
2024-12-10 12:00:27.2626 DEBUG RetrieverService.RetrieveAllAsync[ServiceLocation page 213] - Completed in 1741 
2024-12-10 12:00:28.9044 DEBUG RetrieverService.RetrieveAllAsync[ServiceLocation page 214] - Completed in 1642 
2024-12-10 12:00:30.4588 DEBUG RetrieverService.RetrieveAllAsync[ServiceLocation page 215] - Completed in 1553 
2024-12-10 12:00:32.0924 DEBUG RetrieverService.RetrieveAllAsync[ServiceLocation page 216] - Completed in 1632 
2024-12-10 12:00:33.9736 DEBUG RetrieverService.RetrieveAllAsync[ServiceLocation page 217] - Completed in 1880 
2024-12-10 12:00:35.6029 DEBUG RetrieverService.RetrieveAllAsync[ServiceLocation page 218] - Completed in 1628 
2024-12-10 12:00:37.2222 DEBUG RetrieverService.RetrieveAllAsync[ServiceLocation page 219] - Completed in 1619 
2024-12-10 12:00:38.8354 DEBUG RetrieverService.RetrieveAllAsync[ServiceLocation page 220] - Completed in 1612 
2024-12-10 12:00:40.5352 DEBUG RetrieverService.RetrieveAllAsync[ServiceLocation page 221] - Completed in 1699 
2024-12-10 12:00:42.1945 DEBUG RetrieverService.RetrieveAllAsync[ServiceLocation page 222] - Completed in 1658 
2024-12-10 12:00:43.8776 DEBUG RetrieverService.RetrieveAllAsync[ServiceLocation page 223] - Completed in 1682 
2024-12-10 12:00:45.5139 DEBUG RetrieverService.RetrieveAllAsync[ServiceLocation page 224] - Completed in 1636 
2024-12-10 12:00:47.1394 DEBUG RetrieverService.RetrieveAllAsync[ServiceLocation page 225] - Completed in 1623 
2024-12-10 12:00:48.7936 DEBUG RetrieverService.RetrieveAllAsync[ServiceLocation page 226] - Completed in 1653 
2024-12-10 12:00:50.4275 DEBUG RetrieverService.RetrieveAllAsync[ServiceLocation page 227] - Completed in 1633 
2024-12-10 12:00:52.0543 DEBUG RetrieverService.RetrieveAllAsync[ServiceLocation page 228] - Completed in 1627 
2024-12-10 12:00:53.6642 DEBUG RetrieverService.RetrieveAllAsync[ServiceLocation page 229] - Completed in 1609 
2024-12-10 12:00:55.2994 DEBUG RetrieverService.RetrieveAllAsync[ServiceLocation page 230] - Completed in 1634 
2024-12-10 12:00:56.9115 DEBUG RetrieverService.RetrieveAllAsync[ServiceLocation page 231] - Completed in 1611 
2024-12-10 12:00:58.5107 DEBUG RetrieverService.RetrieveAllAsync[ServiceLocation page 232] - Completed in 1598 
2024-12-10 12:01:00.1330 DEBUG RetrieverService.RetrieveAllAsync[ServiceLocation page 233] - Completed in 1622 
2024-12-10 12:01:01.7220 DEBUG RetrieverService.RetrieveAllAsync[ServiceLocation page 234] - Completed in 1588 
2024-12-10 12:01:03.3290 DEBUG RetrieverService.RetrieveAllAsync[ServiceLocation page 235] - Completed in 1606 
2024-12-10 12:01:04.9262 DEBUG RetrieverService.RetrieveAllAsync[ServiceLocation page 236] - Completed in 1597 
2024-12-10 12:01:06.5330 DEBUG RetrieverService.RetrieveAllAsync[ServiceLocation page 237] - Completed in 1606 
2024-12-10 12:01:08.1170 DEBUG RetrieverService.RetrieveAllAsync[ServiceLocation page 238] - Completed in 1583 
2024-12-10 12:01:09.7414 DEBUG RetrieverService.RetrieveAllAsync[ServiceLocation page 239] - Completed in 1623 
2024-12-10 12:01:11.3481 DEBUG RetrieverService.RetrieveAllAsync[ServiceLocation page 240] - Completed in 1606 
2024-12-10 12:01:13.0086 DEBUG RetrieverService.RetrieveAllAsync[ServiceLocation page 241] - Completed in 1660 
2024-12-10 12:01:14.5413 DEBUG RetrieverService.RetrieveAllAsync[ServiceLocation page 242] - Completed in 1532 
2024-12-10 12:01:16.1614 DEBUG RetrieverService.RetrieveAllAsync[ServiceLocation page 243] - Completed in 1619 
2024-12-10 12:01:17.8229 DEBUG RetrieverService.RetrieveAllAsync[ServiceLocation page 244] - Completed in 1661 
2024-12-10 12:01:19.4413 DEBUG RetrieverService.RetrieveAllAsync[ServiceLocation page 245] - Completed in 1617 
2024-12-10 12:01:21.2112 DEBUG RetrieverService.RetrieveAllAsync[ServiceLocation page 246] - Completed in 1770 
2024-12-10 12:01:22.9658 DEBUG RetrieverService.RetrieveAllAsync[ServiceLocation page 247] - Completed in 1754 
2024-12-10 12:01:24.7030 DEBUG RetrieverService.RetrieveAllAsync[ServiceLocation page 248] - Completed in 1736 
2024-12-10 12:01:26.3192 DEBUG RetrieverService.RetrieveAllAsync[ServiceLocation page 249] - Completed in 1616 
2024-12-10 12:01:27.9531 DEBUG RetrieverService.RetrieveAllAsync[ServiceLocation page 250] - Completed in 1633 
2024-12-10 12:01:29.5248 DEBUG RetrieverService.RetrieveAllAsync[ServiceLocation page 251] - Completed in 1571 
2024-12-10 12:01:31.1322 DEBUG RetrieverService.RetrieveAllAsync[ServiceLocation page 252] - Completed in 1606 
2024-12-10 12:01:32.8490 DEBUG RetrieverService.RetrieveAllAsync[ServiceLocation page 253] - Completed in 1716 
2024-12-10 12:01:34.6309 DEBUG RetrieverService.RetrieveAllAsync[ServiceLocation page 254] - Completed in 1781 
2024-12-10 12:01:36.3628 DEBUG RetrieverService.RetrieveAllAsync[ServiceLocation page 255] - Completed in 1731 
2024-12-10 12:01:38.0332 DEBUG RetrieverService.RetrieveAllAsync[ServiceLocation page 256] - Completed in 1669 
2024-12-10 12:01:39.6884 DEBUG RetrieverService.RetrieveAllAsync[ServiceLocation page 257] - Completed in 1655 
2024-12-10 12:01:41.5685 DEBUG RetrieverService.RetrieveAllAsync[ServiceLocation page 258] - Completed in 1879 
2024-12-10 12:01:43.3007 DEBUG RetrieverService.RetrieveAllAsync[ServiceLocation page 259] - Completed in 1731 
2024-12-10 12:01:44.9428 DEBUG RetrieverService.RetrieveAllAsync[ServiceLocation page 260] - Completed in 1641 
2024-12-10 12:01:46.5267 DEBUG RetrieverService.RetrieveAllAsync[ServiceLocation page 261] - Completed in 1583 
2024-12-10 12:01:48.1956 DEBUG RetrieverService.RetrieveAllAsync[ServiceLocation page 262] - Completed in 1668 
2024-12-10 12:01:49.9007 DEBUG RetrieverService.RetrieveAllAsync[ServiceLocation page 263] - Completed in 1705 
2024-12-10 12:01:51.6212 DEBUG RetrieverService.RetrieveAllAsync[ServiceLocation page 264] - Completed in 1720 
2024-12-10 12:01:53.3122 DEBUG RetrieverService.RetrieveAllAsync[ServiceLocation page 265] - Completed in 1689 
2024-12-10 12:01:54.9585 DEBUG RetrieverService.RetrieveAllAsync[ServiceLocation page 266] - Completed in 1646 
2024-12-10 12:01:56.5899 DEBUG RetrieverService.RetrieveAllAsync[ServiceLocation page 267] - Completed in 1630 
2024-12-10 12:01:58.1830 DEBUG RetrieverService.RetrieveAllAsync[ServiceLocation page 268] - Completed in 1593 
2024-12-10 12:01:59.8184 DEBUG RetrieverService.RetrieveAllAsync[ServiceLocation page 269] - Completed in 1634 
2024-12-10 12:02:01.5163 DEBUG RetrieverService.RetrieveAllAsync[ServiceLocation page 270] - Completed in 1697 
2024-12-10 12:02:03.1840 DEBUG RetrieverService.RetrieveAllAsync[ServiceLocation page 271] - Completed in 1667 
2024-12-10 12:02:05.0694 DEBUG RetrieverService.RetrieveAllAsync[ServiceLocation page 272] - Completed in 1884 
2024-12-10 12:02:06.6870 DEBUG RetrieverService.RetrieveAllAsync[ServiceLocation page 273] - Completed in 1616 
2024-12-10 12:02:08.3380 DEBUG RetrieverService.RetrieveAllAsync[ServiceLocation page 274] - Completed in 1650 
2024-12-10 12:02:09.9786 DEBUG RetrieverService.RetrieveAllAsync[ServiceLocation page 275] - Completed in 1640 
2024-12-10 12:02:11.7906 DEBUG RetrieverService.RetrieveAllAsync[ServiceLocation page 276] - Completed in 1811 
2024-12-10 12:02:13.4953 DEBUG RetrieverService.RetrieveAllAsync[ServiceLocation page 277] - Completed in 1704 
2024-12-10 12:02:15.1080 DEBUG RetrieverService.RetrieveAllAsync[ServiceLocation page 278] - Completed in 1612 
2024-12-10 12:02:16.7632 DEBUG RetrieverService.RetrieveAllAsync[ServiceLocation page 279] - Completed in 1655 
2024-12-10 12:02:18.3553 DEBUG RetrieverService.RetrieveAllAsync[ServiceLocation page 280] - Completed in 1591 
2024-12-10 12:02:20.1129 DEBUG RetrieverService.RetrieveAllAsync[ServiceLocation page 281] - Completed in 1757 
2024-12-10 12:02:21.8564 DEBUG RetrieverService.RetrieveAllAsync[ServiceLocation page 282] - Completed in 1743 
2024-12-10 12:02:23.5590 DEBUG RetrieverService.RetrieveAllAsync[ServiceLocation page 283] - Completed in 1702 
2024-12-10 12:02:25.3607 DEBUG RetrieverService.RetrieveAllAsync[ServiceLocation page 284] - Completed in 1801 
2024-12-10 12:02:27.0644 DEBUG RetrieverService.RetrieveAllAsync[ServiceLocation page 285] - Completed in 1703 
2024-12-10 12:02:28.8027 DEBUG RetrieverService.RetrieveAllAsync[ServiceLocation page 286] - Completed in 1738 
2024-12-10 12:02:30.4112 DEBUG RetrieverService.RetrieveAllAsync[ServiceLocation page 287] - Completed in 1607 
2024-12-10 12:02:32.0295 DEBUG RetrieverService.RetrieveAllAsync[ServiceLocation page 288] - Completed in 1618 
2024-12-10 12:02:33.6050 DEBUG RetrieverService.RetrieveAllAsync[ServiceLocation page 289] - Completed in 1573 
2024-12-10 12:02:35.1959 DEBUG RetrieverService.RetrieveAllAsync[ServiceLocation page 290] - Completed in 1590 
2024-12-10 12:02:36.7915 DEBUG RetrieverService.RetrieveAllAsync[ServiceLocation page 291] - Completed in 1595 
2024-12-10 12:02:38.3648 DEBUG RetrieverService.RetrieveAllAsync[ServiceLocation page 292] - Completed in 1573 
2024-12-10 12:02:39.9462 DEBUG RetrieverService.RetrieveAllAsync[ServiceLocation page 293] - Completed in 1580 
2024-12-10 12:02:41.6576 DEBUG RetrieverService.RetrieveAllAsync[ServiceLocation page 294] - Completed in 1710 
2024-12-10 12:02:43.3145 DEBUG RetrieverService.RetrieveAllAsync[ServiceLocation page 295] - Completed in 1656 
2024-12-10 12:02:44.9734 DEBUG RetrieverService.RetrieveAllAsync[ServiceLocation page 296] - Completed in 1657 
2024-12-10 12:02:46.5897 DEBUG RetrieverService.RetrieveAllAsync[ServiceLocation page 297] - Completed in 1616 
2024-12-10 12:02:48.2830 DEBUG RetrieverService.RetrieveAllAsync[ServiceLocation page 298] - Completed in 1692 
2024-12-10 12:02:49.8995 DEBUG RetrieverService.RetrieveAllAsync[ServiceLocation page 299] - Completed in 1616 
2024-12-10 12:02:51.5194 DEBUG RetrieverService.RetrieveAllAsync[ServiceLocation page 300] - Completed in 1619 
2024-12-10 12:02:53.1797 DEBUG RetrieverService.RetrieveAllAsync[ServiceLocation page 301] - Completed in 1660 
2024-12-10 12:02:54.9150 DEBUG RetrieverService.RetrieveAllAsync[ServiceLocation page 302] - Completed in 1734 
2024-12-10 12:02:56.5832 DEBUG RetrieverService.RetrieveAllAsync[ServiceLocation page 303] - Completed in 1667 
2024-12-10 12:02:58.1833 DEBUG RetrieverService.RetrieveAllAsync[ServiceLocation page 304] - Completed in 1600 
2024-12-10 12:02:59.7961 DEBUG RetrieverService.RetrieveAllAsync[ServiceLocation page 305] - Completed in 1611 
2024-12-10 12:03:01.4882 DEBUG RetrieverService.RetrieveAllAsync[ServiceLocation page 306] - Completed in 1691 
2024-12-10 12:03:03.1058 DEBUG RetrieverService.RetrieveAllAsync[ServiceLocation page 307] - Completed in 1617 
2024-12-10 12:03:04.9493 DEBUG RetrieverService.RetrieveAllAsync[ServiceLocation page 308] - Completed in 1843 
2024-12-10 12:03:06.5838 DEBUG RetrieverService.RetrieveAllAsync[ServiceLocation page 309] - Completed in 1634 
2024-12-10 12:03:08.1877 DEBUG RetrieverService.RetrieveAllAsync[ServiceLocation page 310] - Completed in 1603 
2024-12-10 12:03:09.7733 DEBUG RetrieverService.RetrieveAllAsync[ServiceLocation page 311] - Completed in 1584 
2024-12-10 12:03:11.4001 DEBUG RetrieverService.RetrieveAllAsync[ServiceLocation page 312] - Completed in 1626 
2024-12-10 12:03:13.0625 DEBUG RetrieverService.RetrieveAllAsync[ServiceLocation page 313] - Completed in 1662 
2024-12-10 12:03:14.6975 DEBUG RetrieverService.RetrieveAllAsync[ServiceLocation page 314] - Completed in 1634 
2024-12-10 12:03:16.6197 DEBUG RetrieverService.RetrieveAllAsync[ServiceLocation page 315] - Completed in 1922 
2024-12-10 12:03:18.3121 DEBUG RetrieverService.RetrieveAllAsync[ServiceLocation page 316] - Completed in 1691 
2024-12-10 12:03:19.9966 DEBUG RetrieverService.RetrieveAllAsync[ServiceLocation page 317] - Completed in 1684 
2024-12-10 12:03:22.5329 DEBUG RetrieverService.RetrieveAllAsync[ServiceLocation page 318] - Completed in 2536 
2024-12-10 12:03:24.1098 DEBUG RetrieverService.RetrieveAllAsync[ServiceLocation page 319] - Completed in 1576 
2024-12-10 12:03:25.7158 DEBUG RetrieverService.RetrieveAllAsync[ServiceLocation page 320] - Completed in 1605 
2024-12-10 12:03:27.4022 DEBUG RetrieverService.RetrieveAllAsync[ServiceLocation page 321] - Completed in 1685 
2024-12-10 12:03:29.0983 DEBUG RetrieverService.RetrieveAllAsync[ServiceLocation page 322] - Completed in 1696 
2024-12-10 12:03:30.7857 DEBUG RetrieverService.RetrieveAllAsync[ServiceLocation page 323] - Completed in 1686 
2024-12-10 12:03:32.4217 DEBUG RetrieverService.RetrieveAllAsync[ServiceLocation page 324] - Completed in 1635 
2024-12-10 12:03:34.1283 DEBUG RetrieverService.RetrieveAllAsync[ServiceLocation page 325] - Completed in 1706 
2024-12-10 12:03:35.7484 DEBUG RetrieverService.RetrieveAllAsync[ServiceLocation page 326] - Completed in 1619 
2024-12-10 12:03:37.3304 DEBUG RetrieverService.RetrieveAllAsync[ServiceLocation page 327] - Completed in 1581 
2024-12-10 12:03:38.9921 DEBUG RetrieverService.RetrieveAllAsync[ServiceLocation page 328] - Completed in 1661 
2024-12-10 12:03:40.6329 DEBUG RetrieverService.RetrieveAllAsync[ServiceLocation page 329] - Completed in 1640 
2024-12-10 12:03:42.4030 DEBUG RetrieverService.RetrieveAllAsync[ServiceLocation page 330] - Completed in 1769 
2024-12-10 12:03:44.0484 DEBUG RetrieverService.RetrieveAllAsync[ServiceLocation page 331] - Completed in 1645 
2024-12-10 12:03:46.6785 DEBUG RetrieverService.RetrieveAllAsync[ServiceLocation page 332] - Completed in 2628 
2024-12-10 12:03:48.3934 DEBUG RetrieverService.RetrieveAllAsync[ServiceLocation page 333] - Completed in 1715 
2024-12-10 12:03:50.1239 DEBUG RetrieverService.RetrieveAllAsync[ServiceLocation page 334] - Completed in 1729 
2024-12-10 12:03:51.6820 DEBUG RetrieverService.RetrieveAllAsync[ServiceLocation page 335] - Completed in 1557 
2024-12-10 12:03:53.3813 DEBUG RetrieverService.RetrieveAllAsync[ServiceLocation page 336] - Completed in 1698 
2024-12-10 12:03:55.0246 DEBUG RetrieverService.RetrieveAllAsync[ServiceLocation page 337] - Completed in 1643 
2024-12-10 12:03:56.8237 DEBUG RetrieverService.RetrieveAllAsync[ServiceLocation page 338] - Completed in 1798 
2024-12-10 12:03:58.6715 DEBUG RetrieverService.RetrieveAllAsync[ServiceLocation page 339] - Completed in 1847 
2024-12-10 12:04:00.4024 DEBUG RetrieverService.RetrieveAllAsync[ServiceLocation page 340] - Completed in 1730 
2024-12-10 12:04:02.0998 DEBUG RetrieverService.RetrieveAllAsync[ServiceLocation page 341] - Completed in 1696 
2024-12-10 12:04:03.7176 DEBUG RetrieverService.RetrieveAllAsync[ServiceLocation page 342] - Completed in 1617 
2024-12-10 12:04:03.7185 DEBUG RetrieverService.RetrieveAllAsync[ServiceLocation] - Completed in 581449 
