2024-01-15 10:42:26.4874 INFO Breakthru Beverage Location Exporter v1.0.0.0 
2024-01-15 10:42:27.0015 INFO      Connecting to RNA Server... 
2024-01-15 10:42:32.5878 DEBUG ConnectionService.InitAsync[Full-Login-Call] - Completed in 5064 
2024-01-15 10:42:32.6390 DEBUG ConnectionService.InitAsync[Query Service Construction] - Completed in 54 
2024-01-15 10:42:35.6994 DEBUG ConnectionService.InitAsync[Retrieve-Regions-Call] - Completed in 3054 
2024-01-15 10:42:36.0540 DEBUG ConnectionService.InitAsync[Retrieve-BusinessUnits-Call] - Completed in 349 
2024-01-15 10:42:36.2240 DEBUG ConnectionService.InitAsync[Retrieve-URLs-Call] - Completed in 167 
2024-01-15 10:42:36.3772 DEBUG ConnectionService.InitAsync - Completed in 8967 
2024-01-15 10:42:36.4928 INFO      Connected Successfully to RNA Server. Elapsed Seconds: 9.4914536 
2024-01-15 11:16:52.6980 DEBUG RetrieverService.RetrieveAllAsync[ServiceLocation page 0] - Completed in 3874 
2024-01-15 11:16:54.5510 DEBUG RetrieverService.RetrieveAllAsync[ServiceLocation page 1] - Completed in 1848 
2024-01-15 11:16:56.0883 DEBUG RetrieverService.RetrieveAllAsync[ServiceLocation page 2] - Completed in 1540 
2024-01-15 11:16:57.6214 DEBUG RetrieverService.RetrieveAllAsync[ServiceLocation page 3] - Completed in 1525 
2024-01-15 11:16:59.2308 DEBUG RetrieverService.RetrieveAllAsync[ServiceLocation page 4] - Completed in 1608 
2024-01-15 11:17:00.7743 DEBUG RetrieverService.RetrieveAllAsync[ServiceLocation page 5] - Completed in 1543 
2024-01-15 11:17:02.3069 DEBUG RetrieverService.RetrieveAllAsync[ServiceLocation page 6] - Completed in 1530 
2024-01-15 11:17:03.8314 DEBUG RetrieverService.RetrieveAllAsync[ServiceLocation page 7] - Completed in 1522 
2024-01-15 11:17:05.3927 DEBUG RetrieverService.RetrieveAllAsync[ServiceLocation page 8] - Completed in 1559 
2024-01-15 11:17:06.9392 DEBUG RetrieverService.RetrieveAllAsync[ServiceLocation page 9] - Completed in 1544 
2024-01-15 11:17:08.5236 DEBUG RetrieverService.RetrieveAllAsync[ServiceLocation page 10] - Completed in 1583 
2024-01-15 11:17:10.0884 DEBUG RetrieverService.RetrieveAllAsync[ServiceLocation page 11] - Completed in 1563 
2024-01-15 11:17:11.5768 DEBUG RetrieverService.RetrieveAllAsync[ServiceLocation page 12] - Completed in 1486 
2024-01-15 11:17:13.1900 DEBUG RetrieverService.RetrieveAllAsync[ServiceLocation page 13] - Completed in 1611 
2024-01-15 11:17:14.7034 DEBUG RetrieverService.RetrieveAllAsync[ServiceLocation page 14] - Completed in 1512 
2024-01-15 11:17:16.2035 DEBUG RetrieverService.RetrieveAllAsync[ServiceLocation page 15] - Completed in 1499 
2024-01-15 11:17:17.7346 DEBUG RetrieverService.RetrieveAllAsync[ServiceLocation page 16] - Completed in 1530 
2024-01-15 11:17:19.2570 DEBUG RetrieverService.RetrieveAllAsync[ServiceLocation page 17] - Completed in 1520 
2024-01-15 11:17:21.0182 DEBUG RetrieverService.RetrieveAllAsync[ServiceLocation page 18] - Completed in 1759 
2024-01-15 11:17:22.6864 DEBUG RetrieverService.RetrieveAllAsync[ServiceLocation page 19] - Completed in 1666 
2024-01-15 11:17:24.2120 DEBUG RetrieverService.RetrieveAllAsync[ServiceLocation page 20] - Completed in 1523 
2024-01-15 11:17:25.7658 DEBUG RetrieverService.RetrieveAllAsync[ServiceLocation page 21] - Completed in 1552 
2024-01-15 11:17:27.3705 DEBUG RetrieverService.RetrieveAllAsync[ServiceLocation page 22] - Completed in 1602 
2024-01-15 11:17:28.8803 DEBUG RetrieverService.RetrieveAllAsync[ServiceLocation page 23] - Completed in 1510 
2024-01-15 11:17:30.3821 DEBUG RetrieverService.RetrieveAllAsync[ServiceLocation page 24] - Completed in 1497 
2024-01-15 11:17:31.8783 DEBUG RetrieverService.RetrieveAllAsync[ServiceLocation page 25] - Completed in 1498 
2024-01-15 11:17:33.3956 DEBUG RetrieverService.RetrieveAllAsync[ServiceLocation page 26] - Completed in 1512 
2024-01-15 11:17:35.0081 DEBUG RetrieverService.RetrieveAllAsync[ServiceLocation page 27] - Completed in 1616 
2024-01-15 11:17:36.5485 DEBUG RetrieverService.RetrieveAllAsync[ServiceLocation page 28] - Completed in 1533 
2024-01-15 11:17:38.0544 DEBUG RetrieverService.RetrieveAllAsync[ServiceLocation page 29] - Completed in 1504 
2024-01-15 11:17:42.8985 DEBUG RetrieverService.RetrieveAllAsync[ServiceLocation page 30] - Completed in 4848 
2024-01-15 11:17:44.5267 DEBUG RetrieverService.RetrieveAllAsync[ServiceLocation page 31] - Completed in 1621 
2024-01-15 11:17:46.0955 DEBUG RetrieverService.RetrieveAllAsync[ServiceLocation page 32] - Completed in 1567 
2024-01-15 11:17:47.7089 DEBUG RetrieverService.RetrieveAllAsync[ServiceLocation page 33] - Completed in 1611 
2024-01-15 11:17:49.3052 DEBUG RetrieverService.RetrieveAllAsync[ServiceLocation page 34] - Completed in 1595 
2024-01-15 11:17:50.9581 DEBUG RetrieverService.RetrieveAllAsync[ServiceLocation page 35] - Completed in 1651 
2024-01-15 11:17:52.5140 DEBUG RetrieverService.RetrieveAllAsync[ServiceLocation page 36] - Completed in 1554 
2024-01-15 11:17:54.4036 DEBUG RetrieverService.RetrieveAllAsync[ServiceLocation page 37] - Completed in 1888 
2024-01-15 11:17:55.9317 DEBUG RetrieverService.RetrieveAllAsync[ServiceLocation page 38] - Completed in 1527 
2024-01-15 11:17:57.4339 DEBUG RetrieverService.RetrieveAllAsync[ServiceLocation page 39] - Completed in 1501 
2024-01-15 11:17:58.9065 DEBUG RetrieverService.RetrieveAllAsync[ServiceLocation page 40] - Completed in 1470 
2024-01-15 11:18:00.3984 DEBUG RetrieverService.RetrieveAllAsync[ServiceLocation page 41] - Completed in 1491 
2024-01-15 11:18:02.0268 DEBUG RetrieverService.RetrieveAllAsync[ServiceLocation page 42] - Completed in 1627 
2024-01-15 11:18:03.6115 DEBUG RetrieverService.RetrieveAllAsync[ServiceLocation page 43] - Completed in 1583 
2024-01-15 11:18:05.1742 DEBUG RetrieverService.RetrieveAllAsync[ServiceLocation page 44] - Completed in 1560 
2024-01-15 11:18:06.7066 DEBUG RetrieverService.RetrieveAllAsync[ServiceLocation page 45] - Completed in 1530 
2024-01-15 11:18:08.1883 DEBUG RetrieverService.RetrieveAllAsync[ServiceLocation page 46] - Completed in 1490 
2024-01-15 11:18:09.7581 DEBUG RetrieverService.RetrieveAllAsync[ServiceLocation page 47] - Completed in 1558 
2024-01-15 11:18:11.3215 DEBUG RetrieverService.RetrieveAllAsync[ServiceLocation page 48] - Completed in 1562 
2024-01-15 11:18:12.8889 DEBUG RetrieverService.RetrieveAllAsync[ServiceLocation page 49] - Completed in 1566 
2024-01-15 11:18:14.4284 DEBUG RetrieverService.RetrieveAllAsync[ServiceLocation page 50] - Completed in 1538 
2024-01-15 11:18:16.0392 DEBUG RetrieverService.RetrieveAllAsync[ServiceLocation page 51] - Completed in 1609 
2024-01-15 11:18:17.5589 DEBUG RetrieverService.RetrieveAllAsync[ServiceLocation page 52] - Completed in 1518 
2024-01-15 11:18:21.0000 DEBUG RetrieverService.RetrieveAllAsync[ServiceLocation page 53] - Completed in 3440 
2024-01-15 11:18:23.3284 DEBUG RetrieverService.RetrieveAllAsync[ServiceLocation page 54] - Completed in 2327 
2024-01-15 11:18:25.0194 DEBUG RetrieverService.RetrieveAllAsync[ServiceLocation page 55] - Completed in 1689 
2024-01-15 11:18:26.9494 DEBUG RetrieverService.RetrieveAllAsync[ServiceLocation page 56] - Completed in 1928 
2024-01-15 11:18:28.4181 DEBUG RetrieverService.RetrieveAllAsync[ServiceLocation page 57] - Completed in 1472 
2024-01-15 11:18:30.0660 DEBUG RetrieverService.RetrieveAllAsync[ServiceLocation page 58] - Completed in 1641 
2024-01-15 11:18:31.6680 DEBUG RetrieverService.RetrieveAllAsync[ServiceLocation page 59] - Completed in 1601 
2024-01-15 11:18:33.9583 DEBUG RetrieverService.RetrieveAllAsync[ServiceLocation page 60] - Completed in 2288 
2024-01-15 11:18:35.7296 DEBUG RetrieverService.RetrieveAllAsync[ServiceLocation page 61] - Completed in 1769 
2024-01-15 11:18:37.4745 DEBUG RetrieverService.RetrieveAllAsync[ServiceLocation page 62] - Completed in 1743 
2024-01-15 11:18:39.1372 DEBUG RetrieverService.RetrieveAllAsync[ServiceLocation page 63] - Completed in 1662 
2024-01-15 11:18:41.0884 DEBUG RetrieverService.RetrieveAllAsync[ServiceLocation page 64] - Completed in 1954 
2024-01-15 11:18:42.5392 DEBUG RetrieverService.RetrieveAllAsync[ServiceLocation page 65] - Completed in 1444 
2024-01-15 11:18:44.0925 DEBUG RetrieverService.RetrieveAllAsync[ServiceLocation page 66] - Completed in 1552 
2024-01-15 11:18:45.4616 DEBUG RetrieverService.RetrieveAllAsync[ServiceLocation page 67] - Completed in 1367 
2024-01-15 11:18:47.0038 DEBUG RetrieverService.RetrieveAllAsync[ServiceLocation page 68] - Completed in 1540 
2024-01-15 11:18:48.6267 DEBUG RetrieverService.RetrieveAllAsync[ServiceLocation page 69] - Completed in 1623 
2024-01-15 11:18:50.2562 DEBUG RetrieverService.RetrieveAllAsync[ServiceLocation page 70] - Completed in 1627 
2024-01-15 11:18:51.8683 DEBUG RetrieverService.RetrieveAllAsync[ServiceLocation page 71] - Completed in 1610 
2024-01-15 11:18:53.4481 DEBUG RetrieverService.RetrieveAllAsync[ServiceLocation page 72] - Completed in 1579 
2024-01-15 11:18:54.9450 DEBUG RetrieverService.RetrieveAllAsync[ServiceLocation page 73] - Completed in 1494 
2024-01-15 11:18:56.6428 DEBUG RetrieverService.RetrieveAllAsync[ServiceLocation page 74] - Completed in 1697 
2024-01-15 11:18:58.2174 DEBUG RetrieverService.RetrieveAllAsync[ServiceLocation page 75] - Completed in 1573 
2024-01-15 11:18:59.7083 DEBUG RetrieverService.RetrieveAllAsync[ServiceLocation page 76] - Completed in 1489 
2024-01-15 11:19:01.4212 DEBUG RetrieverService.RetrieveAllAsync[ServiceLocation page 77] - Completed in 1711 
2024-01-15 11:19:03.3182 DEBUG RetrieverService.RetrieveAllAsync[ServiceLocation page 78] - Completed in 1895 
2024-01-15 11:19:04.7495 DEBUG RetrieverService.RetrieveAllAsync[ServiceLocation page 79] - Completed in 1429 
2024-01-15 11:19:06.1623 DEBUG RetrieverService.RetrieveAllAsync[ServiceLocation page 80] - Completed in 1411 
2024-01-15 11:19:07.6029 DEBUG RetrieverService.RetrieveAllAsync[ServiceLocation page 81] - Completed in 1439 
2024-01-15 11:19:09.0131 DEBUG RetrieverService.RetrieveAllAsync[ServiceLocation page 82] - Completed in 1410 
2024-01-15 11:19:10.4583 DEBUG RetrieverService.RetrieveAllAsync[ServiceLocation page 83] - Completed in 1443 
2024-01-15 11:19:12.0181 DEBUG RetrieverService.RetrieveAllAsync[ServiceLocation page 84] - Completed in 1559 
2024-01-15 11:19:13.6040 DEBUG RetrieverService.RetrieveAllAsync[ServiceLocation page 85] - Completed in 1583 
2024-01-15 11:19:15.0985 DEBUG RetrieverService.RetrieveAllAsync[ServiceLocation page 86] - Completed in 1495 
2024-01-15 11:19:16.8282 DEBUG RetrieverService.RetrieveAllAsync[ServiceLocation page 87] - Completed in 1736 
2024-01-15 11:19:18.4733 DEBUG RetrieverService.RetrieveAllAsync[ServiceLocation page 88] - Completed in 1635 
2024-01-15 11:19:20.0969 DEBUG RetrieverService.RetrieveAllAsync[ServiceLocation page 89] - Completed in 1622 
2024-01-15 11:19:21.6773 DEBUG RetrieverService.RetrieveAllAsync[ServiceLocation page 90] - Completed in 1578 
2024-01-15 11:19:23.2185 DEBUG RetrieverService.RetrieveAllAsync[ServiceLocation page 91] - Completed in 1548 
2024-01-15 11:19:24.7133 DEBUG RetrieverService.RetrieveAllAsync[ServiceLocation page 92] - Completed in 1485 
2024-01-15 11:19:26.2395 DEBUG RetrieverService.RetrieveAllAsync[ServiceLocation page 93] - Completed in 1524 
2024-01-15 11:19:27.8213 DEBUG RetrieverService.RetrieveAllAsync[ServiceLocation page 94] - Completed in 1581 
2024-01-15 11:19:29.3282 DEBUG RetrieverService.RetrieveAllAsync[ServiceLocation page 95] - Completed in 1505 
2024-01-15 11:19:30.9684 DEBUG RetrieverService.RetrieveAllAsync[ServiceLocation page 96] - Completed in 1639 
2024-01-15 11:19:32.4484 DEBUG RetrieverService.RetrieveAllAsync[ServiceLocation page 97] - Completed in 1479 
2024-01-15 11:19:33.9917 DEBUG RetrieverService.RetrieveAllAsync[ServiceLocation page 98] - Completed in 1546 
2024-01-15 11:19:36.3784 DEBUG RetrieverService.RetrieveAllAsync[ServiceLocation page 99] - Completed in 2380 
2024-01-15 11:19:37.9245 DEBUG RetrieverService.RetrieveAllAsync[ServiceLocation page 100] - Completed in 1544 
2024-01-15 11:19:39.8267 DEBUG RetrieverService.RetrieveAllAsync[ServiceLocation page 101] - Completed in 1900 
2024-01-15 11:19:41.5852 DEBUG RetrieverService.RetrieveAllAsync[ServiceLocation page 102] - Completed in 1757 
2024-01-15 11:19:43.1581 DEBUG RetrieverService.RetrieveAllAsync[ServiceLocation page 103] - Completed in 1576 
2024-01-15 11:19:44.6013 DEBUG RetrieverService.RetrieveAllAsync[ServiceLocation page 104] - Completed in 1438 
2024-01-15 11:19:46.0619 DEBUG RetrieverService.RetrieveAllAsync[ServiceLocation page 105] - Completed in 1459 
2024-01-15 11:19:47.5522 DEBUG RetrieverService.RetrieveAllAsync[ServiceLocation page 106] - Completed in 1489 
2024-01-15 11:19:48.9968 DEBUG RetrieverService.RetrieveAllAsync[ServiceLocation page 107] - Completed in 1443 
2024-01-15 11:19:50.5533 DEBUG RetrieverService.RetrieveAllAsync[ServiceLocation page 108] - Completed in 1555 
2024-01-15 11:19:52.0117 DEBUG RetrieverService.RetrieveAllAsync[ServiceLocation page 109] - Completed in 1457 
2024-01-15 11:19:53.4607 DEBUG RetrieverService.RetrieveAllAsync[ServiceLocation page 110] - Completed in 1448 
2024-01-15 11:19:54.9232 DEBUG RetrieverService.RetrieveAllAsync[ServiceLocation page 111] - Completed in 1460 
2024-01-15 11:19:56.4282 DEBUG RetrieverService.RetrieveAllAsync[ServiceLocation page 112] - Completed in 1512 
2024-01-15 11:19:57.8070 DEBUG RetrieverService.RetrieveAllAsync[ServiceLocation page 113] - Completed in 1369 
2024-01-15 11:19:59.2283 DEBUG RetrieverService.RetrieveAllAsync[ServiceLocation page 114] - Completed in 1420 
2024-01-15 11:20:01.5442 DEBUG RetrieverService.RetrieveAllAsync[ServiceLocation page 115] - Completed in 2314 
2024-01-15 11:20:03.0312 DEBUG RetrieverService.RetrieveAllAsync[ServiceLocation page 116] - Completed in 1485 
2024-01-15 11:20:05.3854 DEBUG RetrieverService.RetrieveAllAsync[ServiceLocation page 117] - Completed in 2353 
2024-01-15 11:20:06.8013 DEBUG RetrieverService.RetrieveAllAsync[ServiceLocation page 118] - Completed in 1414 
2024-01-15 11:20:09.3991 DEBUG RetrieverService.RetrieveAllAsync[ServiceLocation page 119] - Completed in 2596 
2024-01-15 11:20:10.8356 DEBUG RetrieverService.RetrieveAllAsync[ServiceLocation page 120] - Completed in 1435 
2024-01-15 11:20:12.3548 DEBUG RetrieverService.RetrieveAllAsync[ServiceLocation page 121] - Completed in 1518 
2024-01-15 11:20:13.8319 DEBUG RetrieverService.RetrieveAllAsync[ServiceLocation page 122] - Completed in 1480 
2024-01-15 11:20:15.3863 DEBUG RetrieverService.RetrieveAllAsync[ServiceLocation page 123] - Completed in 1548 
2024-01-15 11:20:16.9655 DEBUG RetrieverService.RetrieveAllAsync[ServiceLocation page 124] - Completed in 1577 
2024-01-15 11:20:18.4533 DEBUG RetrieverService.RetrieveAllAsync[ServiceLocation page 125] - Completed in 1489 
2024-01-15 11:20:19.9688 DEBUG RetrieverService.RetrieveAllAsync[ServiceLocation page 126] - Completed in 1511 
2024-01-15 11:20:21.3881 DEBUG RetrieverService.RetrieveAllAsync[ServiceLocation page 127] - Completed in 1426 
2024-01-15 11:20:23.2084 DEBUG RetrieverService.RetrieveAllAsync[ServiceLocation page 128] - Completed in 1814 
2024-01-15 11:20:24.7184 DEBUG RetrieverService.RetrieveAllAsync[ServiceLocation page 129] - Completed in 1505 
2024-01-15 11:20:26.2162 DEBUG RetrieverService.RetrieveAllAsync[ServiceLocation page 130] - Completed in 1495 
2024-01-15 11:20:27.7213 DEBUG RetrieverService.RetrieveAllAsync[ServiceLocation page 131] - Completed in 1503 
2024-01-15 11:20:29.3283 DEBUG RetrieverService.RetrieveAllAsync[ServiceLocation page 132] - Completed in 1605 
2024-01-15 11:20:30.8535 DEBUG RetrieverService.RetrieveAllAsync[ServiceLocation page 133] - Completed in 1523 
2024-01-15 11:20:32.4563 DEBUG RetrieverService.RetrieveAllAsync[ServiceLocation page 134] - Completed in 1601 
2024-01-15 11:20:33.9344 DEBUG RetrieverService.RetrieveAllAsync[ServiceLocation page 135] - Completed in 1476 
2024-01-15 11:20:35.3111 DEBUG RetrieverService.RetrieveAllAsync[ServiceLocation page 136] - Completed in 1381 
2024-01-15 11:20:36.7546 DEBUG RetrieverService.RetrieveAllAsync[ServiceLocation page 137] - Completed in 1436 
2024-01-15 11:20:38.1161 DEBUG RetrieverService.RetrieveAllAsync[ServiceLocation page 138] - Completed in 1360 
2024-01-15 11:20:39.5184 DEBUG RetrieverService.RetrieveAllAsync[ServiceLocation page 139] - Completed in 1401 
2024-01-15 11:20:41.0037 DEBUG RetrieverService.RetrieveAllAsync[ServiceLocation page 140] - Completed in 1483 
2024-01-15 11:20:42.4251 DEBUG RetrieverService.RetrieveAllAsync[ServiceLocation page 141] - Completed in 1420 
2024-01-15 11:20:43.7953 DEBUG RetrieverService.RetrieveAllAsync[ServiceLocation page 142] - Completed in 1368 
2024-01-15 11:20:45.1728 DEBUG RetrieverService.RetrieveAllAsync[ServiceLocation page 143] - Completed in 1376 
2024-01-15 11:20:46.5301 DEBUG RetrieverService.RetrieveAllAsync[ServiceLocation page 144] - Completed in 1355 
2024-01-15 11:20:48.0159 DEBUG RetrieverService.RetrieveAllAsync[ServiceLocation page 145] - Completed in 1484 
2024-01-15 11:20:49.4133 DEBUG RetrieverService.RetrieveAllAsync[ServiceLocation page 146] - Completed in 1396 
2024-01-15 11:20:50.8391 DEBUG RetrieverService.RetrieveAllAsync[ServiceLocation page 147] - Completed in 1424 
2024-01-15 11:20:52.2235 DEBUG RetrieverService.RetrieveAllAsync[ServiceLocation page 148] - Completed in 1383 
2024-01-15 11:20:53.6325 DEBUG RetrieverService.RetrieveAllAsync[ServiceLocation page 149] - Completed in 1407 
2024-01-15 11:20:55.1256 DEBUG RetrieverService.RetrieveAllAsync[ServiceLocation page 150] - Completed in 1492 
2024-01-15 11:20:56.5203 DEBUG RetrieverService.RetrieveAllAsync[ServiceLocation page 151] - Completed in 1394 
2024-01-15 11:20:57.9668 DEBUG RetrieverService.RetrieveAllAsync[ServiceLocation page 152] - Completed in 1445 
2024-01-15 11:20:59.4648 DEBUG RetrieverService.RetrieveAllAsync[ServiceLocation page 153] - Completed in 1496 
2024-01-15 11:21:01.6468 DEBUG RetrieverService.RetrieveAllAsync[ServiceLocation page 154] - Completed in 2179 
2024-01-15 11:21:03.8003 DEBUG RetrieverService.RetrieveAllAsync[ServiceLocation page 155] - Completed in 2152 
2024-01-15 11:21:05.7956 DEBUG RetrieverService.RetrieveAllAsync[ServiceLocation page 156] - Completed in 1994 
2024-01-15 11:21:07.8928 DEBUG RetrieverService.RetrieveAllAsync[ServiceLocation page 157] - Completed in 2096 
2024-01-15 11:21:09.9123 DEBUG RetrieverService.RetrieveAllAsync[ServiceLocation page 158] - Completed in 2018 
2024-01-15 11:21:11.3230 DEBUG RetrieverService.RetrieveAllAsync[ServiceLocation page 159] - Completed in 1409 
2024-01-15 11:21:12.7124 DEBUG RetrieverService.RetrieveAllAsync[ServiceLocation page 160] - Completed in 1388 
2024-01-15 11:21:14.0203 DEBUG RetrieverService.RetrieveAllAsync[ServiceLocation page 161] - Completed in 1306 
2024-01-15 11:21:15.3883 DEBUG RetrieverService.RetrieveAllAsync[ServiceLocation page 162] - Completed in 1371 
2024-01-15 11:21:16.8428 DEBUG RetrieverService.RetrieveAllAsync[ServiceLocation page 163] - Completed in 1448 
2024-01-15 11:21:18.1757 DEBUG RetrieverService.RetrieveAllAsync[ServiceLocation page 164] - Completed in 1331 
2024-01-15 11:21:19.5813 DEBUG RetrieverService.RetrieveAllAsync[ServiceLocation page 165] - Completed in 1405 
2024-01-15 11:21:20.9360 DEBUG RetrieverService.RetrieveAllAsync[ServiceLocation page 166] - Completed in 1353 
2024-01-15 11:21:22.3317 DEBUG RetrieverService.RetrieveAllAsync[ServiceLocation page 167] - Completed in 1394 
2024-01-15 11:21:24.1011 DEBUG RetrieverService.RetrieveAllAsync[ServiceLocation page 168] - Completed in 1767 
2024-01-15 11:21:25.4114 DEBUG RetrieverService.RetrieveAllAsync[ServiceLocation page 169] - Completed in 1309 
2024-01-15 11:21:26.8103 DEBUG RetrieverService.RetrieveAllAsync[ServiceLocation page 170] - Completed in 1397 
2024-01-15 11:21:28.5193 DEBUG RetrieverService.RetrieveAllAsync[ServiceLocation page 171] - Completed in 1707 
2024-01-15 11:21:29.9944 DEBUG RetrieverService.RetrieveAllAsync[ServiceLocation page 172] - Completed in 1474 
2024-01-15 11:21:31.5593 DEBUG RetrieverService.RetrieveAllAsync[ServiceLocation page 173] - Completed in 1563 
2024-01-15 11:21:33.2349 DEBUG RetrieverService.RetrieveAllAsync[ServiceLocation page 174] - Completed in 1675 
2024-01-15 11:21:34.6934 DEBUG RetrieverService.RetrieveAllAsync[ServiceLocation page 175] - Completed in 1456 
2024-01-15 11:21:36.1990 DEBUG RetrieverService.RetrieveAllAsync[ServiceLocation page 176] - Completed in 1504 
2024-01-15 11:21:37.6704 DEBUG RetrieverService.RetrieveAllAsync[ServiceLocation page 177] - Completed in 1470 
2024-01-15 11:21:39.1384 DEBUG RetrieverService.RetrieveAllAsync[ServiceLocation page 178] - Completed in 1468 
2024-01-15 11:21:40.5773 DEBUG RetrieverService.RetrieveAllAsync[ServiceLocation page 179] - Completed in 1435 
2024-01-15 11:21:42.0611 DEBUG RetrieverService.RetrieveAllAsync[ServiceLocation page 180] - Completed in 1482 
2024-01-15 11:21:43.4483 DEBUG RetrieverService.RetrieveAllAsync[ServiceLocation page 181] - Completed in 1386 
2024-01-15 11:21:44.9452 DEBUG RetrieverService.RetrieveAllAsync[ServiceLocation page 182] - Completed in 1494 
2024-01-15 11:21:46.5461 DEBUG RetrieverService.RetrieveAllAsync[ServiceLocation page 183] - Completed in 1599 
2024-01-15 11:21:48.0719 DEBUG RetrieverService.RetrieveAllAsync[ServiceLocation page 184] - Completed in 1525 
2024-01-15 11:21:49.7336 DEBUG RetrieverService.RetrieveAllAsync[ServiceLocation page 185] - Completed in 1660 
2024-01-15 11:21:51.1700 DEBUG RetrieverService.RetrieveAllAsync[ServiceLocation page 186] - Completed in 1436 
2024-01-15 11:21:51.1700 DEBUG RetrieverService.RetrieveAllAsync[ServiceLocation] - Completed in 302346 
