2024-01-16 11:59:15.7746 INFO Breakthru Beverage Location Exporter v1.0.0.0 
2024-01-16 11:59:15.9110 INFO      Connecting to RNA Server... 
2024-01-16 11:59:21.0869 DEBUG ConnectionService.InitAsync[Full-Login-Call] - Completed in 4897 
2024-01-16 11:59:21.1802 DEBUG ConnectionService.InitAsync[Query Service Construction] - Completed in 91 
2024-01-16 11:59:23.7586 DEBUG ConnectionService.InitAsync[Retrieve-Regions-Call] - Completed in 2577 
2024-01-16 11:59:24.3346 DEBUG ConnectionService.InitAsync[Retrieve-BusinessUnits-Call] - Completed in 570 
2024-01-16 11:59:24.5207 DEBUG ConnectionService.InitAsync[Retrieve-URLs-Call] - Completed in 176 
2024-01-16 11:59:24.8290 DEBUG ConnectionService.InitAsync - Completed in 8739 
2024-01-16 11:59:24.9453 INFO      Connected Successfully to RNA Server. Elapsed Seconds: 9.0344935 
2024-01-16 12:01:47.3091 INFO Breakthru Beverage Location Exporter v1.0.0.0 
2024-01-16 12:01:47.5262 INFO      Connecting to RNA Server... 
2024-01-16 12:01:55.2093 DEBUG ConnectionService.InitAsync[Full-Login-Call] - Completed in 7333 
2024-01-16 12:01:55.2638 DEBUG ConnectionService.InitAsync[Query Service Construction] - Completed in 52 
2024-01-16 12:01:57.4357 DEBUG ConnectionService.InitAsync[Retrieve-Regions-Call] - Completed in 2166 
2024-01-16 12:01:57.8454 DEBUG ConnectionService.InitAsync[Retrieve-BusinessUnits-Call] - Completed in 402 
2024-01-16 12:01:58.1627 DEBUG ConnectionService.InitAsync[Retrieve-URLs-Call] - Completed in 314 
2024-01-16 12:01:58.3323 DEBUG ConnectionService.InitAsync - Completed in 10522 
2024-01-16 12:01:58.4357 INFO      Connected Successfully to RNA Server. Elapsed Seconds: 10.90939 
2024-01-16 12:06:38.1762 DEBUG RetrieverService.RetrieveAllAsync[ServiceLocation page 0] - Completed in 4336 
2024-01-16 12:06:40.2490 DEBUG RetrieverService.RetrieveAllAsync[ServiceLocation page 1] - Completed in 2070 
2024-01-16 12:06:41.9804 DEBUG RetrieverService.RetrieveAllAsync[ServiceLocation page 2] - Completed in 1730 
2024-01-16 12:06:43.6097 DEBUG RetrieverService.RetrieveAllAsync[ServiceLocation page 3] - Completed in 1627 
2024-01-16 12:06:45.2740 DEBUG RetrieverService.RetrieveAllAsync[ServiceLocation page 4] - Completed in 1662 
2024-01-16 12:06:46.9290 DEBUG RetrieverService.RetrieveAllAsync[ServiceLocation page 5] - Completed in 1653 
2024-01-16 12:06:48.5474 DEBUG RetrieverService.RetrieveAllAsync[ServiceLocation page 6] - Completed in 1617 
2024-01-16 12:06:50.3269 DEBUG RetrieverService.RetrieveAllAsync[ServiceLocation page 7] - Completed in 1777 
2024-01-16 12:06:52.1346 DEBUG RetrieverService.RetrieveAllAsync[ServiceLocation page 8] - Completed in 1806 
2024-01-16 12:06:53.8756 DEBUG RetrieverService.RetrieveAllAsync[ServiceLocation page 9] - Completed in 1740 
2024-01-16 12:06:55.5417 DEBUG RetrieverService.RetrieveAllAsync[ServiceLocation page 10] - Completed in 1663 
2024-01-16 12:06:57.3880 DEBUG RetrieverService.RetrieveAllAsync[ServiceLocation page 11] - Completed in 1843 
2024-01-16 12:07:04.2322 DEBUG RetrieverService.RetrieveAllAsync[ServiceLocation page 12] - Completed in 6842 
2024-01-16 12:07:05.8745 DEBUG RetrieverService.RetrieveAllAsync[ServiceLocation page 13] - Completed in 1641 
2024-01-16 12:07:07.5982 DEBUG RetrieverService.RetrieveAllAsync[ServiceLocation page 14] - Completed in 1721 
2024-01-16 12:07:09.3380 DEBUG RetrieverService.RetrieveAllAsync[ServiceLocation page 15] - Completed in 1738 
2024-01-16 12:07:11.0952 DEBUG RetrieverService.RetrieveAllAsync[ServiceLocation page 16] - Completed in 1754 
2024-01-16 12:07:12.6943 DEBUG RetrieverService.RetrieveAllAsync[ServiceLocation page 17] - Completed in 1598 
2024-01-16 12:07:14.4705 DEBUG RetrieverService.RetrieveAllAsync[ServiceLocation page 18] - Completed in 1774 
2024-01-16 12:07:16.2854 DEBUG RetrieverService.RetrieveAllAsync[ServiceLocation page 19] - Completed in 1812 
2024-01-16 12:07:18.0082 DEBUG RetrieverService.RetrieveAllAsync[ServiceLocation page 20] - Completed in 1721 
2024-01-16 12:07:19.6113 DEBUG RetrieverService.RetrieveAllAsync[ServiceLocation page 21] - Completed in 1601 
2024-01-16 12:07:21.4768 DEBUG RetrieverService.RetrieveAllAsync[ServiceLocation page 22] - Completed in 1864 
2024-01-16 12:07:23.2187 DEBUG RetrieverService.RetrieveAllAsync[ServiceLocation page 23] - Completed in 1740 
2024-01-16 12:07:24.7906 DEBUG RetrieverService.RetrieveAllAsync[ServiceLocation page 24] - Completed in 1570 
2024-01-16 12:07:26.3980 DEBUG RetrieverService.RetrieveAllAsync[ServiceLocation page 25] - Completed in 1605 
2024-01-16 12:07:27.9621 DEBUG RetrieverService.RetrieveAllAsync[ServiceLocation page 26] - Completed in 1562 
2024-01-16 12:07:29.4948 DEBUG RetrieverService.RetrieveAllAsync[ServiceLocation page 27] - Completed in 1530 
2024-01-16 12:07:31.2178 DEBUG RetrieverService.RetrieveAllAsync[ServiceLocation page 28] - Completed in 1721 
2024-01-16 12:07:32.7072 DEBUG RetrieverService.RetrieveAllAsync[ServiceLocation page 29] - Completed in 1487 
2024-01-16 12:07:34.4723 DEBUG RetrieverService.RetrieveAllAsync[ServiceLocation page 30] - Completed in 1763 
2024-01-16 12:07:36.3169 DEBUG RetrieverService.RetrieveAllAsync[ServiceLocation page 31] - Completed in 1843 
2024-01-16 12:07:38.1613 DEBUG RetrieverService.RetrieveAllAsync[ServiceLocation page 32] - Completed in 1842 
2024-01-16 12:07:39.8378 DEBUG RetrieverService.RetrieveAllAsync[ServiceLocation page 33] - Completed in 1675 
2024-01-16 12:07:41.5868 DEBUG RetrieverService.RetrieveAllAsync[ServiceLocation page 34] - Completed in 1747 
2024-01-16 12:07:43.4382 DEBUG RetrieverService.RetrieveAllAsync[ServiceLocation page 35] - Completed in 1849 
2024-01-16 12:07:45.0671 DEBUG RetrieverService.RetrieveAllAsync[ServiceLocation page 36] - Completed in 1626 
2024-01-16 12:07:46.9071 DEBUG RetrieverService.RetrieveAllAsync[ServiceLocation page 37] - Completed in 1838 
2024-01-16 12:07:48.4440 DEBUG RetrieverService.RetrieveAllAsync[ServiceLocation page 38] - Completed in 1535 
2024-01-16 12:07:50.0096 DEBUG RetrieverService.RetrieveAllAsync[ServiceLocation page 39] - Completed in 1563 
2024-01-16 12:07:51.5352 DEBUG RetrieverService.RetrieveAllAsync[ServiceLocation page 40] - Completed in 1523 
2024-01-16 12:07:53.2098 DEBUG RetrieverService.RetrieveAllAsync[ServiceLocation page 41] - Completed in 1672 
2024-01-16 12:07:54.9501 DEBUG RetrieverService.RetrieveAllAsync[ServiceLocation page 42] - Completed in 1739 
2024-01-16 12:07:56.5551 DEBUG RetrieverService.RetrieveAllAsync[ServiceLocation page 43] - Completed in 1603 
2024-01-16 12:07:58.2715 DEBUG RetrieverService.RetrieveAllAsync[ServiceLocation page 44] - Completed in 1714 
2024-01-16 12:07:59.9682 DEBUG RetrieverService.RetrieveAllAsync[ServiceLocation page 45] - Completed in 1694 
2024-01-16 12:08:01.8035 DEBUG RetrieverService.RetrieveAllAsync[ServiceLocation page 46] - Completed in 1833 
2024-01-16 12:08:03.4795 DEBUG RetrieverService.RetrieveAllAsync[ServiceLocation page 47] - Completed in 1674 
2024-01-16 12:08:05.3686 DEBUG RetrieverService.RetrieveAllAsync[ServiceLocation page 48] - Completed in 1887 
2024-01-16 12:08:07.1888 DEBUG RetrieverService.RetrieveAllAsync[ServiceLocation page 49] - Completed in 1816 
2024-01-16 12:08:08.8521 DEBUG RetrieverService.RetrieveAllAsync[ServiceLocation page 50] - Completed in 1662 
2024-01-16 12:08:10.4333 DEBUG RetrieverService.RetrieveAllAsync[ServiceLocation page 51] - Completed in 1579 
2024-01-16 12:08:12.1713 DEBUG RetrieverService.RetrieveAllAsync[ServiceLocation page 52] - Completed in 1737 
2024-01-16 12:08:13.8035 DEBUG RetrieverService.RetrieveAllAsync[ServiceLocation page 53] - Completed in 1629 
2024-01-16 12:08:15.5233 DEBUG RetrieverService.RetrieveAllAsync[ServiceLocation page 54] - Completed in 1718 
2024-01-16 12:08:17.1477 DEBUG RetrieverService.RetrieveAllAsync[ServiceLocation page 55] - Completed in 1622 
2024-01-16 12:08:18.8096 DEBUG RetrieverService.RetrieveAllAsync[ServiceLocation page 56] - Completed in 1661 
2024-01-16 12:08:20.2691 DEBUG RetrieverService.RetrieveAllAsync[ServiceLocation page 57] - Completed in 1455 
2024-01-16 12:08:21.8254 DEBUG RetrieverService.RetrieveAllAsync[ServiceLocation page 58] - Completed in 1555 
2024-01-16 12:08:23.8086 DEBUG RetrieverService.RetrieveAllAsync[ServiceLocation page 59] - Completed in 1979 
2024-01-16 12:08:25.4454 DEBUG RetrieverService.RetrieveAllAsync[ServiceLocation page 60] - Completed in 1635 
2024-01-16 12:08:27.1814 DEBUG RetrieverService.RetrieveAllAsync[ServiceLocation page 61] - Completed in 1731 
2024-01-16 12:08:28.9041 DEBUG RetrieverService.RetrieveAllAsync[ServiceLocation page 62] - Completed in 1719 
2024-01-16 12:08:31.4886 DEBUG RetrieverService.RetrieveAllAsync[ServiceLocation page 63] - Completed in 2581 
2024-01-16 12:08:33.1862 DEBUG RetrieverService.RetrieveAllAsync[ServiceLocation page 64] - Completed in 1693 
2024-01-16 12:08:34.7615 DEBUG RetrieverService.RetrieveAllAsync[ServiceLocation page 65] - Completed in 1573 
2024-01-16 12:08:36.4154 DEBUG RetrieverService.RetrieveAllAsync[ServiceLocation page 66] - Completed in 1652 
2024-01-16 12:08:38.3324 DEBUG RetrieverService.RetrieveAllAsync[ServiceLocation page 67] - Completed in 1914 
2024-01-16 12:08:40.2603 DEBUG RetrieverService.RetrieveAllAsync[ServiceLocation page 68] - Completed in 1926 
2024-01-16 12:08:41.9732 DEBUG RetrieverService.RetrieveAllAsync[ServiceLocation page 69] - Completed in 1710 
2024-01-16 12:08:43.7088 DEBUG RetrieverService.RetrieveAllAsync[ServiceLocation page 70] - Completed in 1734 
2024-01-16 12:08:45.6230 DEBUG RetrieverService.RetrieveAllAsync[ServiceLocation page 71] - Completed in 1910 
2024-01-16 12:08:47.3834 DEBUG RetrieverService.RetrieveAllAsync[ServiceLocation page 72] - Completed in 1758 
2024-01-16 12:08:49.0614 DEBUG RetrieverService.RetrieveAllAsync[ServiceLocation page 73] - Completed in 1675 
2024-01-16 12:08:50.9966 DEBUG RetrieverService.RetrieveAllAsync[ServiceLocation page 74] - Completed in 1931 
2024-01-16 12:08:52.7125 DEBUG RetrieverService.RetrieveAllAsync[ServiceLocation page 75] - Completed in 1712 
2024-01-16 12:08:57.6467 DEBUG RetrieverService.RetrieveAllAsync[ServiceLocation page 76] - Completed in 4932 
2024-01-16 12:08:59.2030 DEBUG RetrieverService.RetrieveAllAsync[ServiceLocation page 77] - Completed in 1552 
2024-01-16 12:09:00.9841 DEBUG RetrieverService.RetrieveAllAsync[ServiceLocation page 78] - Completed in 1778 
2024-01-16 12:09:02.8214 DEBUG RetrieverService.RetrieveAllAsync[ServiceLocation page 79] - Completed in 1833 
2024-01-16 12:09:04.4581 DEBUG RetrieverService.RetrieveAllAsync[ServiceLocation page 80] - Completed in 1635 
2024-01-16 12:09:06.1301 DEBUG RetrieverService.RetrieveAllAsync[ServiceLocation page 81] - Completed in 1668 
2024-01-16 12:09:07.9929 DEBUG RetrieverService.RetrieveAllAsync[ServiceLocation page 82] - Completed in 1861 
2024-01-16 12:09:09.5839 DEBUG RetrieverService.RetrieveAllAsync[ServiceLocation page 83] - Completed in 1590 
2024-01-16 12:09:11.0895 DEBUG RetrieverService.RetrieveAllAsync[ServiceLocation page 84] - Completed in 1503 
2024-01-16 12:09:12.7896 DEBUG RetrieverService.RetrieveAllAsync[ServiceLocation page 85] - Completed in 1696 
2024-01-16 12:09:14.3423 DEBUG RetrieverService.RetrieveAllAsync[ServiceLocation page 86] - Completed in 1550 
2024-01-16 12:09:15.9820 DEBUG RetrieverService.RetrieveAllAsync[ServiceLocation page 87] - Completed in 1637 
2024-01-16 12:09:17.5739 DEBUG RetrieverService.RetrieveAllAsync[ServiceLocation page 88] - Completed in 1589 
2024-01-16 12:09:19.3599 DEBUG RetrieverService.RetrieveAllAsync[ServiceLocation page 89] - Completed in 1784 
2024-01-16 12:09:20.8036 DEBUG RetrieverService.RetrieveAllAsync[ServiceLocation page 90] - Completed in 1441 
2024-01-16 12:09:22.3446 DEBUG RetrieverService.RetrieveAllAsync[ServiceLocation page 91] - Completed in 1539 
2024-01-16 12:09:23.8158 DEBUG RetrieverService.RetrieveAllAsync[ServiceLocation page 92] - Completed in 1467 
2024-01-16 12:09:25.3439 DEBUG RetrieverService.RetrieveAllAsync[ServiceLocation page 93] - Completed in 1526 
2024-01-16 12:09:26.9102 DEBUG RetrieverService.RetrieveAllAsync[ServiceLocation page 94] - Completed in 1564 
2024-01-16 12:09:28.8702 DEBUG RetrieverService.RetrieveAllAsync[ServiceLocation page 95] - Completed in 1958 
2024-01-16 12:09:30.5621 DEBUG RetrieverService.RetrieveAllAsync[ServiceLocation page 96] - Completed in 1689 
2024-01-16 12:09:32.4100 DEBUG RetrieverService.RetrieveAllAsync[ServiceLocation page 97] - Completed in 1846 
2024-01-16 12:09:34.1569 DEBUG RetrieverService.RetrieveAllAsync[ServiceLocation page 98] - Completed in 1744 
2024-01-16 12:09:35.8887 DEBUG RetrieverService.RetrieveAllAsync[ServiceLocation page 99] - Completed in 1729 
2024-01-16 12:09:37.8586 DEBUG RetrieverService.RetrieveAllAsync[ServiceLocation page 100] - Completed in 1968 
2024-01-16 12:09:39.8484 DEBUG RetrieverService.RetrieveAllAsync[ServiceLocation page 101] - Completed in 1986 
2024-01-16 12:09:41.5791 DEBUG RetrieverService.RetrieveAllAsync[ServiceLocation page 102] - Completed in 1728 
2024-01-16 12:09:43.6673 DEBUG RetrieverService.RetrieveAllAsync[ServiceLocation page 103] - Completed in 2086 
2024-01-16 12:09:45.6914 DEBUG RetrieverService.RetrieveAllAsync[ServiceLocation page 104] - Completed in 2021 
2024-01-16 12:09:47.7675 DEBUG RetrieverService.RetrieveAllAsync[ServiceLocation page 105] - Completed in 2071 
2024-01-16 12:09:49.7222 DEBUG RetrieverService.RetrieveAllAsync[ServiceLocation page 106] - Completed in 1952 
2024-01-16 12:09:51.8402 DEBUG RetrieverService.RetrieveAllAsync[ServiceLocation page 107] - Completed in 2116 
2024-01-16 12:09:53.7027 DEBUG RetrieverService.RetrieveAllAsync[ServiceLocation page 108] - Completed in 1861 
2024-01-16 12:09:55.8351 DEBUG RetrieverService.RetrieveAllAsync[ServiceLocation page 109] - Completed in 2130 
2024-01-16 12:09:57.7167 DEBUG RetrieverService.RetrieveAllAsync[ServiceLocation page 110] - Completed in 1880 
2024-01-16 12:09:59.8041 DEBUG RetrieverService.RetrieveAllAsync[ServiceLocation page 111] - Completed in 2085 
2024-01-16 12:10:01.5969 DEBUG RetrieverService.RetrieveAllAsync[ServiceLocation page 112] - Completed in 1790 
2024-01-16 12:10:03.4572 DEBUG RetrieverService.RetrieveAllAsync[ServiceLocation page 113] - Completed in 1859 
2024-01-16 12:10:05.4710 DEBUG RetrieverService.RetrieveAllAsync[ServiceLocation page 114] - Completed in 2011 
2024-01-16 12:10:07.4825 DEBUG RetrieverService.RetrieveAllAsync[ServiceLocation page 115] - Completed in 2009 
2024-01-16 12:10:09.2604 DEBUG RetrieverService.RetrieveAllAsync[ServiceLocation page 116] - Completed in 1776 
2024-01-16 12:10:11.2104 DEBUG RetrieverService.RetrieveAllAsync[ServiceLocation page 117] - Completed in 1948 
2024-01-16 12:10:13.1595 DEBUG RetrieverService.RetrieveAllAsync[ServiceLocation page 118] - Completed in 1947 
2024-01-16 12:10:15.1454 DEBUG RetrieverService.RetrieveAllAsync[ServiceLocation page 119] - Completed in 1984 
2024-01-16 12:10:17.1505 DEBUG RetrieverService.RetrieveAllAsync[ServiceLocation page 120] - Completed in 2003 
2024-01-16 12:10:19.5660 DEBUG RetrieverService.RetrieveAllAsync[ServiceLocation page 121] - Completed in 2413 
2024-01-16 12:10:21.6258 DEBUG RetrieverService.RetrieveAllAsync[ServiceLocation page 122] - Completed in 2058 
2024-01-16 12:10:23.4887 DEBUG RetrieverService.RetrieveAllAsync[ServiceLocation page 123] - Completed in 1860 
2024-01-16 12:10:25.3811 DEBUG RetrieverService.RetrieveAllAsync[ServiceLocation page 124] - Completed in 1891 
2024-01-16 12:10:27.2669 DEBUG RetrieverService.RetrieveAllAsync[ServiceLocation page 125] - Completed in 1882 
2024-01-16 12:10:29.3201 DEBUG RetrieverService.RetrieveAllAsync[ServiceLocation page 126] - Completed in 2051 
2024-01-16 12:10:31.2356 DEBUG RetrieverService.RetrieveAllAsync[ServiceLocation page 127] - Completed in 1914 
2024-01-16 12:10:37.9082 DEBUG RetrieverService.RetrieveAllAsync[ServiceLocation page 128] - Completed in 6670 
2024-01-16 12:10:39.6142 DEBUG RetrieverService.RetrieveAllAsync[ServiceLocation page 129] - Completed in 1704 
2024-01-16 12:10:41.7071 DEBUG RetrieverService.RetrieveAllAsync[ServiceLocation page 130] - Completed in 2090 
2024-01-16 12:10:43.5731 DEBUG RetrieverService.RetrieveAllAsync[ServiceLocation page 131] - Completed in 1863 
2024-01-16 12:10:45.5826 DEBUG RetrieverService.RetrieveAllAsync[ServiceLocation page 132] - Completed in 2008 
2024-01-16 12:10:47.2791 DEBUG RetrieverService.RetrieveAllAsync[ServiceLocation page 133] - Completed in 1694 
2024-01-16 12:10:49.0519 DEBUG RetrieverService.RetrieveAllAsync[ServiceLocation page 134] - Completed in 1771 
2024-01-16 12:10:50.5971 DEBUG RetrieverService.RetrieveAllAsync[ServiceLocation page 135] - Completed in 1542 
2024-01-16 12:10:52.1880 DEBUG RetrieverService.RetrieveAllAsync[ServiceLocation page 136] - Completed in 1589 
2024-01-16 12:10:53.8806 DEBUG RetrieverService.RetrieveAllAsync[ServiceLocation page 137] - Completed in 1690 
2024-01-16 12:10:55.4567 DEBUG RetrieverService.RetrieveAllAsync[ServiceLocation page 138] - Completed in 1572 
2024-01-16 12:10:57.0330 DEBUG RetrieverService.RetrieveAllAsync[ServiceLocation page 139] - Completed in 1574 
2024-01-16 12:10:58.6223 DEBUG RetrieverService.RetrieveAllAsync[ServiceLocation page 140] - Completed in 1588 
2024-01-16 12:11:00.1455 DEBUG RetrieverService.RetrieveAllAsync[ServiceLocation page 141] - Completed in 1520 
2024-01-16 12:11:01.7730 DEBUG RetrieverService.RetrieveAllAsync[ServiceLocation page 142] - Completed in 1625 
2024-01-16 12:11:03.4001 DEBUG RetrieverService.RetrieveAllAsync[ServiceLocation page 143] - Completed in 1625 
2024-01-16 12:11:04.9630 DEBUG RetrieverService.RetrieveAllAsync[ServiceLocation page 144] - Completed in 1560 
2024-01-16 12:11:06.6161 DEBUG RetrieverService.RetrieveAllAsync[ServiceLocation page 145] - Completed in 1649 
2024-01-16 12:11:08.2784 DEBUG RetrieverService.RetrieveAllAsync[ServiceLocation page 146] - Completed in 1660 
2024-01-16 12:11:09.8313 DEBUG RetrieverService.RetrieveAllAsync[ServiceLocation page 147] - Completed in 1551 
2024-01-16 12:11:11.4781 DEBUG RetrieverService.RetrieveAllAsync[ServiceLocation page 148] - Completed in 1646 
2024-01-16 12:11:13.0768 DEBUG RetrieverService.RetrieveAllAsync[ServiceLocation page 149] - Completed in 1596 
2024-01-16 12:11:14.6130 DEBUG RetrieverService.RetrieveAllAsync[ServiceLocation page 150] - Completed in 1534 
2024-01-16 12:11:16.3713 DEBUG RetrieverService.RetrieveAllAsync[ServiceLocation page 151] - Completed in 1757 
2024-01-16 12:11:17.8995 DEBUG RetrieverService.RetrieveAllAsync[ServiceLocation page 152] - Completed in 1525 
2024-01-16 12:11:19.5215 DEBUG RetrieverService.RetrieveAllAsync[ServiceLocation page 153] - Completed in 1621 
2024-01-16 12:11:20.9528 DEBUG RetrieverService.RetrieveAllAsync[ServiceLocation page 154] - Completed in 1429 
2024-01-16 12:11:22.3818 DEBUG RetrieverService.RetrieveAllAsync[ServiceLocation page 155] - Completed in 1427 
2024-01-16 12:11:23.7177 DEBUG RetrieverService.RetrieveAllAsync[ServiceLocation page 156] - Completed in 1335 
2024-01-16 12:11:25.0817 DEBUG RetrieverService.RetrieveAllAsync[ServiceLocation page 157] - Completed in 1363 
2024-01-16 12:11:26.6092 DEBUG RetrieverService.RetrieveAllAsync[ServiceLocation page 158] - Completed in 1526 
2024-01-16 12:11:28.0187 DEBUG RetrieverService.RetrieveAllAsync[ServiceLocation page 159] - Completed in 1407 
2024-01-16 12:11:29.5837 DEBUG RetrieverService.RetrieveAllAsync[ServiceLocation page 160] - Completed in 1563 
2024-01-16 12:11:31.1212 DEBUG RetrieverService.RetrieveAllAsync[ServiceLocation page 161] - Completed in 1534 
2024-01-16 12:11:32.6134 DEBUG RetrieverService.RetrieveAllAsync[ServiceLocation page 162] - Completed in 1489 
2024-01-16 12:11:33.9838 DEBUG RetrieverService.RetrieveAllAsync[ServiceLocation page 163] - Completed in 1367 
2024-01-16 12:11:35.4304 DEBUG RetrieverService.RetrieveAllAsync[ServiceLocation page 164] - Completed in 1443 
2024-01-16 12:11:36.8037 DEBUG RetrieverService.RetrieveAllAsync[ServiceLocation page 165] - Completed in 1371 
2024-01-16 12:11:38.3645 DEBUG RetrieverService.RetrieveAllAsync[ServiceLocation page 166] - Completed in 1559 
2024-01-16 12:11:39.8955 DEBUG RetrieverService.RetrieveAllAsync[ServiceLocation page 167] - Completed in 1528 
2024-01-16 12:11:41.2991 DEBUG RetrieverService.RetrieveAllAsync[ServiceLocation page 168] - Completed in 1402 
2024-01-16 12:11:42.9171 DEBUG RetrieverService.RetrieveAllAsync[ServiceLocation page 169] - Completed in 1615 
2024-01-16 12:11:44.3044 DEBUG RetrieverService.RetrieveAllAsync[ServiceLocation page 170] - Completed in 1386 
2024-01-16 12:11:45.8301 DEBUG RetrieverService.RetrieveAllAsync[ServiceLocation page 171] - Completed in 1523 
2024-01-16 12:11:47.4228 DEBUG RetrieverService.RetrieveAllAsync[ServiceLocation page 172] - Completed in 1591 
2024-01-16 12:11:48.9302 DEBUG RetrieverService.RetrieveAllAsync[ServiceLocation page 173] - Completed in 1506 
2024-01-16 12:11:50.4535 DEBUG RetrieverService.RetrieveAllAsync[ServiceLocation page 174] - Completed in 1520 
2024-01-16 12:11:52.0632 DEBUG RetrieverService.RetrieveAllAsync[ServiceLocation page 175] - Completed in 1608 
2024-01-16 12:11:53.7730 DEBUG RetrieverService.RetrieveAllAsync[ServiceLocation page 176] - Completed in 1707 
2024-01-16 12:11:55.1674 DEBUG RetrieverService.RetrieveAllAsync[ServiceLocation page 177] - Completed in 1391 
2024-01-16 12:11:56.7840 DEBUG RetrieverService.RetrieveAllAsync[ServiceLocation page 178] - Completed in 1615 
2024-01-16 12:11:58.4480 DEBUG RetrieverService.RetrieveAllAsync[ServiceLocation page 179] - Completed in 1662 
2024-01-16 12:12:00.0415 DEBUG RetrieverService.RetrieveAllAsync[ServiceLocation page 180] - Completed in 1590 
2024-01-16 12:12:01.7818 DEBUG RetrieverService.RetrieveAllAsync[ServiceLocation page 181] - Completed in 1737 
2024-01-16 12:12:03.1993 DEBUG RetrieverService.RetrieveAllAsync[ServiceLocation page 182] - Completed in 1415 
2024-01-16 12:12:04.7346 DEBUG RetrieverService.RetrieveAllAsync[ServiceLocation page 183] - Completed in 1533 
2024-01-16 12:12:06.2335 DEBUG RetrieverService.RetrieveAllAsync[ServiceLocation page 184] - Completed in 1497 
2024-01-16 12:12:08.0761 DEBUG RetrieverService.RetrieveAllAsync[ServiceLocation page 185] - Completed in 1840 
2024-01-16 12:12:09.5670 DEBUG RetrieverService.RetrieveAllAsync[ServiceLocation page 186] - Completed in 1489 
2024-01-16 12:12:09.5670 DEBUG RetrieverService.RetrieveAllAsync[ServiceLocation] - Completed in 335731 
