2025-02-20 14:10:38.8874 INFO Breakthru Beverage Location Exporter v1.0.1.0 
2025-02-20 14:10:38.9219 INFO      Connecting to RNA Server... 
2025-02-20 14:10:41.2267 DEBUG ConnectionService.InitAsync[Full-Login-Call] - Completed in 2103 
2025-02-20 14:10:41.2457 DEBUG ConnectionService.InitAsync[Query Service Construction] - Completed in 18 
2025-02-20 14:10:45.9711 DEBUG ConnectionService.InitAsync[Retrieve-Regions-Call] - Completed in 4725 
2025-02-20 14:10:48.1623 DEBUG ConnectionService.InitAsync[Retrieve-BusinessUnits-Call] - Completed in 2189 
2025-02-20 14:10:48.5871 DEBUG ConnectionService.InitAsync[Retrieve-URLs-Call] - Completed in 424 
2025-02-20 14:10:48.6326 DEBUG ConnectionService.InitAsync - Completed in 9573 
2025-02-20 14:10:48.6596 INFO      Connected Successfully to RNA Server. Elapsed Seconds: 9.7370259 
2025-02-20 14:11:10.5201 DEBUG RetrieverService.RetrieveAllAsync[ServiceLocation page 0] - Completed in 9707 
2025-02-20 14:11:12.4473 DEBUG RetrieverService.RetrieveAllAsync[ServiceLocation page 1] - Completed in 1926 
2025-02-20 14:11:14.0895 DEBUG RetrieverService.RetrieveAllAsync[ServiceLocation page 2] - Completed in 1641 
2025-02-20 14:11:16.0664 DEBUG RetrieverService.RetrieveAllAsync[ServiceLocation page 3] - Completed in 1976 
2025-02-20 14:11:17.9201 DEBUG RetrieverService.RetrieveAllAsync[ServiceLocation page 4] - Completed in 1852 
2025-02-20 14:11:19.8510 DEBUG RetrieverService.RetrieveAllAsync[ServiceLocation page 5] - Completed in 1930 
2025-02-20 14:11:21.8367 DEBUG RetrieverService.RetrieveAllAsync[ServiceLocation page 6] - Completed in 1985 
2025-02-20 14:11:23.5700 DEBUG RetrieverService.RetrieveAllAsync[ServiceLocation page 7] - Completed in 1732 
2025-02-20 14:11:25.4346 DEBUG RetrieverService.RetrieveAllAsync[ServiceLocation page 8] - Completed in 1864 
2025-02-20 14:11:27.6246 DEBUG RetrieverService.RetrieveAllAsync[ServiceLocation page 9] - Completed in 2189 
2025-02-20 14:11:29.8105 DEBUG RetrieverService.RetrieveAllAsync[ServiceLocation page 10] - Completed in 2186 
2025-02-20 14:11:31.5735 DEBUG RetrieverService.RetrieveAllAsync[ServiceLocation page 11] - Completed in 1762 
2025-02-20 14:11:33.7774 DEBUG RetrieverService.RetrieveAllAsync[ServiceLocation page 12] - Completed in 2203 
2025-02-20 14:11:35.5359 DEBUG RetrieverService.RetrieveAllAsync[ServiceLocation page 13] - Completed in 1758 
2025-02-20 14:11:37.3181 DEBUG RetrieverService.RetrieveAllAsync[ServiceLocation page 14] - Completed in 1782 
2025-02-20 14:11:39.5655 DEBUG RetrieverService.RetrieveAllAsync[ServiceLocation page 15] - Completed in 2247 
2025-02-20 14:11:41.5818 DEBUG RetrieverService.RetrieveAllAsync[ServiceLocation page 16] - Completed in 2015 
2025-02-20 14:11:43.4404 DEBUG RetrieverService.RetrieveAllAsync[ServiceLocation page 17] - Completed in 1858 
2025-02-20 14:11:45.2577 DEBUG RetrieverService.RetrieveAllAsync[ServiceLocation page 18] - Completed in 1816 
2025-02-20 14:11:47.1472 DEBUG RetrieverService.RetrieveAllAsync[ServiceLocation page 19] - Completed in 1889 
2025-02-20 14:11:49.7582 DEBUG RetrieverService.RetrieveAllAsync[ServiceLocation page 20] - Completed in 2610 
2025-02-20 14:11:51.2822 DEBUG RetrieverService.RetrieveAllAsync[ServiceLocation page 21] - Completed in 1523 
2025-02-20 14:11:53.0052 DEBUG RetrieverService.RetrieveAllAsync[ServiceLocation page 22] - Completed in 1722 
2025-02-20 14:11:54.7232 DEBUG RetrieverService.RetrieveAllAsync[ServiceLocation page 23] - Completed in 1717 
2025-02-20 14:11:56.3365 DEBUG RetrieverService.RetrieveAllAsync[ServiceLocation page 24] - Completed in 1613 
2025-02-20 14:11:57.9238 DEBUG RetrieverService.RetrieveAllAsync[ServiceLocation page 25] - Completed in 1586 
2025-02-20 14:11:59.5796 DEBUG RetrieverService.RetrieveAllAsync[ServiceLocation page 26] - Completed in 1655 
2025-02-20 14:12:01.1940 DEBUG RetrieverService.RetrieveAllAsync[ServiceLocation page 27] - Completed in 1613 
2025-02-20 14:12:03.7777 DEBUG RetrieverService.RetrieveAllAsync[ServiceLocation page 28] - Completed in 2583 
2025-02-20 14:12:05.6927 DEBUG RetrieverService.RetrieveAllAsync[ServiceLocation page 29] - Completed in 1914 
2025-02-20 14:12:07.4590 DEBUG RetrieverService.RetrieveAllAsync[ServiceLocation page 30] - Completed in 1765 
2025-02-20 14:12:09.1342 DEBUG RetrieverService.RetrieveAllAsync[ServiceLocation page 31] - Completed in 1674 
2025-02-20 14:12:10.9005 DEBUG RetrieverService.RetrieveAllAsync[ServiceLocation page 32] - Completed in 1766 
2025-02-20 14:12:13.6597 DEBUG RetrieverService.RetrieveAllAsync[ServiceLocation page 33] - Completed in 2758 
2025-02-20 14:12:15.5552 DEBUG RetrieverService.RetrieveAllAsync[ServiceLocation page 34] - Completed in 1895 
2025-02-20 14:12:17.2271 DEBUG RetrieverService.RetrieveAllAsync[ServiceLocation page 35] - Completed in 1671 
2025-02-20 14:12:18.8333 DEBUG RetrieverService.RetrieveAllAsync[ServiceLocation page 36] - Completed in 1605 
2025-02-20 14:12:20.4030 DEBUG RetrieverService.RetrieveAllAsync[ServiceLocation page 37] - Completed in 1569 
2025-02-20 14:12:22.2065 DEBUG RetrieverService.RetrieveAllAsync[ServiceLocation page 38] - Completed in 1803 
2025-02-20 14:12:23.9112 DEBUG RetrieverService.RetrieveAllAsync[ServiceLocation page 39] - Completed in 1703 
2025-02-20 14:12:25.5351 DEBUG RetrieverService.RetrieveAllAsync[ServiceLocation page 40] - Completed in 1623 
2025-02-20 14:12:27.2890 DEBUG RetrieverService.RetrieveAllAsync[ServiceLocation page 41] - Completed in 1754 
2025-02-20 14:12:30.3793 DEBUG RetrieverService.RetrieveAllAsync[ServiceLocation page 42] - Completed in 3089 
2025-02-20 14:12:32.0205 DEBUG RetrieverService.RetrieveAllAsync[ServiceLocation page 43] - Completed in 1640 
2025-02-20 14:12:33.7624 DEBUG RetrieverService.RetrieveAllAsync[ServiceLocation page 44] - Completed in 1742 
2025-02-20 14:12:35.4444 DEBUG RetrieverService.RetrieveAllAsync[ServiceLocation page 45] - Completed in 1680 
2025-02-20 14:12:37.4220 DEBUG RetrieverService.RetrieveAllAsync[ServiceLocation page 46] - Completed in 1977 
2025-02-20 14:12:39.3156 DEBUG RetrieverService.RetrieveAllAsync[ServiceLocation page 47] - Completed in 1892 
2025-02-20 14:12:41.4094 DEBUG RetrieverService.RetrieveAllAsync[ServiceLocation page 48] - Completed in 2093 
2025-02-20 14:12:43.1314 DEBUG RetrieverService.RetrieveAllAsync[ServiceLocation page 49] - Completed in 1721 
2025-02-20 14:12:44.7529 DEBUG RetrieverService.RetrieveAllAsync[ServiceLocation page 50] - Completed in 1620 
2025-02-20 14:12:46.4821 DEBUG RetrieverService.RetrieveAllAsync[ServiceLocation page 51] - Completed in 1729 
2025-02-20 14:12:48.5661 DEBUG RetrieverService.RetrieveAllAsync[ServiceLocation page 52] - Completed in 2082 
2025-02-20 14:12:50.2637 DEBUG RetrieverService.RetrieveAllAsync[ServiceLocation page 53] - Completed in 1697 
2025-02-20 14:12:52.2279 DEBUG RetrieverService.RetrieveAllAsync[ServiceLocation page 54] - Completed in 1964 
2025-02-20 14:12:53.8463 DEBUG RetrieverService.RetrieveAllAsync[ServiceLocation page 55] - Completed in 1617 
2025-02-20 14:12:55.3654 DEBUG RetrieverService.RetrieveAllAsync[ServiceLocation page 56] - Completed in 1519 
2025-02-20 14:12:57.0268 DEBUG RetrieverService.RetrieveAllAsync[ServiceLocation page 57] - Completed in 1661 
2025-02-20 14:12:58.6059 DEBUG RetrieverService.RetrieveAllAsync[ServiceLocation page 58] - Completed in 1577 
2025-02-20 14:13:00.2876 DEBUG RetrieverService.RetrieveAllAsync[ServiceLocation page 59] - Completed in 1681 
2025-02-20 14:13:02.1415 DEBUG RetrieverService.RetrieveAllAsync[ServiceLocation page 60] - Completed in 1853 
2025-02-20 14:13:03.6596 DEBUG RetrieverService.RetrieveAllAsync[ServiceLocation page 61] - Completed in 1518 
2025-02-20 14:13:05.5506 DEBUG RetrieverService.RetrieveAllAsync[ServiceLocation page 62] - Completed in 1891 
2025-02-20 14:13:07.7914 DEBUG RetrieverService.RetrieveAllAsync[ServiceLocation page 63] - Completed in 2240 
2025-02-20 14:13:09.4488 DEBUG RetrieverService.RetrieveAllAsync[ServiceLocation page 64] - Completed in 1656 
2025-02-20 14:13:11.1699 DEBUG RetrieverService.RetrieveAllAsync[ServiceLocation page 65] - Completed in 1720 
2025-02-20 14:13:12.9668 DEBUG RetrieverService.RetrieveAllAsync[ServiceLocation page 66] - Completed in 1796 
2025-02-20 14:13:14.5967 DEBUG RetrieverService.RetrieveAllAsync[ServiceLocation page 67] - Completed in 1628 
2025-02-20 14:13:17.0425 DEBUG RetrieverService.RetrieveAllAsync[ServiceLocation page 68] - Completed in 2445 
2025-02-20 14:13:18.8284 DEBUG RetrieverService.RetrieveAllAsync[ServiceLocation page 69] - Completed in 1785 
2025-02-20 14:13:20.3916 DEBUG RetrieverService.RetrieveAllAsync[ServiceLocation page 70] - Completed in 1562 
2025-02-20 14:13:22.0489 DEBUG RetrieverService.RetrieveAllAsync[ServiceLocation page 71] - Completed in 1657 
2025-02-20 14:13:23.6943 DEBUG RetrieverService.RetrieveAllAsync[ServiceLocation page 72] - Completed in 1644 
2025-02-20 14:13:26.2363 DEBUG RetrieverService.RetrieveAllAsync[ServiceLocation page 73] - Completed in 2541 
2025-02-20 14:13:28.4206 DEBUG RetrieverService.RetrieveAllAsync[ServiceLocation page 74] - Completed in 2183 
2025-02-20 14:13:30.2671 DEBUG RetrieverService.RetrieveAllAsync[ServiceLocation page 75] - Completed in 1845 
2025-02-20 14:13:32.1965 DEBUG RetrieverService.RetrieveAllAsync[ServiceLocation page 76] - Completed in 1929 
2025-02-20 14:13:33.9236 DEBUG RetrieverService.RetrieveAllAsync[ServiceLocation page 77] - Completed in 1726 
2025-02-20 14:13:36.2215 DEBUG RetrieverService.RetrieveAllAsync[ServiceLocation page 78] - Completed in 2297 
2025-02-20 14:13:37.9215 DEBUG RetrieverService.RetrieveAllAsync[ServiceLocation page 79] - Completed in 1699 
2025-02-20 14:13:39.4488 DEBUG RetrieverService.RetrieveAllAsync[ServiceLocation page 80] - Completed in 1527 
2025-02-20 14:13:41.1392 DEBUG RetrieverService.RetrieveAllAsync[ServiceLocation page 81] - Completed in 1690 
2025-02-20 14:13:43.1593 DEBUG RetrieverService.RetrieveAllAsync[ServiceLocation page 82] - Completed in 2019 
2025-02-20 14:13:44.8322 DEBUG RetrieverService.RetrieveAllAsync[ServiceLocation page 83] - Completed in 1672 
2025-02-20 14:13:46.4901 DEBUG RetrieverService.RetrieveAllAsync[ServiceLocation page 84] - Completed in 1657 
2025-02-20 14:13:48.1948 DEBUG RetrieverService.RetrieveAllAsync[ServiceLocation page 85] - Completed in 1704 
2025-02-20 14:13:50.3350 DEBUG RetrieverService.RetrieveAllAsync[ServiceLocation page 86] - Completed in 2139 
2025-02-20 14:13:51.9237 DEBUG RetrieverService.RetrieveAllAsync[ServiceLocation page 87] - Completed in 1588 
2025-02-20 14:13:53.6145 DEBUG RetrieverService.RetrieveAllAsync[ServiceLocation page 88] - Completed in 1690 
2025-02-20 14:13:55.4615 DEBUG RetrieverService.RetrieveAllAsync[ServiceLocation page 89] - Completed in 1846 
2025-02-20 14:13:57.1190 DEBUG RetrieverService.RetrieveAllAsync[ServiceLocation page 90] - Completed in 1657 
2025-02-20 14:13:59.0550 DEBUG RetrieverService.RetrieveAllAsync[ServiceLocation page 91] - Completed in 1935 
2025-02-20 14:14:00.8055 DEBUG RetrieverService.RetrieveAllAsync[ServiceLocation page 92] - Completed in 1750 
2025-02-20 14:14:02.6686 DEBUG RetrieverService.RetrieveAllAsync[ServiceLocation page 93] - Completed in 1863 
2025-02-20 14:14:06.1685 DEBUG RetrieverService.RetrieveAllAsync[ServiceLocation page 94] - Completed in 3499 
2025-02-20 14:14:08.1358 DEBUG RetrieverService.RetrieveAllAsync[ServiceLocation page 95] - Completed in 1966 
2025-02-20 14:14:12.4868 DEBUG RetrieverService.RetrieveAllAsync[ServiceLocation page 96] - Completed in 4350 
2025-02-20 14:14:14.2485 DEBUG RetrieverService.RetrieveAllAsync[ServiceLocation page 97] - Completed in 1760 
2025-02-20 14:14:16.1010 DEBUG RetrieverService.RetrieveAllAsync[ServiceLocation page 98] - Completed in 1852 
2025-02-20 14:14:17.9951 DEBUG RetrieverService.RetrieveAllAsync[ServiceLocation page 99] - Completed in 1893 
2025-02-20 14:14:19.7018 DEBUG RetrieverService.RetrieveAllAsync[ServiceLocation page 100] - Completed in 1706 
2025-02-20 14:14:21.4820 DEBUG RetrieverService.RetrieveAllAsync[ServiceLocation page 101] - Completed in 1780 
2025-02-20 14:14:23.1947 DEBUG RetrieverService.RetrieveAllAsync[ServiceLocation page 102] - Completed in 1712 
2025-02-20 14:14:24.8499 DEBUG RetrieverService.RetrieveAllAsync[ServiceLocation page 103] - Completed in 1655 
2025-02-20 14:14:26.5908 DEBUG RetrieverService.RetrieveAllAsync[ServiceLocation page 104] - Completed in 1740 
2025-02-20 14:14:28.3458 DEBUG RetrieverService.RetrieveAllAsync[ServiceLocation page 105] - Completed in 1754 
2025-02-20 14:14:29.9559 DEBUG RetrieverService.RetrieveAllAsync[ServiceLocation page 106] - Completed in 1610 
2025-02-20 14:14:32.4947 DEBUG RetrieverService.RetrieveAllAsync[ServiceLocation page 107] - Completed in 2538 
2025-02-20 14:14:34.2094 DEBUG RetrieverService.RetrieveAllAsync[ServiceLocation page 108] - Completed in 1714 
2025-02-20 14:14:35.7887 DEBUG RetrieverService.RetrieveAllAsync[ServiceLocation page 109] - Completed in 1579 
2025-02-20 14:14:37.4349 DEBUG RetrieverService.RetrieveAllAsync[ServiceLocation page 110] - Completed in 1645 
2025-02-20 14:14:39.3776 DEBUG RetrieverService.RetrieveAllAsync[ServiceLocation page 111] - Completed in 1942 
2025-02-20 14:14:40.9081 DEBUG RetrieverService.RetrieveAllAsync[ServiceLocation page 112] - Completed in 1529 
2025-02-20 14:14:43.0762 DEBUG RetrieverService.RetrieveAllAsync[ServiceLocation page 113] - Completed in 2167 
2025-02-20 14:14:44.7852 DEBUG RetrieverService.RetrieveAllAsync[ServiceLocation page 114] - Completed in 1707 
2025-02-20 14:14:46.5359 DEBUG RetrieverService.RetrieveAllAsync[ServiceLocation page 115] - Completed in 1750 
2025-02-20 14:14:48.6973 DEBUG RetrieverService.RetrieveAllAsync[ServiceLocation page 116] - Completed in 2160 
2025-02-20 14:14:50.5995 DEBUG RetrieverService.RetrieveAllAsync[ServiceLocation page 117] - Completed in 1902 
2025-02-20 14:14:52.1730 DEBUG RetrieverService.RetrieveAllAsync[ServiceLocation page 118] - Completed in 1572 
2025-02-20 14:14:54.0102 DEBUG RetrieverService.RetrieveAllAsync[ServiceLocation page 119] - Completed in 1836 
2025-02-20 14:14:55.7180 DEBUG RetrieverService.RetrieveAllAsync[ServiceLocation page 120] - Completed in 1708 
2025-02-20 14:14:57.5090 DEBUG RetrieverService.RetrieveAllAsync[ServiceLocation page 121] - Completed in 1790 
2025-02-20 14:14:59.1164 DEBUG RetrieverService.RetrieveAllAsync[ServiceLocation page 122] - Completed in 1607 
2025-02-20 14:15:00.7457 DEBUG RetrieverService.RetrieveAllAsync[ServiceLocation page 123] - Completed in 1628 
2025-02-20 14:15:02.6411 DEBUG RetrieverService.RetrieveAllAsync[ServiceLocation page 124] - Completed in 1895 
2025-02-20 14:15:05.6295 DEBUG RetrieverService.RetrieveAllAsync[ServiceLocation page 125] - Completed in 2987 
2025-02-20 14:15:07.3533 DEBUG RetrieverService.RetrieveAllAsync[ServiceLocation page 126] - Completed in 1723 
2025-02-20 14:15:09.1189 DEBUG RetrieverService.RetrieveAllAsync[ServiceLocation page 127] - Completed in 1765 
2025-02-20 14:15:10.9585 DEBUG RetrieverService.RetrieveAllAsync[ServiceLocation page 128] - Completed in 1839 
2025-02-20 14:15:13.3729 DEBUG RetrieverService.RetrieveAllAsync[ServiceLocation page 129] - Completed in 2413 
2025-02-20 14:15:15.0801 DEBUG RetrieverService.RetrieveAllAsync[ServiceLocation page 130] - Completed in 1707 
2025-02-20 14:15:16.9167 DEBUG RetrieverService.RetrieveAllAsync[ServiceLocation page 131] - Completed in 1836 
2025-02-20 14:15:18.7340 DEBUG RetrieverService.RetrieveAllAsync[ServiceLocation page 132] - Completed in 1816 
2025-02-20 14:15:20.8051 DEBUG RetrieverService.RetrieveAllAsync[ServiceLocation page 133] - Completed in 2070 
2025-02-20 14:15:22.5030 DEBUG RetrieverService.RetrieveAllAsync[ServiceLocation page 134] - Completed in 1697 
2025-02-20 14:15:24.2150 DEBUG RetrieverService.RetrieveAllAsync[ServiceLocation page 135] - Completed in 1711 
2025-02-20 14:15:25.9113 DEBUG RetrieverService.RetrieveAllAsync[ServiceLocation page 136] - Completed in 1696 
2025-02-20 14:15:27.8064 DEBUG RetrieverService.RetrieveAllAsync[ServiceLocation page 137] - Completed in 1895 
2025-02-20 14:15:29.6464 DEBUG RetrieverService.RetrieveAllAsync[ServiceLocation page 138] - Completed in 1839 
2025-02-20 14:15:31.7365 DEBUG RetrieverService.RetrieveAllAsync[ServiceLocation page 139] - Completed in 2089 
2025-02-20 14:15:33.6926 DEBUG RetrieverService.RetrieveAllAsync[ServiceLocation page 140] - Completed in 1955 
2025-02-20 14:15:35.3110 DEBUG RetrieverService.RetrieveAllAsync[ServiceLocation page 141] - Completed in 1618 
2025-02-20 14:15:37.9271 DEBUG RetrieverService.RetrieveAllAsync[ServiceLocation page 142] - Completed in 2615 
2025-02-20 14:15:39.5658 DEBUG RetrieverService.RetrieveAllAsync[ServiceLocation page 143] - Completed in 1637 
2025-02-20 14:15:41.3689 DEBUG RetrieverService.RetrieveAllAsync[ServiceLocation page 144] - Completed in 1802 
2025-02-20 14:15:46.6610 DEBUG RetrieverService.RetrieveAllAsync[ServiceLocation page 145] - Completed in 5291 
2025-02-20 14:15:48.4039 DEBUG RetrieverService.RetrieveAllAsync[ServiceLocation page 146] - Completed in 1743 
2025-02-20 14:15:50.1259 DEBUG RetrieverService.RetrieveAllAsync[ServiceLocation page 147] - Completed in 1721 
2025-02-20 14:15:51.8806 DEBUG RetrieverService.RetrieveAllAsync[ServiceLocation page 148] - Completed in 1753 
2025-02-20 14:15:54.0557 DEBUG RetrieverService.RetrieveAllAsync[ServiceLocation page 149] - Completed in 2174 
2025-02-20 14:15:56.6743 DEBUG RetrieverService.RetrieveAllAsync[ServiceLocation page 150] - Completed in 2618 
2025-02-20 14:15:58.4082 DEBUG RetrieverService.RetrieveAllAsync[ServiceLocation page 151] - Completed in 1733 
2025-02-20 14:16:00.3655 DEBUG RetrieverService.RetrieveAllAsync[ServiceLocation page 152] - Completed in 1956 
2025-02-20 14:16:02.3755 DEBUG RetrieverService.RetrieveAllAsync[ServiceLocation page 153] - Completed in 2009 
2025-02-20 14:16:04.1486 DEBUG RetrieverService.RetrieveAllAsync[ServiceLocation page 154] - Completed in 1772 
2025-02-20 14:16:05.8799 DEBUG RetrieverService.RetrieveAllAsync[ServiceLocation page 155] - Completed in 1731 
2025-02-20 14:16:07.4505 DEBUG RetrieverService.RetrieveAllAsync[ServiceLocation page 156] - Completed in 1570 
2025-02-20 14:16:09.6800 DEBUG RetrieverService.RetrieveAllAsync[ServiceLocation page 157] - Completed in 2228 
2025-02-20 14:16:11.7011 DEBUG RetrieverService.RetrieveAllAsync[ServiceLocation page 158] - Completed in 2021 
2025-02-20 14:16:13.6366 DEBUG RetrieverService.RetrieveAllAsync[ServiceLocation page 159] - Completed in 1935 
2025-02-20 14:16:15.8090 DEBUG RetrieverService.RetrieveAllAsync[ServiceLocation page 160] - Completed in 2172 
2025-02-20 14:16:17.5596 DEBUG RetrieverService.RetrieveAllAsync[ServiceLocation page 161] - Completed in 1750 
2025-02-20 14:16:19.2186 DEBUG RetrieverService.RetrieveAllAsync[ServiceLocation page 162] - Completed in 1658 
2025-02-20 14:16:21.1407 DEBUG RetrieverService.RetrieveAllAsync[ServiceLocation page 163] - Completed in 1921 
2025-02-20 14:16:23.6261 DEBUG RetrieverService.RetrieveAllAsync[ServiceLocation page 164] - Completed in 2485 
2025-02-20 14:16:26.0213 DEBUG RetrieverService.RetrieveAllAsync[ServiceLocation page 165] - Completed in 2394 
2025-02-20 14:16:28.3423 DEBUG RetrieverService.RetrieveAllAsync[ServiceLocation page 166] - Completed in 2320 
2025-02-20 14:16:30.0415 DEBUG RetrieverService.RetrieveAllAsync[ServiceLocation page 167] - Completed in 1698 
2025-02-20 14:16:31.9226 DEBUG RetrieverService.RetrieveAllAsync[ServiceLocation page 168] - Completed in 1881 
2025-02-20 14:16:33.4547 DEBUG RetrieverService.RetrieveAllAsync[ServiceLocation page 169] - Completed in 1531 
2025-02-20 14:16:36.2523 DEBUG RetrieverService.RetrieveAllAsync[ServiceLocation page 170] - Completed in 2797 
2025-02-20 14:16:38.6928 DEBUG RetrieverService.RetrieveAllAsync[ServiceLocation page 171] - Completed in 2440 
2025-02-20 14:16:40.9415 DEBUG RetrieverService.RetrieveAllAsync[ServiceLocation page 172] - Completed in 2247 
2025-02-20 14:16:42.8926 DEBUG RetrieverService.RetrieveAllAsync[ServiceLocation page 173] - Completed in 1950 
2025-02-20 14:16:44.6089 DEBUG RetrieverService.RetrieveAllAsync[ServiceLocation page 174] - Completed in 1716 
2025-02-20 14:16:46.3639 DEBUG RetrieverService.RetrieveAllAsync[ServiceLocation page 175] - Completed in 1754 
2025-02-20 14:16:48.0842 DEBUG RetrieverService.RetrieveAllAsync[ServiceLocation page 176] - Completed in 1720 
2025-02-20 14:16:49.8100 DEBUG RetrieverService.RetrieveAllAsync[ServiceLocation page 177] - Completed in 1724 
2025-02-20 14:16:51.6477 DEBUG RetrieverService.RetrieveAllAsync[ServiceLocation page 178] - Completed in 1838 
2025-02-20 14:16:53.4136 DEBUG RetrieverService.RetrieveAllAsync[ServiceLocation page 179] - Completed in 1765 
2025-02-20 14:16:55.1962 DEBUG RetrieverService.RetrieveAllAsync[ServiceLocation page 180] - Completed in 1781 
2025-02-20 14:16:57.0146 DEBUG RetrieverService.RetrieveAllAsync[ServiceLocation page 181] - Completed in 1818 
2025-02-20 14:16:58.7097 DEBUG RetrieverService.RetrieveAllAsync[ServiceLocation page 182] - Completed in 1694 
2025-02-20 14:17:00.6582 DEBUG RetrieverService.RetrieveAllAsync[ServiceLocation page 183] - Completed in 1947 
2025-02-20 14:17:02.2343 DEBUG RetrieverService.RetrieveAllAsync[ServiceLocation page 184] - Completed in 1575 
2025-02-20 14:17:03.9556 DEBUG RetrieverService.RetrieveAllAsync[ServiceLocation page 185] - Completed in 1721 
2025-02-20 14:17:07.4395 DEBUG RetrieverService.RetrieveAllAsync[ServiceLocation page 186] - Completed in 3483 
2025-02-20 14:17:09.4606 DEBUG RetrieverService.RetrieveAllAsync[ServiceLocation page 187] - Completed in 2021 
2025-02-20 14:17:11.1822 DEBUG RetrieverService.RetrieveAllAsync[ServiceLocation page 188] - Completed in 1720 
2025-02-20 14:17:13.0749 DEBUG RetrieverService.RetrieveAllAsync[ServiceLocation page 189] - Completed in 1892 
2025-02-20 14:17:15.3763 DEBUG RetrieverService.RetrieveAllAsync[ServiceLocation page 190] - Completed in 2301 
2025-02-20 14:17:16.9232 DEBUG RetrieverService.RetrieveAllAsync[ServiceLocation page 191] - Completed in 1547 
2025-02-20 14:17:18.7705 DEBUG RetrieverService.RetrieveAllAsync[ServiceLocation page 192] - Completed in 1846 
2025-02-20 14:17:29.3079 DEBUG RetrieverService.RetrieveAllAsync[ServiceLocation page 193] - Completed in 10537 
2025-02-20 14:17:31.4928 DEBUG RetrieverService.RetrieveAllAsync[ServiceLocation page 194] - Completed in 2184 
2025-02-20 14:17:34.1561 DEBUG RetrieverService.RetrieveAllAsync[ServiceLocation page 195] - Completed in 2662 
2025-02-20 14:17:36.0485 DEBUG RetrieverService.RetrieveAllAsync[ServiceLocation page 196] - Completed in 1892 
2025-02-20 14:17:37.8394 DEBUG RetrieverService.RetrieveAllAsync[ServiceLocation page 197] - Completed in 1790 
2025-02-20 14:17:39.3996 DEBUG RetrieverService.RetrieveAllAsync[ServiceLocation page 198] - Completed in 1559 
2025-02-20 14:17:41.4251 DEBUG RetrieverService.RetrieveAllAsync[ServiceLocation page 199] - Completed in 2025 
2025-02-20 14:17:43.0708 DEBUG RetrieverService.RetrieveAllAsync[ServiceLocation page 200] - Completed in 1645 
2025-02-20 14:17:44.8372 DEBUG RetrieverService.RetrieveAllAsync[ServiceLocation page 201] - Completed in 1765 
2025-02-20 14:17:46.4731 DEBUG RetrieverService.RetrieveAllAsync[ServiceLocation page 202] - Completed in 1636 
2025-02-20 14:17:48.0363 DEBUG RetrieverService.RetrieveAllAsync[ServiceLocation page 203] - Completed in 1562 
2025-02-20 14:17:49.7520 DEBUG RetrieverService.RetrieveAllAsync[ServiceLocation page 204] - Completed in 1714 
2025-02-20 14:17:52.5429 DEBUG RetrieverService.RetrieveAllAsync[ServiceLocation page 205] - Completed in 2790 
2025-02-20 14:17:54.6880 DEBUG RetrieverService.RetrieveAllAsync[ServiceLocation page 206] - Completed in 2144 
2025-02-20 14:17:56.2698 DEBUG RetrieverService.RetrieveAllAsync[ServiceLocation page 207] - Completed in 1580 
2025-02-20 14:17:58.4024 DEBUG RetrieverService.RetrieveAllAsync[ServiceLocation page 208] - Completed in 2131 
2025-02-20 14:18:00.0536 DEBUG RetrieverService.RetrieveAllAsync[ServiceLocation page 209] - Completed in 1651 
2025-02-20 14:18:01.7051 DEBUG RetrieverService.RetrieveAllAsync[ServiceLocation page 210] - Completed in 1651 
2025-02-20 14:18:03.2556 DEBUG RetrieverService.RetrieveAllAsync[ServiceLocation page 211] - Completed in 1550 
2025-02-20 14:18:04.8688 DEBUG RetrieverService.RetrieveAllAsync[ServiceLocation page 212] - Completed in 1611 
2025-02-20 14:18:06.6647 DEBUG RetrieverService.RetrieveAllAsync[ServiceLocation page 213] - Completed in 1795 
2025-02-20 14:18:08.5533 DEBUG RetrieverService.RetrieveAllAsync[ServiceLocation page 214] - Completed in 1888 
2025-02-20 14:18:10.9222 DEBUG RetrieverService.RetrieveAllAsync[ServiceLocation page 215] - Completed in 2368 
2025-02-20 14:18:12.5510 DEBUG RetrieverService.RetrieveAllAsync[ServiceLocation page 216] - Completed in 1628 
2025-02-20 14:18:14.2719 DEBUG RetrieverService.RetrieveAllAsync[ServiceLocation page 217] - Completed in 1720 
2025-02-20 14:18:15.9393 DEBUG RetrieverService.RetrieveAllAsync[ServiceLocation page 218] - Completed in 1667 
2025-02-20 14:18:17.7536 DEBUG RetrieverService.RetrieveAllAsync[ServiceLocation page 219] - Completed in 1814 
2025-02-20 14:18:19.3747 DEBUG RetrieverService.RetrieveAllAsync[ServiceLocation page 220] - Completed in 1620 
2025-02-20 14:18:21.2311 DEBUG RetrieverService.RetrieveAllAsync[ServiceLocation page 221] - Completed in 1855 
2025-02-20 14:18:23.2776 DEBUG RetrieverService.RetrieveAllAsync[ServiceLocation page 222] - Completed in 2046 
2025-02-20 14:18:24.8185 DEBUG RetrieverService.RetrieveAllAsync[ServiceLocation page 223] - Completed in 1540 
2025-02-20 14:18:26.7992 DEBUG RetrieverService.RetrieveAllAsync[ServiceLocation page 224] - Completed in 1979 
2025-02-20 14:18:28.5910 DEBUG RetrieverService.RetrieveAllAsync[ServiceLocation page 225] - Completed in 1791 
2025-02-20 14:18:30.6725 DEBUG RetrieverService.RetrieveAllAsync[ServiceLocation page 226] - Completed in 2081 
2025-02-20 14:18:32.9741 DEBUG RetrieverService.RetrieveAllAsync[ServiceLocation page 227] - Completed in 2301 
2025-02-20 14:18:34.6266 DEBUG RetrieverService.RetrieveAllAsync[ServiceLocation page 228] - Completed in 1652 
2025-02-20 14:18:36.3977 DEBUG RetrieverService.RetrieveAllAsync[ServiceLocation page 229] - Completed in 1770 
2025-02-20 14:18:38.7029 DEBUG RetrieverService.RetrieveAllAsync[ServiceLocation page 230] - Completed in 2305 
2025-02-20 14:18:40.3725 DEBUG RetrieverService.RetrieveAllAsync[ServiceLocation page 231] - Completed in 1669 
2025-02-20 14:18:42.0816 DEBUG RetrieverService.RetrieveAllAsync[ServiceLocation page 232] - Completed in 1708 
2025-02-20 14:18:43.9748 DEBUG RetrieverService.RetrieveAllAsync[ServiceLocation page 233] - Completed in 1892 
2025-02-20 14:18:45.5750 DEBUG RetrieverService.RetrieveAllAsync[ServiceLocation page 234] - Completed in 1600 
2025-02-20 14:18:47.2305 DEBUG RetrieverService.RetrieveAllAsync[ServiceLocation page 235] - Completed in 1654 
2025-02-20 14:18:49.4461 DEBUG RetrieverService.RetrieveAllAsync[ServiceLocation page 236] - Completed in 2215 
2025-02-20 14:18:51.4933 DEBUG RetrieverService.RetrieveAllAsync[ServiceLocation page 237] - Completed in 2047 
2025-02-20 14:18:53.1554 DEBUG RetrieverService.RetrieveAllAsync[ServiceLocation page 238] - Completed in 1661 
2025-02-20 14:18:54.8543 DEBUG RetrieverService.RetrieveAllAsync[ServiceLocation page 239] - Completed in 1697 
2025-02-20 14:18:56.4248 DEBUG RetrieverService.RetrieveAllAsync[ServiceLocation page 240] - Completed in 1570 
2025-02-20 14:18:58.3368 DEBUG RetrieverService.RetrieveAllAsync[ServiceLocation page 241] - Completed in 1911 
2025-02-20 14:19:00.4269 DEBUG RetrieverService.RetrieveAllAsync[ServiceLocation page 242] - Completed in 2090 
2025-02-20 14:19:02.5424 DEBUG RetrieverService.RetrieveAllAsync[ServiceLocation page 243] - Completed in 2114 
2025-02-20 14:19:04.2475 DEBUG RetrieverService.RetrieveAllAsync[ServiceLocation page 244] - Completed in 1705 
2025-02-20 14:19:05.9321 DEBUG RetrieverService.RetrieveAllAsync[ServiceLocation page 245] - Completed in 1683 
2025-02-20 14:19:07.6455 DEBUG RetrieverService.RetrieveAllAsync[ServiceLocation page 246] - Completed in 1712 
2025-02-20 14:19:09.2583 DEBUG RetrieverService.RetrieveAllAsync[ServiceLocation page 247] - Completed in 1612 
2025-02-20 14:19:10.8598 DEBUG RetrieverService.RetrieveAllAsync[ServiceLocation page 248] - Completed in 1601 
2025-02-20 14:19:12.8624 DEBUG RetrieverService.RetrieveAllAsync[ServiceLocation page 249] - Completed in 2002 
2025-02-20 14:19:14.4219 DEBUG RetrieverService.RetrieveAllAsync[ServiceLocation page 250] - Completed in 1558 
2025-02-20 14:19:16.3001 DEBUG RetrieverService.RetrieveAllAsync[ServiceLocation page 251] - Completed in 1877 
2025-02-20 14:19:18.0235 DEBUG RetrieverService.RetrieveAllAsync[ServiceLocation page 252] - Completed in 1724 
2025-02-20 14:19:19.7261 DEBUG RetrieverService.RetrieveAllAsync[ServiceLocation page 253] - Completed in 1700 
2025-02-20 14:19:21.9518 DEBUG RetrieverService.RetrieveAllAsync[ServiceLocation page 254] - Completed in 2225 
2025-02-20 14:19:23.5388 DEBUG RetrieverService.RetrieveAllAsync[ServiceLocation page 255] - Completed in 1586 
2025-02-20 14:19:25.4942 DEBUG RetrieverService.RetrieveAllAsync[ServiceLocation page 256] - Completed in 1955 
2025-02-20 14:19:27.5012 DEBUG RetrieverService.RetrieveAllAsync[ServiceLocation page 257] - Completed in 2007 
2025-02-20 14:19:29.1393 DEBUG RetrieverService.RetrieveAllAsync[ServiceLocation page 258] - Completed in 1637 
2025-02-20 14:19:30.8300 DEBUG RetrieverService.RetrieveAllAsync[ServiceLocation page 259] - Completed in 1689 
2025-02-20 14:19:32.5902 DEBUG RetrieverService.RetrieveAllAsync[ServiceLocation page 260] - Completed in 1760 
2025-02-20 14:19:34.7194 DEBUG RetrieverService.RetrieveAllAsync[ServiceLocation page 261] - Completed in 2128 
2025-02-20 14:19:36.5325 DEBUG RetrieverService.RetrieveAllAsync[ServiceLocation page 262] - Completed in 1813 
2025-02-20 14:19:38.5565 DEBUG RetrieverService.RetrieveAllAsync[ServiceLocation page 263] - Completed in 2022 
2025-02-20 14:19:40.3180 DEBUG RetrieverService.RetrieveAllAsync[ServiceLocation page 264] - Completed in 1761 
2025-02-20 14:19:42.4281 DEBUG RetrieverService.RetrieveAllAsync[ServiceLocation page 265] - Completed in 2109 
2025-02-20 14:19:44.2368 DEBUG RetrieverService.RetrieveAllAsync[ServiceLocation page 266] - Completed in 1808 
2025-02-20 14:19:45.8994 DEBUG RetrieverService.RetrieveAllAsync[ServiceLocation page 267] - Completed in 1661 
2025-02-20 14:19:50.0229 DEBUG RetrieverService.RetrieveAllAsync[ServiceLocation page 268] - Completed in 4123 
2025-02-20 14:19:51.9002 DEBUG RetrieverService.RetrieveAllAsync[ServiceLocation page 269] - Completed in 1877 
2025-02-20 14:19:53.7804 DEBUG RetrieverService.RetrieveAllAsync[ServiceLocation page 270] - Completed in 1879 
2025-02-20 14:19:55.3650 DEBUG RetrieverService.RetrieveAllAsync[ServiceLocation page 271] - Completed in 1584 
2025-02-20 14:19:56.9163 DEBUG RetrieverService.RetrieveAllAsync[ServiceLocation page 272] - Completed in 1550 
2025-02-20 14:19:58.6134 DEBUG RetrieverService.RetrieveAllAsync[ServiceLocation page 273] - Completed in 1697 
2025-02-20 14:20:00.5701 DEBUG RetrieverService.RetrieveAllAsync[ServiceLocation page 274] - Completed in 1956 
2025-02-20 14:20:02.5013 DEBUG RetrieverService.RetrieveAllAsync[ServiceLocation page 275] - Completed in 1930 
2025-02-20 14:20:04.2915 DEBUG RetrieverService.RetrieveAllAsync[ServiceLocation page 276] - Completed in 1789 
2025-02-20 14:20:06.2139 DEBUG RetrieverService.RetrieveAllAsync[ServiceLocation page 277] - Completed in 1922 
2025-02-20 14:20:08.2966 DEBUG RetrieverService.RetrieveAllAsync[ServiceLocation page 278] - Completed in 2082 
2025-02-20 14:20:09.9447 DEBUG RetrieverService.RetrieveAllAsync[ServiceLocation page 279] - Completed in 1647 
2025-02-20 14:20:12.1719 DEBUG RetrieverService.RetrieveAllAsync[ServiceLocation page 280] - Completed in 2226 
2025-02-20 14:20:14.7875 DEBUG RetrieverService.RetrieveAllAsync[ServiceLocation page 281] - Completed in 2615 
2025-02-20 14:20:16.8367 DEBUG RetrieverService.RetrieveAllAsync[ServiceLocation page 282] - Completed in 2048 
2025-02-20 14:20:19.0072 DEBUG RetrieverService.RetrieveAllAsync[ServiceLocation page 283] - Completed in 2170 
2025-02-20 14:20:20.7984 DEBUG RetrieverService.RetrieveAllAsync[ServiceLocation page 284] - Completed in 1790 
2025-02-20 14:20:24.8506 DEBUG RetrieverService.RetrieveAllAsync[ServiceLocation page 285] - Completed in 4052 
2025-02-20 14:20:26.5299 DEBUG RetrieverService.RetrieveAllAsync[ServiceLocation page 286] - Completed in 1678 
2025-02-20 14:20:28.2370 DEBUG RetrieverService.RetrieveAllAsync[ServiceLocation page 287] - Completed in 1707 
2025-02-20 14:20:29.9590 DEBUG RetrieverService.RetrieveAllAsync[ServiceLocation page 288] - Completed in 1721 
2025-02-20 14:20:31.5446 DEBUG RetrieverService.RetrieveAllAsync[ServiceLocation page 289] - Completed in 1584 
2025-02-20 14:20:33.6464 DEBUG RetrieverService.RetrieveAllAsync[ServiceLocation page 290] - Completed in 2101 
2025-02-20 14:20:35.3317 DEBUG RetrieverService.RetrieveAllAsync[ServiceLocation page 291] - Completed in 1684 
2025-02-20 14:20:36.9691 DEBUG RetrieverService.RetrieveAllAsync[ServiceLocation page 292] - Completed in 1637 
2025-02-20 14:20:38.6789 DEBUG RetrieverService.RetrieveAllAsync[ServiceLocation page 293] - Completed in 1709 
2025-02-20 14:20:40.5770 DEBUG RetrieverService.RetrieveAllAsync[ServiceLocation page 294] - Completed in 1897 
2025-02-20 14:20:42.3452 DEBUG RetrieverService.RetrieveAllAsync[ServiceLocation page 295] - Completed in 1767 
2025-02-20 14:20:44.0822 DEBUG RetrieverService.RetrieveAllAsync[ServiceLocation page 296] - Completed in 1737 
2025-02-20 14:20:45.9588 DEBUG RetrieverService.RetrieveAllAsync[ServiceLocation page 297] - Completed in 1876 
2025-02-20 14:20:47.7666 DEBUG RetrieverService.RetrieveAllAsync[ServiceLocation page 298] - Completed in 1806 
2025-02-20 14:20:49.8373 DEBUG RetrieverService.RetrieveAllAsync[ServiceLocation page 299] - Completed in 2070 
2025-02-20 14:20:51.5146 DEBUG RetrieverService.RetrieveAllAsync[ServiceLocation page 300] - Completed in 1676 
2025-02-20 14:20:54.5692 DEBUG RetrieverService.RetrieveAllAsync[ServiceLocation page 301] - Completed in 3054 
2025-02-20 14:20:56.4271 DEBUG RetrieverService.RetrieveAllAsync[ServiceLocation page 302] - Completed in 1858 
2025-02-20 14:20:58.2024 DEBUG RetrieverService.RetrieveAllAsync[ServiceLocation page 303] - Completed in 1774 
2025-02-20 14:21:00.1534 DEBUG RetrieverService.RetrieveAllAsync[ServiceLocation page 304] - Completed in 1950 
2025-02-20 14:21:02.2832 DEBUG RetrieverService.RetrieveAllAsync[ServiceLocation page 305] - Completed in 2129 
2025-02-20 14:21:05.0686 DEBUG RetrieverService.RetrieveAllAsync[ServiceLocation page 306] - Completed in 2785 
2025-02-20 14:21:06.7620 DEBUG RetrieverService.RetrieveAllAsync[ServiceLocation page 307] - Completed in 1692 
2025-02-20 14:21:08.7197 DEBUG RetrieverService.RetrieveAllAsync[ServiceLocation page 308] - Completed in 1958 
2025-02-20 14:21:10.9647 DEBUG RetrieverService.RetrieveAllAsync[ServiceLocation page 309] - Completed in 2243 
2025-02-20 14:21:12.6847 DEBUG RetrieverService.RetrieveAllAsync[ServiceLocation page 310] - Completed in 1720 
2025-02-20 14:21:14.3638 DEBUG RetrieverService.RetrieveAllAsync[ServiceLocation page 311] - Completed in 1678 
2025-02-20 14:21:16.1064 DEBUG RetrieverService.RetrieveAllAsync[ServiceLocation page 312] - Completed in 1742 
2025-02-20 14:21:18.0208 DEBUG RetrieverService.RetrieveAllAsync[ServiceLocation page 313] - Completed in 1914 
2025-02-20 14:21:21.1751 DEBUG RetrieverService.RetrieveAllAsync[ServiceLocation page 314] - Completed in 3153 
2025-02-20 14:21:22.9252 DEBUG RetrieverService.RetrieveAllAsync[ServiceLocation page 315] - Completed in 1749 
2025-02-20 14:21:24.8377 DEBUG RetrieverService.RetrieveAllAsync[ServiceLocation page 316] - Completed in 1912 
2025-02-20 14:21:26.5969 DEBUG RetrieverService.RetrieveAllAsync[ServiceLocation page 317] - Completed in 1759 
2025-02-20 14:21:28.3149 DEBUG RetrieverService.RetrieveAllAsync[ServiceLocation page 318] - Completed in 1716 
2025-02-20 14:21:29.9832 DEBUG RetrieverService.RetrieveAllAsync[ServiceLocation page 319] - Completed in 1668 
2025-02-20 14:21:31.6357 DEBUG RetrieverService.RetrieveAllAsync[ServiceLocation page 320] - Completed in 1652 
2025-02-20 14:21:33.4201 DEBUG RetrieverService.RetrieveAllAsync[ServiceLocation page 321] - Completed in 1783 
2025-02-20 14:21:35.3140 DEBUG RetrieverService.RetrieveAllAsync[ServiceLocation page 322] - Completed in 1893 
2025-02-20 14:21:36.9485 DEBUG RetrieverService.RetrieveAllAsync[ServiceLocation page 323] - Completed in 1634 
2025-02-20 14:21:38.6581 DEBUG RetrieverService.RetrieveAllAsync[ServiceLocation page 324] - Completed in 1708 
2025-02-20 14:21:40.5048 DEBUG RetrieverService.RetrieveAllAsync[ServiceLocation page 325] - Completed in 1846 
2025-02-20 14:21:42.2882 DEBUG RetrieverService.RetrieveAllAsync[ServiceLocation page 326] - Completed in 1782 
2025-02-20 14:21:44.2455 DEBUG RetrieverService.RetrieveAllAsync[ServiceLocation page 327] - Completed in 1957 
2025-02-20 14:21:45.8635 DEBUG RetrieverService.RetrieveAllAsync[ServiceLocation page 328] - Completed in 1617 
2025-02-20 14:21:47.5554 DEBUG RetrieverService.RetrieveAllAsync[ServiceLocation page 329] - Completed in 1692 
2025-02-20 14:21:49.2777 DEBUG RetrieverService.RetrieveAllAsync[ServiceLocation page 330] - Completed in 1721 
2025-02-20 14:21:50.9769 DEBUG RetrieverService.RetrieveAllAsync[ServiceLocation page 331] - Completed in 1698 
2025-02-20 14:21:52.6861 DEBUG RetrieverService.RetrieveAllAsync[ServiceLocation page 332] - Completed in 1709 
2025-02-20 14:21:54.4045 DEBUG RetrieverService.RetrieveAllAsync[ServiceLocation page 333] - Completed in 1718 
2025-02-20 14:21:56.1037 DEBUG RetrieverService.RetrieveAllAsync[ServiceLocation page 334] - Completed in 1698 
2025-02-20 14:21:57.7438 DEBUG RetrieverService.RetrieveAllAsync[ServiceLocation page 335] - Completed in 1639 
2025-02-20 14:21:59.4884 DEBUG RetrieverService.RetrieveAllAsync[ServiceLocation page 336] - Completed in 1744 
2025-02-20 14:22:01.6313 DEBUG RetrieverService.RetrieveAllAsync[ServiceLocation page 337] - Completed in 2142 
2025-02-20 14:22:03.4107 DEBUG RetrieverService.RetrieveAllAsync[ServiceLocation page 338] - Completed in 1779 
2025-02-20 14:22:05.4116 DEBUG RetrieverService.RetrieveAllAsync[ServiceLocation page 339] - Completed in 2000 
2025-02-20 14:22:07.0148 DEBUG RetrieverService.RetrieveAllAsync[ServiceLocation page 340] - Completed in 1602 
2025-02-20 14:22:08.7348 DEBUG RetrieverService.RetrieveAllAsync[ServiceLocation page 341] - Completed in 1719 
2025-02-20 14:22:08.7348 DEBUG RetrieverService.RetrieveAllAsync[ServiceLocation] - Completed in 667922 
2025-02-20 15:24:26.2771 INFO Breakthru Beverage Location Exporter v1.0.1.0 
2025-02-20 15:24:26.3010 INFO      Connecting to RNA Server... 
2025-02-20 15:24:28.6170 DEBUG ConnectionService.InitAsync[Full-Login-Call] - Completed in 2196 
2025-02-20 15:24:28.6370 DEBUG ConnectionService.InitAsync[Query Service Construction] - Completed in 19 
2025-02-20 15:24:30.0330 DEBUG ConnectionService.InitAsync[Retrieve-Regions-Call] - Completed in 1395 
2025-02-20 15:24:30.3454 DEBUG ConnectionService.InitAsync[Retrieve-BusinessUnits-Call] - Completed in 310 
2025-02-20 15:24:30.5811 DEBUG ConnectionService.InitAsync[Retrieve-URLs-Call] - Completed in 235 
2025-02-20 15:24:30.6204 DEBUG ConnectionService.InitAsync - Completed in 4273 
2025-02-20 15:24:30.6458 INFO      Connected Successfully to RNA Server. Elapsed Seconds: 4.3444948 
